{
    "{\"py/object\": \"items.ItemReq\", \"item\": {\"py/object\": \"items.Item\", \"type\": 3, \"id\": \"3-IGANB767\"}, \"quantity\": 1}": "in-queue",
    "{\"py/object\": \"items.ItemReq\", \"item\": {\"py/object\": \"items.Item\", \"type\": 3, \"id\": \"3-VDJAM395\"}, \"quantity\": 1}": "in-queue",
    "{\"py/object\": \"items.ItemReq\", \"item\": {\"py/object\": \"items.Item\", \"type\": 3, \"id\": \"3-GGTRN267\"}, \"quantity\": 1}": "in-queue",
    "{\"py/object\": \"items.ItemReq\", \"item\": {\"py/object\": \"items.Item\", \"type\": 3, \"id\": \"3-YBVXY531\"}, \"quantity\": 1}": "in-queue",
    "{\"py/object\": \"items.ItemReq\", \"item\": {\"py/object\": \"items.Item\", \"type\": 3, \"id\": \"3-GJHTC789\"}, \"quantity\": 1}": "in-queue",
    "{\"py/object\": \"items.ItemReq\", \"item\": {\"py/object\": \"items.Item\", \"type\": 3, \"id\": \"3-MXXXA275\"}, \"quantity\": 1}": "in-queue",
    "{\"py/object\": \"items.ItemReq\", \"item\": {\"py/object\": \"items.Item\", \"type\": 3, \"id\": \"3-QZLEQ497\"}, \"quantity\": 1}": "in-queue",
    "{\"py/object\": \"items.ItemReq\", \"item\": {\"py/object\": \"items.Item\", \"type\": 3, \"id\": \"3-BHBCY677\"}, \"quantity\": 1}": "in-queue",
    "{\"py/object\": \"items.ItemReq\", \"item\": {\"py/object\": \"items.Item\", \"type\": 3, \"id\": \"3-ASRKK933\"}, \"quantity\": 1}": "in-queue",
    "{\"py/object\": \"items.ItemReq\", \"item\": {\"py/object\": \"items.Item\", \"type\": 3, \"id\": \"3-POMKG572\"}, \"quantity\": 1}": "in-queue",
    "{\"py/object\": \"items.ItemReq\", \"item\": {\"py/object\": \"items.Item\", \"type\": 3, \"id\": \"3-IZFOD315\"}, \"quantity\": 1}": "in-queue",
    "{\"py/object\": \"items.ItemReq\", \"item\": {\"py/object\": \"items.Item\", \"type\": 3, \"id\": \"3-GTNFK999\"}, \"quantity\": 1}": "in-queue",
    "{\"py/object\": \"items.ItemReq\", \"item\": {\"py/object\": \"items.Item\", \"type\": 3, \"id\": \"3-OTBDL139\"}, \"quantity\": 1}": "in-queue",
    "{\"py/object\": \"items.ItemReq\", \"item\": {\"py/object\": \"items.Item\", \"type\": 3, \"id\": \"3-JBHUF593\"}, \"quantity\": 1}": "in-queue",
    "{\"py/object\": \"items.ItemReq\", \"item\": {\"py/object\": \"items.Item\", \"type\": 3, \"id\": \"3-IBKCN856\"}, \"quantity\": 1}": "in-queue",
    "{\"py/object\": \"items.ItemReq\", \"item\": {\"py/object\": \"items.Item\", \"type\": 3, \"id\": \"3-PXDUT422\"}, \"quantity\": 1}": "in-queue",
    "{\"py/object\": \"items.ItemReq\", \"item\": {\"py/object\": \"items.Item\", \"type\": 3, \"id\": \"3-EXGIU188\"}, \"quantity\": 1}": "in-queue",
    "{\"py/object\": \"items.ItemReq\", \"item\": {\"py/object\": \"items.Item\", \"type\": 3, \"id\": \"3-YJNDE923\"}, \"quantity\": 1}": "in-queue",
    "{\"py/object\": \"items.ItemReq\", \"item\": {\"py/object\": \"items.Item\", \"type\": 3, \"id\": \"3-INFES947\"}, \"quantity\": 1}": "in-queue",
    "{\"py/object\": \"items.ItemReq\", \"item\": {\"py/object\": \"items.Item\", \"type\": 3, \"id\": \"3-VAZSH863\"}, \"quantity\": 1}": "in-queue",
    "{\"py/object\": \"items.ItemReq\", \"item\": {\"py/object\": \"items.Item\", \"type\": 3, \"id\": \"3-XPKCM898\"}, \"quantity\": 1}": "in-queue",
    "{\"py/object\": \"items.ItemReq\", \"item\": {\"py/object\": \"items.Item\", \"type\": 3, \"id\": \"3-KQVZY551\"}, \"quantity\": 1}": "in-queue",
    "{\"py/object\": \"items.ItemReq\", \"item\": {\"py/object\": \"items.Item\", \"type\": 3, \"id\": \"3-EJLAB463\"}, \"quantity\": 1}": "in-queue",
    "{\"py/object\": \"items.ItemReq\", \"item\": {\"py/object\": \"items.Item\", \"type\": 3, \"id\": \"3-KVURU576\"}, \"quantity\": 1}": "in-queue",
    "{\"py/object\": \"items.ItemReq\", \"item\": {\"py/object\": \"items.Item\", \"type\": 3, \"id\": \"3-VOHIX335\"}, \"quantity\": 1}": "in-queue",
    "{\"py/object\": \"items.ItemReq\", \"item\": {\"py/object\": \"items.Item\", \"type\": 3, \"id\": \"3-ATGJO502\"}, \"quantity\": 1}": "in-queue",
    "{\"py/object\": \"items.ItemReq\", \"item\": {\"py/object\": \"items.Item\", \"type\": 3, \"id\": \"3-OEMZT992\"}, \"quantity\": 1}": "in-queue",
    "{\"py/object\": \"items.ItemReq\", \"item\": {\"py/object\": \"items.Item\", \"type\": 3, \"id\": \"3-EERBV186\"}, \"quantity\": 1}": "in-queue",
    "{\"py/object\": \"items.ItemReq\", \"item\": {\"py/object\": \"items.Item\", \"type\": 3, \"id\": \"3-ZXRUJ179\"}, \"quantity\": 1}": "in-queue",
    "{\"py/object\": \"items.ItemReq\", \"item\": {\"py/object\": \"items.Item\", \"type\": 3, \"id\": \"3-RBJSI465\"}, \"quantity\": 1}": "in-queue",
    "{\"py/object\": \"items.ItemReq\", \"item\": {\"py/object\": \"items.Item\", \"type\": 3, \"id\": \"3-PXWTU483\"}, \"quantity\": 1}": "in-queue",
    "{\"py/object\": \"items.ItemReq\", \"item\": {\"py/object\": \"items.Item\", \"type\": 3, \"id\": \"3-ZMBWS078\"}, \"quantity\": 1}": "in-queue",
    "{\"py/object\": \"items.ItemReq\", \"item\": {\"py/object\": \"items.Item\", \"type\": 3, \"id\": \"3-RSXME299\"}, \"quantity\": 1}": "in-queue",
    "{\"py/object\": \"items.ItemReq\", \"item\": {\"py/object\": \"items.Item\", \"type\": 3, \"id\": \"3-CZRUY448\"}, \"quantity\": 1}": "in-queue",
    "{\"py/object\": \"items.ItemReq\", \"item\": {\"py/object\": \"items.Item\", \"type\": 3, \"id\": \"3-ZGDYS492\"}, \"quantity\": 1}": "in-queue",
    "{\"py/object\": \"items.ItemReq\", \"item\": {\"py/object\": \"items.Item\", \"type\": 3, \"id\": \"3-ZZQZJ959\"}, \"quantity\": 1}": "in-queue",
    "{\"py/object\": \"items.ItemReq\", \"item\": {\"py/object\": \"items.Item\", \"type\": 3, \"id\": \"3-VWUOQ284\"}, \"quantity\": 1}": "in-queue",
    "{\"py/object\": \"items.ItemReq\", \"item\": {\"py/object\": \"items.Item\", \"type\": 3, \"id\": \"3-BQPWP777\"}, \"quantity\": 1}": "in-queue",
    "{\"py/object\": \"items.ItemReq\", \"item\": {\"py/object\": \"items.Item\", \"type\": 3, \"id\": \"3-HTPAP947\"}, \"quantity\": 1}": "in-queue",
    "{\"py/object\": \"items.ItemReq\", \"item\": {\"py/object\": \"items.Item\", \"type\": 3, \"id\": \"3-LLHRD561\"}, \"quantity\": 1}": "in-queue",
    "{\"py/object\": \"items.ItemReq\", \"item\": {\"py/object\": \"items.Item\", \"type\": 3, \"id\": \"3-CVSAR567\"}, \"quantity\": 1}": "in-queue",
    "{\"py/object\": \"items.ItemReq\", \"item\": {\"py/object\": \"items.Item\", \"type\": 3, \"id\": \"3-VXHBD559\"}, \"quantity\": 1}": "in-queue",
    "{\"py/object\": \"items.ItemReq\", \"item\": {\"py/object\": \"items.Item\", \"type\": 3, \"id\": \"3-CQFXW472\"}, \"quantity\": 1}": "in-queue",
    "{\"py/object\": \"items.ItemReq\", \"item\": {\"py/object\": \"items.Item\", \"type\": 3, \"id\": \"3-KTCYN093\"}, \"quantity\": 1}": "in-queue",
    "{\"py/object\": \"items.ItemReq\", \"item\": {\"py/object\": \"items.Item\", \"type\": 3, \"id\": \"3-SUVJD003\"}, \"quantity\": 1}": "in-queue",
    "{\"py/object\": \"items.ItemReq\", \"item\": {\"py/object\": \"items.Item\", \"type\": 3, \"id\": \"3-BLMIU477\"}, \"quantity\": 1}": "in-queue",
    "{\"py/object\": \"items.ItemReq\", \"item\": {\"py/object\": \"items.Item\", \"type\": 3, \"id\": \"3-AGJQE679\"}, \"quantity\": 1}": "in-queue",
    "{\"py/object\": \"items.ItemReq\", \"item\": {\"py/object\": \"items.Item\", \"type\": 3, \"id\": \"3-HBAZO314\"}, \"quantity\": 1}": "in-queue",
    "{\"py/object\": \"items.ItemReq\", \"item\": {\"py/object\": \"items.Item\", \"type\": 3, \"id\": \"3-CDDKJ799\"}, \"quantity\": 1}": "in-queue",
    "{\"py/object\": \"items.ItemReq\", \"item\": {\"py/object\": \"items.Item\", \"type\": 3, \"id\": \"3-RFNDH119\"}, \"quantity\": 1}": "in-queue",
    "{\"py/object\": \"items.ItemReq\", \"item\": {\"py/object\": \"items.Item\", \"type\": 3, \"id\": \"3-OYYNL938\"}, \"quantity\": 1}": "in-queue",
    "{\"py/object\": \"items.ItemReq\", \"item\": {\"py/object\": \"items.Item\", \"type\": 3, \"id\": \"3-VNZYE010\"}, \"quantity\": 1}": "in-queue",
    "{\"py/object\": \"items.ItemReq\", \"item\": {\"py/object\": \"items.Item\", \"type\": 3, \"id\": \"3-MMEHX703\"}, \"quantity\": 1}": "in-queue",
    "{\"py/object\": \"items.ItemReq\", \"item\": {\"py/object\": \"items.Item\", \"type\": 3, \"id\": \"3-BRRZY224\"}, \"quantity\": 1}": "in-queue",
    "{\"py/object\": \"items.ItemReq\", \"item\": {\"py/object\": \"items.Item\", \"type\": 3, \"id\": \"3-PUEYI139\"}, \"quantity\": 1}": "in-queue",
    "{\"py/object\": \"items.ItemReq\", \"item\": {\"py/object\": \"items.Item\", \"type\": 3, \"id\": \"3-DDWFC551\"}, \"quantity\": 1}": "in-queue",
    "{\"py/object\": \"items.ItemReq\", \"item\": {\"py/object\": \"items.Item\", \"type\": 3, \"id\": \"3-BLDVF991\"}, \"quantity\": 1}": "in-queue",
    "{\"py/object\": \"items.ItemReq\", \"item\": {\"py/object\": \"items.Item\", \"type\": 3, \"id\": \"3-RPXOC982\"}, \"quantity\": 1}": "in-queue",
    "{\"py/object\": \"items.ItemReq\", \"item\": {\"py/object\": \"items.Item\", \"type\": 3, \"id\": \"3-DRJVS448\"}, \"quantity\": 1}": "in-queue",
    "{\"py/object\": \"items.ItemReq\", \"item\": {\"py/object\": \"items.Item\", \"type\": 3, \"id\": \"3-CRFVV009\"}, \"quantity\": 1}": "in-queue",
    "{\"py/object\": \"items.ItemReq\", \"item\": {\"py/object\": \"items.Item\", \"type\": 3, \"id\": \"3-BEEYU258\"}, \"quantity\": 1}": "in-queue",
    "{\"py/object\": \"items.ItemReq\", \"item\": {\"py/object\": \"items.Item\", \"type\": 3, \"id\": \"3-CLALA972\"}, \"quantity\": 1}": "in-queue",
    "{\"py/object\": \"items.ItemReq\", \"item\": {\"py/object\": \"items.Item\", \"type\": 3, \"id\": \"3-RDBXZ916\"}, \"quantity\": 1}": "in-queue",
    "{\"py/object\": \"items.ItemReq\", \"item\": {\"py/object\": \"items.Item\", \"type\": 3, \"id\": \"3-KEEOW269\"}, \"quantity\": 1}": "in-queue",
    "{\"py/object\": \"items.ItemReq\", \"item\": {\"py/object\": \"items.Item\", \"type\": 3, \"id\": \"3-DICXI366\"}, \"quantity\": 1}": "in-queue",
    "{\"py/object\": \"items.ItemReq\", \"item\": {\"py/object\": \"items.Item\", \"type\": 3, \"id\": \"3-XAVFA665\"}, \"quantity\": 1}": "in-queue",
    "{\"py/object\": \"items.ItemReq\", \"item\": {\"py/object\": \"items.Item\", \"type\": 3, \"id\": \"3-TKRTR943\"}, \"quantity\": 1}": "in-queue",
    "{\"py/object\": \"items.ItemReq\", \"item\": {\"py/object\": \"items.Item\", \"type\": 3, \"id\": \"3-LQOGL603\"}, \"quantity\": 1}": "in-queue",
    "{\"py/object\": \"items.ItemReq\", \"item\": {\"py/object\": \"items.Item\", \"type\": 3, \"id\": \"3-NHNZW507\"}, \"quantity\": 1}": "in-queue",
    "{\"py/object\": \"items.ItemReq\", \"item\": {\"py/object\": \"items.Item\", \"type\": 3, \"id\": \"3-GVCXE510\"}, \"quantity\": 1}": "in-queue",
    "{\"py/object\": \"items.ItemReq\", \"item\": {\"py/object\": \"items.Item\", \"type\": 3, \"id\": \"3-WZOWB005\"}, \"quantity\": 1}": "in-queue",
    "{\"py/object\": \"items.ItemReq\", \"item\": {\"py/object\": \"items.Item\", \"type\": 3, \"id\": \"3-NDHSY595\"}, \"quantity\": 1}": "in-queue",
    "{\"py/object\": \"items.ItemReq\", \"item\": {\"py/object\": \"items.Item\", \"type\": 3, \"id\": \"3-OHOLQ511\"}, \"quantity\": 1}": "in-queue",
    "{\"py/object\": \"items.ItemReq\", \"item\": {\"py/object\": \"items.Item\", \"type\": 3, \"id\": \"3-INUHJ652\"}, \"quantity\": 1}": "in-queue",
    "{\"py/object\": \"items.ItemReq\", \"item\": {\"py/object\": \"items.Item\", \"type\": 3, \"id\": \"3-LZLUQ194\"}, \"quantity\": 1}": "in-queue",
    "{\"py/object\": \"items.ItemReq\", \"item\": {\"py/object\": \"items.Item\", \"type\": 3, \"id\": \"3-AWDJU002\"}, \"quantity\": 1}": "in-queue",
    "{\"py/object\": \"items.ItemReq\", \"item\": {\"py/object\": \"items.Item\", \"type\": 3, \"id\": \"3-THVNG196\"}, \"quantity\": 1}": "in-queue",
    "{\"py/object\": \"items.ItemReq\", \"item\": {\"py/object\": \"items.Item\", \"type\": 3, \"id\": \"3-HRDZY150\"}, \"quantity\": 1}": "in-queue",
    "{\"py/object\": \"items.ItemReq\", \"item\": {\"py/object\": \"items.Item\", \"type\": 3, \"id\": \"3-FVZBR387\"}, \"quantity\": 1}": "in-queue",
    "{\"py/object\": \"items.ItemReq\", \"item\": {\"py/object\": \"items.Item\", \"type\": 3, \"id\": \"3-HTKTQ757\"}, \"quantity\": 1}": "in-queue",
    "{\"py/object\": \"items.ItemReq\", \"item\": {\"py/object\": \"items.Item\", \"type\": 3, \"id\": \"3-DXBVR094\"}, \"quantity\": 1}": "in-queue",
    "{\"py/object\": \"items.ItemReq\", \"item\": {\"py/object\": \"items.Item\", \"type\": 3, \"id\": \"3-FNSLK324\"}, \"quantity\": 1}": "in-queue",
    "{\"py/object\": \"items.ItemReq\", \"item\": {\"py/object\": \"items.Item\", \"type\": 3, \"id\": \"3-YMWQB101\"}, \"quantity\": 1}": "in-queue",
    "{\"py/object\": \"items.ItemReq\", \"item\": {\"py/object\": \"items.Item\", \"type\": 3, \"id\": \"3-LJBIA366\"}, \"quantity\": 1}": "in-queue",
    "{\"py/object\": \"items.ItemReq\", \"item\": {\"py/object\": \"items.Item\", \"type\": 3, \"id\": \"3-DUMGY711\"}, \"quantity\": 1}": "in-queue",
    "{\"py/object\": \"items.ItemReq\", \"item\": {\"py/object\": \"items.Item\", \"type\": 3, \"id\": \"3-WGNVK227\"}, \"quantity\": 1}": "in-queue",
    "{\"py/object\": \"items.ItemReq\", \"item\": {\"py/object\": \"items.Item\", \"type\": 3, \"id\": \"3-SWECG676\"}, \"quantity\": 1}": "in-queue",
    "{\"py/object\": \"items.ItemReq\", \"item\": {\"py/object\": \"items.Item\", \"type\": 3, \"id\": \"3-SIWCY472\"}, \"quantity\": 1}": "in-queue",
    "{\"py/object\": \"items.ItemReq\", \"item\": {\"py/object\": \"items.Item\", \"type\": 3, \"id\": \"3-WVMME918\"}, \"quantity\": 1}": "in-queue",
    "{\"py/object\": \"items.ItemReq\", \"item\": {\"py/object\": \"items.Item\", \"type\": 3, \"id\": \"3-DHCDZ467\"}, \"quantity\": 1}": "in-queue",
    "{\"py/object\": \"items.ItemReq\", \"item\": {\"py/object\": \"items.Item\", \"type\": 3, \"id\": \"3-STNDM715\"}, \"quantity\": 1}": "in-queue",
    "{\"py/object\": \"items.ItemReq\", \"item\": {\"py/object\": \"items.Item\", \"type\": 3, \"id\": \"3-RSKXP630\"}, \"quantity\": 1}": "in-queue",
    "{\"py/object\": \"items.ItemReq\", \"item\": {\"py/object\": \"items.Item\", \"type\": 3, \"id\": \"3-PLRHQ134\"}, \"quantity\": 1}": "in-queue",
    "{\"py/object\": \"items.ItemReq\", \"item\": {\"py/object\": \"items.Item\", \"type\": 3, \"id\": \"3-LRTFX254\"}, \"quantity\": 1}": "in-queue",
    "{\"py/object\": \"items.ItemReq\", \"item\": {\"py/object\": \"items.Item\", \"type\": 3, \"id\": \"3-GNCTT483\"}, \"quantity\": 1}": "in-queue",
    "{\"py/object\": \"items.ItemReq\", \"item\": {\"py/object\": \"items.Item\", \"type\": 3, \"id\": \"3-FJJWZ759\"}, \"quantity\": 1}": "in-queue",
    "{\"py/object\": \"items.ItemReq\", \"item\": {\"py/object\": \"items.Item\", \"type\": 3, \"id\": \"3-SVUKT152\"}, \"quantity\": 1}": "in-queue",
    "{\"py/object\": \"items.ItemReq\", \"item\": {\"py/object\": \"items.Item\", \"type\": 3, \"id\": \"3-HXDRE329\"}, \"quantity\": 1}": "in-queue",
    "{\"py/object\": \"items.ItemReq\", \"item\": {\"py/object\": \"items.Item\", \"type\": 3, \"id\": \"3-GBPQT948\"}, \"quantity\": 1}": "in-queue",
    "{\"py/object\": \"items.ItemReq\", \"item\": {\"py/object\": \"items.Item\", \"type\": 3, \"id\": \"3-JAJCM327\"}, \"quantity\": 1}": "in-queue",
    "{\"py/object\": \"items.ItemReq\", \"item\": {\"py/object\": \"items.Item\", \"type\": 3, \"id\": \"3-OGAMQ910\"}, \"quantity\": 1}": "in-queue",
    "{\"py/object\": \"items.ItemReq\", \"item\": {\"py/object\": \"items.Item\", \"type\": 3, \"id\": \"3-ZHQWD463\"}, \"quantity\": 1}": "in-queue",
    "{\"py/object\": \"items.ItemReq\", \"item\": {\"py/object\": \"items.Item\", \"type\": 3, \"id\": \"3-TJZIF874\"}, \"quantity\": 1}": "in-queue",
    "{\"py/object\": \"items.ItemReq\", \"item\": {\"py/object\": \"items.Item\", \"type\": 3, \"id\": \"3-APZKX123\"}, \"quantity\": 1}": "in-queue",
    "{\"py/object\": \"items.ItemReq\", \"item\": {\"py/object\": \"items.Item\", \"type\": 3, \"id\": \"3-CGTIX767\"}, \"quantity\": 1}": "in-queue",
    "{\"py/object\": \"items.ItemReq\", \"item\": {\"py/object\": \"items.Item\", \"type\": 3, \"id\": \"3-WLWHR996\"}, \"quantity\": 1}": "in-queue",
    "{\"py/object\": \"items.ItemReq\", \"item\": {\"py/object\": \"items.Item\", \"type\": 3, \"id\": \"3-XNKZY887\"}, \"quantity\": 1}": "in-queue",
    "{\"py/object\": \"items.ItemReq\", \"item\": {\"py/object\": \"items.Item\", \"type\": 3, \"id\": \"3-FVTID888\"}, \"quantity\": 1}": "in-queue",
    "{\"py/object\": \"items.ItemReq\", \"item\": {\"py/object\": \"items.Item\", \"type\": 3, \"id\": \"3-PWDGG176\"}, \"quantity\": 1}": "in-queue",
    "{\"py/object\": \"items.ItemReq\", \"item\": {\"py/object\": \"items.Item\", \"type\": 3, \"id\": \"3-GRQGZ006\"}, \"quantity\": 1}": "in-queue",
    "{\"py/object\": \"items.ItemReq\", \"item\": {\"py/object\": \"items.Item\", \"type\": 3, \"id\": \"3-RJOPT787\"}, \"quantity\": 1}": "in-queue",
    "{\"py/object\": \"items.ItemReq\", \"item\": {\"py/object\": \"items.Item\", \"type\": 3, \"id\": \"3-ZDZJU198\"}, \"quantity\": 1}": "in-queue",
    "{\"py/object\": \"items.ItemReq\", \"item\": {\"py/object\": \"items.Item\", \"type\": 3, \"id\": \"3-OARRS830\"}, \"quantity\": 1}": "in-queue",
    "{\"py/object\": \"items.ItemReq\", \"item\": {\"py/object\": \"items.Item\", \"type\": 3, \"id\": \"3-BYCFM418\"}, \"quantity\": 1}": "in-queue",
    "{\"py/object\": \"items.ItemReq\", \"item\": {\"py/object\": \"items.Item\", \"type\": 3, \"id\": \"3-NYEFU771\"}, \"quantity\": 1}": "in-queue",
    "{\"py/object\": \"items.ItemReq\", \"item\": {\"py/object\": \"items.Item\", \"type\": 3, \"id\": \"3-QPCSO115\"}, \"quantity\": 1}": "in-queue",
    "{\"py/object\": \"items.ItemReq\", \"item\": {\"py/object\": \"items.Item\", \"type\": 3, \"id\": \"3-MQUSZ499\"}, \"quantity\": 1}": "in-queue",
    "{\"py/object\": \"items.ItemReq\", \"item\": {\"py/object\": \"items.Item\", \"type\": 3, \"id\": \"3-MFNJA654\"}, \"quantity\": 1}": "in-queue",
    "{\"py/object\": \"items.ItemReq\", \"item\": {\"py/object\": \"items.Item\", \"type\": 3, \"id\": \"3-GQAHS561\"}, \"quantity\": 1}": "in-queue",
    "{\"py/object\": \"items.ItemReq\", \"item\": {\"py/object\": \"items.Item\", \"type\": 3, \"id\": \"3-KUGBK494\"}, \"quantity\": 1}": "in-queue",
    "{\"py/object\": \"items.ItemReq\", \"item\": {\"py/object\": \"items.Item\", \"type\": 3, \"id\": \"3-XMPVE811\"}, \"quantity\": 1}": "in-queue",
    "{\"py/object\": \"items.ItemReq\", \"item\": {\"py/object\": \"items.Item\", \"type\": 3, \"id\": \"3-GNZKX649\"}, \"quantity\": 1}": "in-queue",
    "{\"py/object\": \"items.ItemReq\", \"item\": {\"py/object\": \"items.Item\", \"type\": 3, \"id\": \"3-YVWRM679\"}, \"quantity\": 1}": "in-queue",
    "{\"py/object\": \"items.ItemReq\", \"item\": {\"py/object\": \"items.Item\", \"type\": 3, \"id\": \"3-EQTHS794\"}, \"quantity\": 1}": "in-queue",
    "{\"py/object\": \"items.ItemReq\", \"item\": {\"py/object\": \"items.Item\", \"type\": 3, \"id\": \"3-HURWJ441\"}, \"quantity\": 1}": "in-queue",
    "{\"py/object\": \"items.ItemReq\", \"item\": {\"py/object\": \"items.Item\", \"type\": 3, \"id\": \"3-ZKZVQ257\"}, \"quantity\": 1}": "in-queue",
    "{\"py/object\": \"items.ItemReq\", \"item\": {\"py/object\": \"items.Item\", \"type\": 3, \"id\": \"3-FMVPR337\"}, \"quantity\": 1}": "in-queue",
    "{\"py/object\": \"items.ItemReq\", \"item\": {\"py/object\": \"items.Item\", \"type\": 3, \"id\": \"3-HBDON325\"}, \"quantity\": 1}": "in-queue",
    "{\"py/object\": \"items.ItemReq\", \"item\": {\"py/object\": \"items.Item\", \"type\": 3, \"id\": \"3-BCLDJ086\"}, \"quantity\": 1}": "in-queue",
    "{\"py/object\": \"items.ItemReq\", \"item\": {\"py/object\": \"items.Item\", \"type\": 3, \"id\": \"3-MUCNT041\"}, \"quantity\": 1}": "in-queue",
    "{\"py/object\": \"items.ItemReq\", \"item\": {\"py/object\": \"items.Item\", \"type\": 3, \"id\": \"3-NCWRX799\"}, \"quantity\": 1}": "in-queue",
    "{\"py/object\": \"items.ItemReq\", \"item\": {\"py/object\": \"items.Item\", \"type\": 3, \"id\": \"3-DJDST928\"}, \"quantity\": 1}": "in-queue",
    "{\"py/object\": \"items.ItemReq\", \"item\": {\"py/object\": \"items.Item\", \"type\": 3, \"id\": \"3-QOENE735\"}, \"quantity\": 1}": "in-queue",
    "{\"py/object\": \"items.ItemReq\", \"item\": {\"py/object\": \"items.Item\", \"type\": 3, \"id\": \"3-ZTWLG610\"}, \"quantity\": 1}": "in-queue",
    "{\"py/object\": \"items.ItemReq\", \"item\": {\"py/object\": \"items.Item\", \"type\": 3, \"id\": \"3-ZIRCU517\"}, \"quantity\": 1}": "in-queue",
    "{\"py/object\": \"items.ItemReq\", \"item\": {\"py/object\": \"items.Item\", \"type\": 3, \"id\": \"3-DAPVZ609\"}, \"quantity\": 1}": "in-queue",
    "{\"py/object\": \"items.ItemReq\", \"item\": {\"py/object\": \"items.Item\", \"type\": 3, \"id\": \"3-VISNA232\"}, \"quantity\": 1}": "in-queue",
    "{\"py/object\": \"items.ItemReq\", \"item\": {\"py/object\": \"items.Item\", \"type\": 3, \"id\": \"3-THDAK512\"}, \"quantity\": 1}": "in-queue",
    "{\"py/object\": \"items.ItemReq\", \"item\": {\"py/object\": \"items.Item\", \"type\": 3, \"id\": \"3-DCCHJ634\"}, \"quantity\": 1}": "in-queue",
    "{\"py/object\": \"items.ItemReq\", \"item\": {\"py/object\": \"items.Item\", \"type\": 3, \"id\": \"3-BJGLR757\"}, \"quantity\": 1}": "in-queue",
    "{\"py/object\": \"items.ItemReq\", \"item\": {\"py/object\": \"items.Item\", \"type\": 3, \"id\": \"3-SCNOJ569\"}, \"quantity\": 1}": "in-queue",
    "{\"py/object\": \"items.ItemReq\", \"item\": {\"py/object\": \"items.Item\", \"type\": 3, \"id\": \"3-UDCBO947\"}, \"quantity\": 1}": "in-queue",
    "{\"py/object\": \"items.ItemReq\", \"item\": {\"py/object\": \"items.Item\", \"type\": 3, \"id\": \"3-XTXLD672\"}, \"quantity\": 1}": "in-queue",
    "{\"py/object\": \"items.ItemReq\", \"item\": {\"py/object\": \"items.Item\", \"type\": 3, \"id\": \"3-PQFON316\"}, \"quantity\": 1}": "in-queue",
    "{\"py/object\": \"items.ItemReq\", \"item\": {\"py/object\": \"items.Item\", \"type\": 3, \"id\": \"3-YHHFL625\"}, \"quantity\": 1}": "in-queue",
    "{\"py/object\": \"items.ItemReq\", \"item\": {\"py/object\": \"items.Item\", \"type\": 3, \"id\": \"3-NFNTB503\"}, \"quantity\": 1}": "in-queue",
    "{\"py/object\": \"items.ItemReq\", \"item\": {\"py/object\": \"items.Item\", \"type\": 3, \"id\": \"3-PEDLE792\"}, \"quantity\": 1}": "in-queue",
    "{\"py/object\": \"items.ItemReq\", \"item\": {\"py/object\": \"items.Item\", \"type\": 3, \"id\": \"3-QLBEK161\"}, \"quantity\": 1}": "in-queue",
    "{\"py/object\": \"items.ItemReq\", \"item\": {\"py/object\": \"items.Item\", \"type\": 3, \"id\": \"3-OAPWY087\"}, \"quantity\": 1}": "in-queue",
    "{\"py/object\": \"items.ItemReq\", \"item\": {\"py/object\": \"items.Item\", \"type\": 3, \"id\": \"3-IMVRW635\"}, \"quantity\": 1}": "in-queue",
    "{\"py/object\": \"items.ItemReq\", \"item\": {\"py/object\": \"items.Item\", \"type\": 3, \"id\": \"3-JFRSJ342\"}, \"quantity\": 1}": "in-queue",
    "{\"py/object\": \"items.ItemReq\", \"item\": {\"py/object\": \"items.Item\", \"type\": 3, \"id\": \"3-SHXUF967\"}, \"quantity\": 1}": "in-queue",
    "{\"py/object\": \"items.ItemReq\", \"item\": {\"py/object\": \"items.Item\", \"type\": 3, \"id\": \"3-FMIPJ372\"}, \"quantity\": 1}": "in-queue",
    "{\"py/object\": \"items.ItemReq\", \"item\": {\"py/object\": \"items.Item\", \"type\": 3, \"id\": \"3-CJXXE476\"}, \"quantity\": 1}": "in-queue",
    "{\"py/object\": \"items.ItemReq\", \"item\": {\"py/object\": \"items.Item\", \"type\": 3, \"id\": \"3-FKXHC108\"}, \"quantity\": 1}": "in-queue",
    "{\"py/object\": \"items.ItemReq\", \"item\": {\"py/object\": \"items.Item\", \"type\": 3, \"id\": \"3-ADIWE706\"}, \"quantity\": 1}": "in-queue",
    "{\"py/object\": \"items.ItemReq\", \"item\": {\"py/object\": \"items.Item\", \"type\": 3, \"id\": \"3-GRZMP236\"}, \"quantity\": 1}": "in-queue",
    "{\"py/object\": \"items.ItemReq\", \"item\": {\"py/object\": \"items.Item\", \"type\": 3, \"id\": \"3-SHUOB543\"}, \"quantity\": 1}": "in-queue",
    "{\"py/object\": \"items.ItemReq\", \"item\": {\"py/object\": \"items.Item\", \"type\": 3, \"id\": \"3-NTWGT105\"}, \"quantity\": 1}": "in-queue",
    "{\"py/object\": \"items.ItemReq\", \"item\": {\"py/object\": \"items.Item\", \"type\": 3, \"id\": \"3-UPMPF985\"}, \"quantity\": 1}": "in-queue",
    "{\"py/object\": \"items.ItemReq\", \"item\": {\"py/object\": \"items.Item\", \"type\": 3, \"id\": \"3-CUQHK248\"}, \"quantity\": 1}": "in-queue",
    "{\"py/object\": \"items.ItemReq\", \"item\": {\"py/object\": \"items.Item\", \"type\": 3, \"id\": \"3-HBGIT377\"}, \"quantity\": 1}": "in-queue",
    "{\"py/object\": \"items.ItemReq\", \"item\": {\"py/object\": \"items.Item\", \"type\": 3, \"id\": \"3-JZVQP609\"}, \"quantity\": 1}": "in-queue",
    "{\"py/object\": \"items.ItemReq\", \"item\": {\"py/object\": \"items.Item\", \"type\": 3, \"id\": \"3-REGGP149\"}, \"quantity\": 1}": "in-queue",
    "{\"py/object\": \"items.ItemReq\", \"item\": {\"py/object\": \"items.Item\", \"type\": 3, \"id\": \"3-FQLFD354\"}, \"quantity\": 1}": "in-queue",
    "{\"py/object\": \"items.ItemReq\", \"item\": {\"py/object\": \"items.Item\", \"type\": 3, \"id\": \"3-XIMWP461\"}, \"quantity\": 1}": "in-queue",
    "{\"py/object\": \"items.ItemReq\", \"item\": {\"py/object\": \"items.Item\", \"type\": 3, \"id\": \"3-TAQEY282\"}, \"quantity\": 1}": "in-queue",
    "{\"py/object\": \"items.ItemReq\", \"item\": {\"py/object\": \"items.Item\", \"type\": 3, \"id\": \"3-TZSYE076\"}, \"quantity\": 1}": "in-queue",
    "{\"py/object\": \"items.ItemReq\", \"item\": {\"py/object\": \"items.Item\", \"type\": 3, \"id\": \"3-XMESN807\"}, \"quantity\": 1}": "in-queue",
    "{\"py/object\": \"items.ItemReq\", \"item\": {\"py/object\": \"items.Item\", \"type\": 3, \"id\": \"3-LSNQB036\"}, \"quantity\": 1}": "in-queue",
    "{\"py/object\": \"items.ItemReq\", \"item\": {\"py/object\": \"items.Item\", \"type\": 3, \"id\": \"3-OOEHQ630\"}, \"quantity\": 1}": "in-queue",
    "{\"py/object\": \"items.ItemReq\", \"item\": {\"py/object\": \"items.Item\", \"type\": 3, \"id\": \"3-ZCCBC814\"}, \"quantity\": 1}": "in-queue",
    "{\"py/object\": \"items.ItemReq\", \"item\": {\"py/object\": \"items.Item\", \"type\": 3, \"id\": \"3-EYEVD586\"}, \"quantity\": 1}": "in-queue",
    "{\"py/object\": \"items.ItemReq\", \"item\": {\"py/object\": \"items.Item\", \"type\": 3, \"id\": \"3-ZUVGI634\"}, \"quantity\": 1}": "in-queue",
    "{\"py/object\": \"items.ItemReq\", \"item\": {\"py/object\": \"items.Item\", \"type\": 3, \"id\": \"3-DXVDU520\"}, \"quantity\": 1}": "in-queue",
    "{\"py/object\": \"items.ItemReq\", \"item\": {\"py/object\": \"items.Item\", \"type\": 3, \"id\": \"3-NLKMV385\"}, \"quantity\": 1}": "in-queue",
    "{\"py/object\": \"items.ItemReq\", \"item\": {\"py/object\": \"items.Item\", \"type\": 3, \"id\": \"3-WPRZV598\"}, \"quantity\": 1}": "in-queue",
    "{\"py/object\": \"items.ItemReq\", \"item\": {\"py/object\": \"items.Item\", \"type\": 3, \"id\": \"3-GTSAO227\"}, \"quantity\": 1}": "in-queue",
    "{\"py/object\": \"items.ItemReq\", \"item\": {\"py/object\": \"items.Item\", \"type\": 3, \"id\": \"3-CDDWC495\"}, \"quantity\": 1}": "in-queue",
    "{\"py/object\": \"items.ItemReq\", \"item\": {\"py/object\": \"items.Item\", \"type\": 3, \"id\": \"3-CEYJI738\"}, \"quantity\": 1}": "in-queue",
    "{\"py/object\": \"items.ItemReq\", \"item\": {\"py/object\": \"items.Item\", \"type\": 3, \"id\": \"3-FNONM277\"}, \"quantity\": 1}": "in-queue",
    "{\"py/object\": \"items.ItemReq\", \"item\": {\"py/object\": \"items.Item\", \"type\": 3, \"id\": \"3-PSGDQ330\"}, \"quantity\": 1}": "in-queue",
    "{\"py/object\": \"items.ItemReq\", \"item\": {\"py/object\": \"items.Item\", \"type\": 3, \"id\": \"3-TTZND754\"}, \"quantity\": 1}": "in-queue",
    "{\"py/object\": \"items.ItemReq\", \"item\": {\"py/object\": \"items.Item\", \"type\": 3, \"id\": \"3-FSLIB790\"}, \"quantity\": 1}": "in-queue",
    "{\"py/object\": \"items.ItemReq\", \"item\": {\"py/object\": \"items.Item\", \"type\": 3, \"id\": \"3-DUKEF574\"}, \"quantity\": 1}": "in-queue",
    "{\"py/object\": \"items.ItemReq\", \"item\": {\"py/object\": \"items.Item\", \"type\": 3, \"id\": \"3-DBCCP276\"}, \"quantity\": 1}": "in-queue",
    "{\"py/object\": \"items.ItemReq\", \"item\": {\"py/object\": \"items.Item\", \"type\": 3, \"id\": \"3-QXBDS236\"}, \"quantity\": 1}": "in-queue",
    "{\"py/object\": \"items.ItemReq\", \"item\": {\"py/object\": \"items.Item\", \"type\": 3, \"id\": \"3-TZMSX396\"}, \"quantity\": 1}": "in-queue",
    "{\"py/object\": \"items.ItemReq\", \"item\": {\"py/object\": \"items.Item\", \"type\": 3, \"id\": \"3-VAECX143\"}, \"quantity\": 1}": "in-queue",
    "{\"py/object\": \"items.ItemReq\", \"item\": {\"py/object\": \"items.Item\", \"type\": 3, \"id\": \"3-GSGWA680\"}, \"quantity\": 1}": "in-queue",
    "{\"py/object\": \"items.ItemReq\", \"item\": {\"py/object\": \"items.Item\", \"type\": 3, \"id\": \"3-HQVWM693\"}, \"quantity\": 1}": "in-queue",
    "{\"py/object\": \"items.ItemReq\", \"item\": {\"py/object\": \"items.Item\", \"type\": 3, \"id\": \"3-TPLIT829\"}, \"quantity\": 1}": "in-queue",
    "{\"py/object\": \"items.ItemReq\", \"item\": {\"py/object\": \"items.Item\", \"type\": 3, \"id\": \"3-LBOTT216\"}, \"quantity\": 1}": "in-queue",
    "{\"py/object\": \"items.ItemReq\", \"item\": {\"py/object\": \"items.Item\", \"type\": 3, \"id\": \"3-DVZEJ317\"}, \"quantity\": 1}": "in-queue",
    "{\"py/object\": \"items.ItemReq\", \"item\": {\"py/object\": \"items.Item\", \"type\": 3, \"id\": \"3-AWOVM229\"}, \"quantity\": 1}": "in-queue",
    "{\"py/object\": \"items.ItemReq\", \"item\": {\"py/object\": \"items.Item\", \"type\": 3, \"id\": \"3-AYILG048\"}, \"quantity\": 1}": "in-queue",
    "{\"py/object\": \"items.ItemReq\", \"item\": {\"py/object\": \"items.Item\", \"type\": 3, \"id\": \"3-WMQEE142\"}, \"quantity\": 1}": "in-queue",
    "{\"py/object\": \"items.ItemReq\", \"item\": {\"py/object\": \"items.Item\", \"type\": 3, \"id\": \"3-ADUHJ498\"}, \"quantity\": 1}": "in-queue",
    "{\"py/object\": \"items.ItemReq\", \"item\": {\"py/object\": \"items.Item\", \"type\": 3, \"id\": \"3-MMAQX450\"}, \"quantity\": 1}": "in-queue",
    "{\"py/object\": \"items.ItemReq\", \"item\": {\"py/object\": \"items.Item\", \"type\": 3, \"id\": \"3-ZIOAQ555\"}, \"quantity\": 1}": "in-queue",
    "{\"py/object\": \"items.ItemReq\", \"item\": {\"py/object\": \"items.Item\", \"type\": 3, \"id\": \"3-NXACD754\"}, \"quantity\": 1}": "in-queue",
    "{\"py/object\": \"items.ItemReq\", \"item\": {\"py/object\": \"items.Item\", \"type\": 3, \"id\": \"3-DAYOS391\"}, \"quantity\": 1}": "in-queue",
    "{\"py/object\": \"items.ItemReq\", \"item\": {\"py/object\": \"items.Item\", \"type\": 3, \"id\": \"3-GTNPT632\"}, \"quantity\": 1}": "in-queue",
    "{\"py/object\": \"items.ItemReq\", \"item\": {\"py/object\": \"items.Item\", \"type\": 3, \"id\": \"3-RFXGM559\"}, \"quantity\": 1}": "in-queue",
    "{\"py/object\": \"items.ItemReq\", \"item\": {\"py/object\": \"items.Item\", \"type\": 3, \"id\": \"3-OZQMK626\"}, \"quantity\": 1}": "in-queue",
    "{\"py/object\": \"items.ItemReq\", \"item\": {\"py/object\": \"items.Item\", \"type\": 3, \"id\": \"3-KGVVU651\"}, \"quantity\": 1}": "in-queue",
    "{\"py/object\": \"items.ItemReq\", \"item\": {\"py/object\": \"items.Item\", \"type\": 3, \"id\": \"3-ZRGAW317\"}, \"quantity\": 1}": "in-queue",
    "{\"py/object\": \"items.ItemReq\", \"item\": {\"py/object\": \"items.Item\", \"type\": 3, \"id\": \"3-CJZHI782\"}, \"quantity\": 1}": "in-queue",
    "{\"py/object\": \"items.ItemReq\", \"item\": {\"py/object\": \"items.Item\", \"type\": 3, \"id\": \"3-KMXSQ736\"}, \"quantity\": 1}": "in-queue",
    "{\"py/object\": \"items.ItemReq\", \"item\": {\"py/object\": \"items.Item\", \"type\": 3, \"id\": \"3-NJSCT306\"}, \"quantity\": 1}": "in-queue",
    "{\"py/object\": \"items.ItemReq\", \"item\": {\"py/object\": \"items.Item\", \"type\": 3, \"id\": \"3-QFGKA429\"}, \"quantity\": 1}": "in-queue",
    "{\"py/object\": \"items.ItemReq\", \"item\": {\"py/object\": \"items.Item\", \"type\": 3, \"id\": \"3-ZIHRR221\"}, \"quantity\": 1}": "in-queue",
    "{\"py/object\": \"items.ItemReq\", \"item\": {\"py/object\": \"items.Item\", \"type\": 3, \"id\": \"3-AGQBQ645\"}, \"quantity\": 1}": "in-queue",
    "{\"py/object\": \"items.ItemReq\", \"item\": {\"py/object\": \"items.Item\", \"type\": 3, \"id\": \"3-OJCAN953\"}, \"quantity\": 1}": "in-queue",
    "{\"py/object\": \"items.ItemReq\", \"item\": {\"py/object\": \"items.Item\", \"type\": 3, \"id\": \"3-PQSFP654\"}, \"quantity\": 1}": "in-queue",
    "{\"py/object\": \"items.ItemReq\", \"item\": {\"py/object\": \"items.Item\", \"type\": 3, \"id\": \"3-LQHNR095\"}, \"quantity\": 1}": "in-queue",
    "{\"py/object\": \"items.ItemReq\", \"item\": {\"py/object\": \"items.Item\", \"type\": 3, \"id\": \"3-FOJXF221\"}, \"quantity\": 1}": "in-queue",
    "{\"py/object\": \"items.ItemReq\", \"item\": {\"py/object\": \"items.Item\", \"type\": 3, \"id\": \"3-EONBT731\"}, \"quantity\": 1}": "in-queue",
    "{\"py/object\": \"items.ItemReq\", \"item\": {\"py/object\": \"items.Item\", \"type\": 3, \"id\": \"3-LIIHY756\"}, \"quantity\": 1}": "in-queue",
    "{\"py/object\": \"items.ItemReq\", \"item\": {\"py/object\": \"items.Item\", \"type\": 3, \"id\": \"3-KADCU578\"}, \"quantity\": 1}": "in-queue",
    "{\"py/object\": \"items.ItemReq\", \"item\": {\"py/object\": \"items.Item\", \"type\": 3, \"id\": \"3-BAQXK271\"}, \"quantity\": 1}": "in-queue",
    "{\"py/object\": \"items.ItemReq\", \"item\": {\"py/object\": \"items.Item\", \"type\": 3, \"id\": \"3-GEWHF202\"}, \"quantity\": 1}": "in-queue",
    "{\"py/object\": \"items.ItemReq\", \"item\": {\"py/object\": \"items.Item\", \"type\": 3, \"id\": \"3-CNSYC839\"}, \"quantity\": 1}": "in-queue",
    "{\"py/object\": \"items.ItemReq\", \"item\": {\"py/object\": \"items.Item\", \"type\": 3, \"id\": \"3-EFYPD421\"}, \"quantity\": 1}": "in-queue",
    "{\"py/object\": \"items.ItemReq\", \"item\": {\"py/object\": \"items.Item\", \"type\": 3, \"id\": \"3-GYSVY823\"}, \"quantity\": 1}": "in-queue",
    "{\"py/object\": \"items.ItemReq\", \"item\": {\"py/object\": \"items.Item\", \"type\": 3, \"id\": \"3-PWTUZ567\"}, \"quantity\": 1}": "in-queue",
    "{\"py/object\": \"items.ItemReq\", \"item\": {\"py/object\": \"items.Item\", \"type\": 3, \"id\": \"3-XIMOT281\"}, \"quantity\": 1}": "in-queue",
    "{\"py/object\": \"items.ItemReq\", \"item\": {\"py/object\": \"items.Item\", \"type\": 3, \"id\": \"3-IJOIC840\"}, \"quantity\": 1}": "in-queue",
    "{\"py/object\": \"items.ItemReq\", \"item\": {\"py/object\": \"items.Item\", \"type\": 3, \"id\": \"3-RFKTY745\"}, \"quantity\": 1}": "in-queue",
    "{\"py/object\": \"items.ItemReq\", \"item\": {\"py/object\": \"items.Item\", \"type\": 3, \"id\": \"3-WRZQO089\"}, \"quantity\": 1}": "in-queue",
    "{\"py/object\": \"items.ItemReq\", \"item\": {\"py/object\": \"items.Item\", \"type\": 3, \"id\": \"3-QAJUN165\"}, \"quantity\": 1}": "in-queue",
    "{\"py/object\": \"items.ItemReq\", \"item\": {\"py/object\": \"items.Item\", \"type\": 3, \"id\": \"3-ZPJUG568\"}, \"quantity\": 1}": "in-queue",
    "{\"py/object\": \"items.ItemReq\", \"item\": {\"py/object\": \"items.Item\", \"type\": 3, \"id\": \"3-FSEPR913\"}, \"quantity\": 1}": "in-queue",
    "{\"py/object\": \"items.ItemReq\", \"item\": {\"py/object\": \"items.Item\", \"type\": 3, \"id\": \"3-HMJRG850\"}, \"quantity\": 1}": "in-queue",
    "{\"py/object\": \"items.ItemReq\", \"item\": {\"py/object\": \"items.Item\", \"type\": 3, \"id\": \"3-DDZYC464\"}, \"quantity\": 1}": "in-queue",
    "{\"py/object\": \"items.ItemReq\", \"item\": {\"py/object\": \"items.Item\", \"type\": 3, \"id\": \"3-SOJXO511\"}, \"quantity\": 1}": "in-queue",
    "{\"py/object\": \"items.ItemReq\", \"item\": {\"py/object\": \"items.Item\", \"type\": 3, \"id\": \"3-ANMMX215\"}, \"quantity\": 1}": "in-queue",
    "{\"py/object\": \"items.ItemReq\", \"item\": {\"py/object\": \"items.Item\", \"type\": 3, \"id\": \"3-QPMGG923\"}, \"quantity\": 1}": "in-queue",
    "{\"py/object\": \"items.ItemReq\", \"item\": {\"py/object\": \"items.Item\", \"type\": 3, \"id\": \"3-HMJGN240\"}, \"quantity\": 1}": "in-queue",
    "{\"py/object\": \"items.ItemReq\", \"item\": {\"py/object\": \"items.Item\", \"type\": 3, \"id\": \"3-YIQCG329\"}, \"quantity\": 1}": "in-queue",
    "{\"py/object\": \"items.ItemReq\", \"item\": {\"py/object\": \"items.Item\", \"type\": 3, \"id\": \"3-DDUCO124\"}, \"quantity\": 1}": "in-queue",
    "{\"py/object\": \"items.ItemReq\", \"item\": {\"py/object\": \"items.Item\", \"type\": 3, \"id\": \"3-MCIFM026\"}, \"quantity\": 1}": "in-queue",
    "{\"py/object\": \"items.ItemReq\", \"item\": {\"py/object\": \"items.Item\", \"type\": 3, \"id\": \"3-SIJTD855\"}, \"quantity\": 1}": "in-queue",
    "{\"py/object\": \"items.ItemReq\", \"item\": {\"py/object\": \"items.Item\", \"type\": 3, \"id\": \"3-GAHWM278\"}, \"quantity\": 1}": "in-queue",
    "{\"py/object\": \"items.ItemReq\", \"item\": {\"py/object\": \"items.Item\", \"type\": 3, \"id\": \"3-BFXHI260\"}, \"quantity\": 1}": "in-queue",
    "{\"py/object\": \"items.ItemReq\", \"item\": {\"py/object\": \"items.Item\", \"type\": 3, \"id\": \"3-PEQXO045\"}, \"quantity\": 1}": "in-queue",
    "{\"py/object\": \"items.ItemReq\", \"item\": {\"py/object\": \"items.Item\", \"type\": 3, \"id\": \"3-DQDEJ629\"}, \"quantity\": 1}": "in-queue",
    "{\"py/object\": \"items.ItemReq\", \"item\": {\"py/object\": \"items.Item\", \"type\": 3, \"id\": \"3-JOWOV893\"}, \"quantity\": 1}": "in-queue",
    "{\"py/object\": \"items.ItemReq\", \"item\": {\"py/object\": \"items.Item\", \"type\": 3, \"id\": \"3-FHWPA783\"}, \"quantity\": 1}": "in-queue",
    "{\"py/object\": \"items.ItemReq\", \"item\": {\"py/object\": \"items.Item\", \"type\": 3, \"id\": \"3-URXER901\"}, \"quantity\": 1}": "in-queue",
    "{\"py/object\": \"items.ItemReq\", \"item\": {\"py/object\": \"items.Item\", \"type\": 3, \"id\": \"3-TCEPZ847\"}, \"quantity\": 1}": "in-queue",
    "{\"py/object\": \"items.ItemReq\", \"item\": {\"py/object\": \"items.Item\", \"type\": 3, \"id\": \"3-WHEGK619\"}, \"quantity\": 1}": "in-queue",
    "{\"py/object\": \"items.ItemReq\", \"item\": {\"py/object\": \"items.Item\", \"type\": 3, \"id\": \"3-SYXRW815\"}, \"quantity\": 1}": "in-queue",
    "{\"py/object\": \"items.ItemReq\", \"item\": {\"py/object\": \"items.Item\", \"type\": 3, \"id\": \"3-FSUMG677\"}, \"quantity\": 1}": "in-queue",
    "{\"py/object\": \"items.ItemReq\", \"item\": {\"py/object\": \"items.Item\", \"type\": 3, \"id\": \"3-SZQMG962\"}, \"quantity\": 1}": "in-queue",
    "{\"py/object\": \"items.ItemReq\", \"item\": {\"py/object\": \"items.Item\", \"type\": 3, \"id\": \"3-LRKRT571\"}, \"quantity\": 1}": "in-queue",
    "{\"py/object\": \"items.ItemReq\", \"item\": {\"py/object\": \"items.Item\", \"type\": 3, \"id\": \"3-MGUSK841\"}, \"quantity\": 1}": "in-queue",
    "{\"py/object\": \"items.ItemReq\", \"item\": {\"py/object\": \"items.Item\", \"type\": 3, \"id\": \"3-NTPFC915\"}, \"quantity\": 1}": "in-queue",
    "{\"py/object\": \"items.ItemReq\", \"item\": {\"py/object\": \"items.Item\", \"type\": 3, \"id\": \"3-YYMLN600\"}, \"quantity\": 1}": "in-queue",
    "{\"py/object\": \"items.ItemReq\", \"item\": {\"py/object\": \"items.Item\", \"type\": 3, \"id\": \"3-MVTGY971\"}, \"quantity\": 1}": "in-queue",
    "{\"py/object\": \"items.ItemReq\", \"item\": {\"py/object\": \"items.Item\", \"type\": 3, \"id\": \"3-BAMKH371\"}, \"quantity\": 1}": "in-queue",
    "{\"py/object\": \"items.ItemReq\", \"item\": {\"py/object\": \"items.Item\", \"type\": 3, \"id\": \"3-ZUTIT254\"}, \"quantity\": 1}": "in-queue",
    "{\"py/object\": \"items.ItemReq\", \"item\": {\"py/object\": \"items.Item\", \"type\": 3, \"id\": \"3-AQYZH857\"}, \"quantity\": 1}": "in-queue",
    "{\"py/object\": \"items.ItemReq\", \"item\": {\"py/object\": \"items.Item\", \"type\": 3, \"id\": \"3-UDEBL563\"}, \"quantity\": 1}": "in-queue",
    "{\"py/object\": \"items.ItemReq\", \"item\": {\"py/object\": \"items.Item\", \"type\": 3, \"id\": \"3-YZJUX824\"}, \"quantity\": 1}": "in-queue",
    "{\"py/object\": \"items.ItemReq\", \"item\": {\"py/object\": \"items.Item\", \"type\": 3, \"id\": \"3-DRUBD046\"}, \"quantity\": 1}": "in-queue",
    "{\"py/object\": \"items.ItemReq\", \"item\": {\"py/object\": \"items.Item\", \"type\": 3, \"id\": \"3-AIZNU370\"}, \"quantity\": 1}": "in-queue",
    "{\"py/object\": \"items.ItemReq\", \"item\": {\"py/object\": \"items.Item\", \"type\": 3, \"id\": \"3-GBMTX116\"}, \"quantity\": 1}": "in-queue",
    "{\"py/object\": \"items.ItemReq\", \"item\": {\"py/object\": \"items.Item\", \"type\": 3, \"id\": \"3-NIRAI181\"}, \"quantity\": 1}": "in-queue",
    "{\"py/object\": \"items.ItemReq\", \"item\": {\"py/object\": \"items.Item\", \"type\": 3, \"id\": \"3-RSVFP941\"}, \"quantity\": 1}": "in-queue"
}