{
    "{\"py/object\": \"items.ItemReq\", \"item\": {\"py/object\": \"items.Item\", \"type\": 4, \"id\": \"4-WLILE599\"}, \"quantity\": 1}": "delivered",
    "{\"py/object\": \"items.ItemReq\", \"item\": {\"py/object\": \"items.Item\", \"type\": 4, \"id\": \"4-YTNEH498\"}, \"quantity\": 1}": "delivered",
    "{\"py/object\": \"items.ItemReq\", \"item\": {\"py/object\": \"items.Item\", \"type\": 4, \"id\": \"4-WYQRY752\"}, \"quantity\": 1}": "delivered",
    "{\"py/object\": \"items.ItemReq\", \"item\": {\"py/object\": \"items.Item\", \"type\": 4, \"id\": \"4-ZMVHY947\"}, \"quantity\": 1}": "delivered",
    "{\"py/object\": \"items.ItemReq\", \"item\": {\"py/object\": \"items.Item\", \"type\": 4, \"id\": \"4-CYHDA689\"}, \"quantity\": 1}": "delivered",
    "{\"py/object\": \"items.ItemReq\", \"item\": {\"py/object\": \"items.Item\", \"type\": 4, \"id\": \"4-EXYRG636\"}, \"quantity\": 1}": "delivered",
    "{\"py/object\": \"items.ItemReq\", \"item\": {\"py/object\": \"items.Item\", \"type\": 4, \"id\": \"4-SBCLV039\"}, \"quantity\": 1}": "delivered",
    "{\"py/object\": \"items.ItemReq\", \"item\": {\"py/object\": \"items.Item\", \"type\": 4, \"id\": \"4-ENGOD871\"}, \"quantity\": 1}": "delivered",
    "{\"py/object\": \"items.ItemReq\", \"item\": {\"py/object\": \"items.Item\", \"type\": 4, \"id\": \"4-GQSGN995\"}, \"quantity\": 1}": "delivered",
    "{\"py/object\": \"items.ItemReq\", \"item\": {\"py/object\": \"items.Item\", \"type\": 4, \"id\": \"4-MXXAF671\"}, \"quantity\": 1}": "delivered",
    "{\"py/object\": \"items.ItemReq\", \"item\": {\"py/object\": \"items.Item\", \"type\": 4, \"id\": \"4-SGCIR461\"}, \"quantity\": 1}": "delivered",
    "{\"py/object\": \"items.ItemReq\", \"item\": {\"py/object\": \"items.Item\", \"type\": 4, \"id\": \"4-YTHRC156\"}, \"quantity\": 1}": "delivered",
    "{\"py/object\": \"items.ItemReq\", \"item\": {\"py/object\": \"items.Item\", \"type\": 4, \"id\": \"4-QZXYM138\"}, \"quantity\": 1}": "delivered",
    "{\"py/object\": \"items.ItemReq\", \"item\": {\"py/object\": \"items.Item\", \"type\": 4, \"id\": \"4-ZKKPE204\"}, \"quantity\": 1}": "delivered",
    "{\"py/object\": \"items.ItemReq\", \"item\": {\"py/object\": \"items.Item\", \"type\": 4, \"id\": \"4-HVSOV644\"}, \"quantity\": 1}": "delivered",
    "{\"py/object\": \"items.ItemReq\", \"item\": {\"py/object\": \"items.Item\", \"type\": 4, \"id\": \"4-WKGVJ748\"}, \"quantity\": 1}": "delivered",
    "{\"py/object\": \"items.ItemReq\", \"item\": {\"py/object\": \"items.Item\", \"type\": 4, \"id\": \"4-DRNDR545\"}, \"quantity\": 1}": "delivered",
    "{\"py/object\": \"items.ItemReq\", \"item\": {\"py/object\": \"items.Item\", \"type\": 4, \"id\": \"4-PSJXB398\"}, \"quantity\": 1}": "delivered",
    "{\"py/object\": \"items.ItemReq\", \"item\": {\"py/object\": \"items.Item\", \"type\": 4, \"id\": \"4-SYZDA492\"}, \"quantity\": 1}": "delivered",
    "{\"py/object\": \"items.ItemReq\", \"item\": {\"py/object\": \"items.Item\", \"type\": 4, \"id\": \"4-TYMQZ913\"}, \"quantity\": 1}": "delivered",
    "{\"py/object\": \"items.ItemReq\", \"item\": {\"py/object\": \"items.Item\", \"type\": 4, \"id\": \"4-EEKKE456\"}, \"quantity\": 1}": "delivered",
    "{\"py/object\": \"items.ItemReq\", \"item\": {\"py/object\": \"items.Item\", \"type\": 4, \"id\": \"4-YPAUC574\"}, \"quantity\": 1}": "delivered",
    "{\"py/object\": \"items.ItemReq\", \"item\": {\"py/object\": \"items.Item\", \"type\": 4, \"id\": \"4-RCUYQ882\"}, \"quantity\": 1}": "delivered",
    "{\"py/object\": \"items.ItemReq\", \"item\": {\"py/object\": \"items.Item\", \"type\": 4, \"id\": \"4-RHUFU584\"}, \"quantity\": 1}": "delivered",
    "{\"py/object\": \"items.ItemReq\", \"item\": {\"py/object\": \"items.Item\", \"type\": 4, \"id\": \"4-NVDBG520\"}, \"quantity\": 1}": "delivered",
    "{\"py/object\": \"items.ItemReq\", \"item\": {\"py/object\": \"items.Item\", \"type\": 4, \"id\": \"4-BEMJD196\"}, \"quantity\": 1}": "delivered",
    "{\"py/object\": \"items.ItemReq\", \"item\": {\"py/object\": \"items.Item\", \"type\": 4, \"id\": \"4-QZYZC674\"}, \"quantity\": 1}": "delivered",
    "{\"py/object\": \"items.ItemReq\", \"item\": {\"py/object\": \"items.Item\", \"type\": 4, \"id\": \"4-VVXND156\"}, \"quantity\": 1}": "delivered",
    "{\"py/object\": \"items.ItemReq\", \"item\": {\"py/object\": \"items.Item\", \"type\": 4, \"id\": \"4-WNLKF591\"}, \"quantity\": 1}": "delivered",
    "{\"py/object\": \"items.ItemReq\", \"item\": {\"py/object\": \"items.Item\", \"type\": 4, \"id\": \"4-KOWQB392\"}, \"quantity\": 1}": "delivered",
    "{\"py/object\": \"items.ItemReq\", \"item\": {\"py/object\": \"items.Item\", \"type\": 4, \"id\": \"4-YSGBD761\"}, \"quantity\": 1}": "delivered",
    "{\"py/object\": \"items.ItemReq\", \"item\": {\"py/object\": \"items.Item\", \"type\": 4, \"id\": \"4-QJYUA081\"}, \"quantity\": 1}": "delivered",
    "{\"py/object\": \"items.ItemReq\", \"item\": {\"py/object\": \"items.Item\", \"type\": 4, \"id\": \"4-MBALB328\"}, \"quantity\": 1}": "delivered",
    "{\"py/object\": \"items.ItemReq\", \"item\": {\"py/object\": \"items.Item\", \"type\": 4, \"id\": \"4-FJYBY815\"}, \"quantity\": 1}": "delivered",
    "{\"py/object\": \"items.ItemReq\", \"item\": {\"py/object\": \"items.Item\", \"type\": 4, \"id\": \"4-LDFTI295\"}, \"quantity\": 1}": "delivered",
    "{\"py/object\": \"items.ItemReq\", \"item\": {\"py/object\": \"items.Item\", \"type\": 4, \"id\": \"4-FQFQP435\"}, \"quantity\": 1}": "delivered",
    "{\"py/object\": \"items.ItemReq\", \"item\": {\"py/object\": \"items.Item\", \"type\": 4, \"id\": \"4-BTSVZ288\"}, \"quantity\": 1}": "delivered",
    "{\"py/object\": \"items.ItemReq\", \"item\": {\"py/object\": \"items.Item\", \"type\": 4, \"id\": \"4-IIVBM090\"}, \"quantity\": 1}": "delivered",
    "{\"py/object\": \"items.ItemReq\", \"item\": {\"py/object\": \"items.Item\", \"type\": 4, \"id\": \"4-XGLGI970\"}, \"quantity\": 1}": "delivered",
    "{\"py/object\": \"items.ItemReq\", \"item\": {\"py/object\": \"items.Item\", \"type\": 4, \"id\": \"4-LJHBI014\"}, \"quantity\": 1}": "delivered",
    "{\"py/object\": \"items.ItemReq\", \"item\": {\"py/object\": \"items.Item\", \"type\": 4, \"id\": \"4-YEAFD447\"}, \"quantity\": 1}": "delivered",
    "{\"py/object\": \"items.ItemReq\", \"item\": {\"py/object\": \"items.Item\", \"type\": 4, \"id\": \"4-CGOEB728\"}, \"quantity\": 1}": "delivered",
    "{\"py/object\": \"items.ItemReq\", \"item\": {\"py/object\": \"items.Item\", \"type\": 4, \"id\": \"4-SUWQB538\"}, \"quantity\": 1}": "delivered",
    "{\"py/object\": \"items.ItemReq\", \"item\": {\"py/object\": \"items.Item\", \"type\": 4, \"id\": \"4-BYKVP652\"}, \"quantity\": 1}": "delivered",
    "{\"py/object\": \"items.ItemReq\", \"item\": {\"py/object\": \"items.Item\", \"type\": 4, \"id\": \"4-CMQTW165\"}, \"quantity\": 1}": "delivered",
    "{\"py/object\": \"items.ItemReq\", \"item\": {\"py/object\": \"items.Item\", \"type\": 4, \"id\": \"4-PWXKF574\"}, \"quantity\": 1}": "delivered",
    "{\"py/object\": \"items.ItemReq\", \"item\": {\"py/object\": \"items.Item\", \"type\": 4, \"id\": \"4-IPQIK522\"}, \"quantity\": 1}": "delivered",
    "{\"py/object\": \"items.ItemReq\", \"item\": {\"py/object\": \"items.Item\", \"type\": 4, \"id\": \"4-AMLLJ377\"}, \"quantity\": 1}": "delivered",
    "{\"py/object\": \"items.ItemReq\", \"item\": {\"py/object\": \"items.Item\", \"type\": 4, \"id\": \"4-EXLRR353\"}, \"quantity\": 1}": "delivered",
    "{\"py/object\": \"items.ItemReq\", \"item\": {\"py/object\": \"items.Item\", \"type\": 4, \"id\": \"4-JOYHP177\"}, \"quantity\": 1}": "delivered",
    "{\"py/object\": \"items.ItemReq\", \"item\": {\"py/object\": \"items.Item\", \"type\": 4, \"id\": \"4-VAHLU299\"}, \"quantity\": 1}": "delivered",
    "{\"py/object\": \"items.ItemReq\", \"item\": {\"py/object\": \"items.Item\", \"type\": 4, \"id\": \"4-CKEVP074\"}, \"quantity\": 1}": "delivered",
    "{\"py/object\": \"items.ItemReq\", \"item\": {\"py/object\": \"items.Item\", \"type\": 4, \"id\": \"4-TGDQV050\"}, \"quantity\": 1}": "delivered",
    "{\"py/object\": \"items.ItemReq\", \"item\": {\"py/object\": \"items.Item\", \"type\": 4, \"id\": \"4-QHCYF868\"}, \"quantity\": 1}": "delivered",
    "{\"py/object\": \"items.ItemReq\", \"item\": {\"py/object\": \"items.Item\", \"type\": 4, \"id\": \"4-FSLFC714\"}, \"quantity\": 1}": "delivered",
    "{\"py/object\": \"items.ItemReq\", \"item\": {\"py/object\": \"items.Item\", \"type\": 4, \"id\": \"4-TAYMW908\"}, \"quantity\": 1}": "delivered",
    "{\"py/object\": \"items.ItemReq\", \"item\": {\"py/object\": \"items.Item\", \"type\": 4, \"id\": \"4-YFZAI574\"}, \"quantity\": 1}": "delivered",
    "{\"py/object\": \"items.ItemReq\", \"item\": {\"py/object\": \"items.Item\", \"type\": 4, \"id\": \"4-ZCKHP776\"}, \"quantity\": 1}": "delivered",
    "{\"py/object\": \"items.ItemReq\", \"item\": {\"py/object\": \"items.Item\", \"type\": 4, \"id\": \"4-DRFBP023\"}, \"quantity\": 1}": "delivered",
    "{\"py/object\": \"items.ItemReq\", \"item\": {\"py/object\": \"items.Item\", \"type\": 4, \"id\": \"4-GDOES804\"}, \"quantity\": 1}": "delivered",
    "{\"py/object\": \"items.ItemReq\", \"item\": {\"py/object\": \"items.Item\", \"type\": 4, \"id\": \"4-DXNRK325\"}, \"quantity\": 1}": "delivered",
    "{\"py/object\": \"items.ItemReq\", \"item\": {\"py/object\": \"items.Item\", \"type\": 4, \"id\": \"4-OTYWJ090\"}, \"quantity\": 1}": "delivered",
    "{\"py/object\": \"items.ItemReq\", \"item\": {\"py/object\": \"items.Item\", \"type\": 4, \"id\": \"4-PQPHA787\"}, \"quantity\": 1}": "delivered",
    "{\"py/object\": \"items.ItemReq\", \"item\": {\"py/object\": \"items.Item\", \"type\": 4, \"id\": \"4-QTNZX503\"}, \"quantity\": 1}": "delivered",
    "{\"py/object\": \"items.ItemReq\", \"item\": {\"py/object\": \"items.Item\", \"type\": 4, \"id\": \"4-HPXZL352\"}, \"quantity\": 1}": "delivered",
    "{\"py/object\": \"items.ItemReq\", \"item\": {\"py/object\": \"items.Item\", \"type\": 4, \"id\": \"4-JUTCV648\"}, \"quantity\": 1}": "delivered",
    "{\"py/object\": \"items.ItemReq\", \"item\": {\"py/object\": \"items.Item\", \"type\": 4, \"id\": \"4-FOZRN747\"}, \"quantity\": 1}": "delivered",
    "{\"py/object\": \"items.ItemReq\", \"item\": {\"py/object\": \"items.Item\", \"type\": 4, \"id\": \"4-ZDSNA965\"}, \"quantity\": 1}": "delivered",
    "{\"py/object\": \"items.ItemReq\", \"item\": {\"py/object\": \"items.Item\", \"type\": 4, \"id\": \"4-EBJGL712\"}, \"quantity\": 1}": "delivered",
    "{\"py/object\": \"items.ItemReq\", \"item\": {\"py/object\": \"items.Item\", \"type\": 4, \"id\": \"4-FOXBS590\"}, \"quantity\": 1}": "delivered",
    "{\"py/object\": \"items.ItemReq\", \"item\": {\"py/object\": \"items.Item\", \"type\": 4, \"id\": \"4-VZARH294\"}, \"quantity\": 1}": "delivered",
    "{\"py/object\": \"items.ItemReq\", \"item\": {\"py/object\": \"items.Item\", \"type\": 4, \"id\": \"4-NMHLT873\"}, \"quantity\": 1}": "delivered",
    "{\"py/object\": \"items.ItemReq\", \"item\": {\"py/object\": \"items.Item\", \"type\": 4, \"id\": \"4-ZRAKO708\"}, \"quantity\": 1}": "delivered",
    "{\"py/object\": \"items.ItemReq\", \"item\": {\"py/object\": \"items.Item\", \"type\": 4, \"id\": \"4-QOPDP052\"}, \"quantity\": 1}": "delivered",
    "{\"py/object\": \"items.ItemReq\", \"item\": {\"py/object\": \"items.Item\", \"type\": 4, \"id\": \"4-NRJWV574\"}, \"quantity\": 1}": "delivered",
    "{\"py/object\": \"items.ItemReq\", \"item\": {\"py/object\": \"items.Item\", \"type\": 4, \"id\": \"4-SLJXR355\"}, \"quantity\": 1}": "delivered",
    "{\"py/object\": \"items.ItemReq\", \"item\": {\"py/object\": \"items.Item\", \"type\": 4, \"id\": \"4-BQDTK202\"}, \"quantity\": 1}": "delivered",
    "{\"py/object\": \"items.ItemReq\", \"item\": {\"py/object\": \"items.Item\", \"type\": 4, \"id\": \"4-HBZXO652\"}, \"quantity\": 1}": "delivered",
    "{\"py/object\": \"items.ItemReq\", \"item\": {\"py/object\": \"items.Item\", \"type\": 4, \"id\": \"4-JAMSZ224\"}, \"quantity\": 1}": "delivered",
    "{\"py/object\": \"items.ItemReq\", \"item\": {\"py/object\": \"items.Item\", \"type\": 4, \"id\": \"4-XRTML965\"}, \"quantity\": 1}": "delivered",
    "{\"py/object\": \"items.ItemReq\", \"item\": {\"py/object\": \"items.Item\", \"type\": 4, \"id\": \"4-XRFIK749\"}, \"quantity\": 1}": "delivered",
    "{\"py/object\": \"items.ItemReq\", \"item\": {\"py/object\": \"items.Item\", \"type\": 4, \"id\": \"4-NVFOZ558\"}, \"quantity\": 1}": "delivered",
    "{\"py/object\": \"items.ItemReq\", \"item\": {\"py/object\": \"items.Item\", \"type\": 4, \"id\": \"4-HXRXM399\"}, \"quantity\": 1}": "delivered",
    "{\"py/object\": \"items.ItemReq\", \"item\": {\"py/object\": \"items.Item\", \"type\": 4, \"id\": \"4-GINQX863\"}, \"quantity\": 1}": "delivered",
    "{\"py/object\": \"items.ItemReq\", \"item\": {\"py/object\": \"items.Item\", \"type\": 4, \"id\": \"4-YXFCZ272\"}, \"quantity\": 1}": "delivered",
    "{\"py/object\": \"items.ItemReq\", \"item\": {\"py/object\": \"items.Item\", \"type\": 4, \"id\": \"4-MDZUV966\"}, \"quantity\": 1}": "delivered",
    "{\"py/object\": \"items.ItemReq\", \"item\": {\"py/object\": \"items.Item\", \"type\": 4, \"id\": \"4-KCDBB514\"}, \"quantity\": 1}": "delivered",
    "{\"py/object\": \"items.ItemReq\", \"item\": {\"py/object\": \"items.Item\", \"type\": 4, \"id\": \"4-GZOJI866\"}, \"quantity\": 1}": "delivered",
    "{\"py/object\": \"items.ItemReq\", \"item\": {\"py/object\": \"items.Item\", \"type\": 4, \"id\": \"4-QAQKU601\"}, \"quantity\": 1}": "delivered",
    "{\"py/object\": \"items.ItemReq\", \"item\": {\"py/object\": \"items.Item\", \"type\": 4, \"id\": \"4-ZHJHI324\"}, \"quantity\": 1}": "in-queue",
    "{\"py/object\": \"items.ItemReq\", \"item\": {\"py/object\": \"items.Item\", \"type\": 4, \"id\": \"4-JXKBO633\"}, \"quantity\": 1}": "in-queue",
    "{\"py/object\": \"items.ItemReq\", \"item\": {\"py/object\": \"items.Item\", \"type\": 4, \"id\": \"4-SYAGO116\"}, \"quantity\": 1}": "in-queue",
    "{\"py/object\": \"items.ItemReq\", \"item\": {\"py/object\": \"items.Item\", \"type\": 4, \"id\": \"4-GHFGG841\"}, \"quantity\": 1}": "in-queue",
    "{\"py/object\": \"items.ItemReq\", \"item\": {\"py/object\": \"items.Item\", \"type\": 4, \"id\": \"4-QFCAO332\"}, \"quantity\": 1}": "in-queue",
    "{\"py/object\": \"items.ItemReq\", \"item\": {\"py/object\": \"items.Item\", \"type\": 4, \"id\": \"4-YONNT455\"}, \"quantity\": 1}": "in-queue",
    "{\"py/object\": \"items.ItemReq\", \"item\": {\"py/object\": \"items.Item\", \"type\": 4, \"id\": \"4-BRNBV050\"}, \"quantity\": 1}": "in-queue",
    "{\"py/object\": \"items.ItemReq\", \"item\": {\"py/object\": \"items.Item\", \"type\": 4, \"id\": \"4-JHVAV688\"}, \"quantity\": 1}": "in-queue",
    "{\"py/object\": \"items.ItemReq\", \"item\": {\"py/object\": \"items.Item\", \"type\": 4, \"id\": \"4-HUALM130\"}, \"quantity\": 1}": "in-queue",
    "{\"py/object\": \"items.ItemReq\", \"item\": {\"py/object\": \"items.Item\", \"type\": 4, \"id\": \"4-LDOQG561\"}, \"quantity\": 1}": "in-queue",
    "{\"py/object\": \"items.ItemReq\", \"item\": {\"py/object\": \"items.Item\", \"type\": 4, \"id\": \"4-SMXUL450\"}, \"quantity\": 1}": "in-queue",
    "{\"py/object\": \"items.ItemReq\", \"item\": {\"py/object\": \"items.Item\", \"type\": 4, \"id\": \"4-TBELV828\"}, \"quantity\": 1}": "in-queue",
    "{\"py/object\": \"items.ItemReq\", \"item\": {\"py/object\": \"items.Item\", \"type\": 4, \"id\": \"4-DPENN887\"}, \"quantity\": 1}": "in-queue",
    "{\"py/object\": \"items.ItemReq\", \"item\": {\"py/object\": \"items.Item\", \"type\": 4, \"id\": \"4-FHSHV552\"}, \"quantity\": 1}": "in-queue",
    "{\"py/object\": \"items.ItemReq\", \"item\": {\"py/object\": \"items.Item\", \"type\": 4, \"id\": \"4-PNSBT589\"}, \"quantity\": 1}": "in-queue",
    "{\"py/object\": \"items.ItemReq\", \"item\": {\"py/object\": \"items.Item\", \"type\": 4, \"id\": \"4-SKBTV894\"}, \"quantity\": 1}": "in-queue",
    "{\"py/object\": \"items.ItemReq\", \"item\": {\"py/object\": \"items.Item\", \"type\": 4, \"id\": \"4-ARCQV788\"}, \"quantity\": 1}": "in-queue",
    "{\"py/object\": \"items.ItemReq\", \"item\": {\"py/object\": \"items.Item\", \"type\": 4, \"id\": \"4-MHFJZ758\"}, \"quantity\": 1}": "in-queue",
    "{\"py/object\": \"items.ItemReq\", \"item\": {\"py/object\": \"items.Item\", \"type\": 4, \"id\": \"4-FFKJR230\"}, \"quantity\": 1}": "in-queue",
    "{\"py/object\": \"items.ItemReq\", \"item\": {\"py/object\": \"items.Item\", \"type\": 4, \"id\": \"4-WEYWB377\"}, \"quantity\": 1}": "in-queue"
}