{
    "{\"py/object\": \"items.ItemReq\", \"item\": {\"py/object\": \"items.Item\", \"type\": 1, \"id\": \"1-KTXMO043\"}, \"quantity\": 1}": "consumed",
    "{\"py/object\": \"items.ItemReq\", \"item\": {\"py/object\": \"items.Item\", \"type\": 6, \"id\": \"6-QDJJW779\"}, \"quantity\": 1}": "in-transit",
    "{\"py/object\": \"items.ItemReq\", \"item\": {\"py/object\": \"items.Item\", \"type\": 1, \"id\": \"1-CWUZE358\"}, \"quantity\": 1}": "consumed",
    "{\"py/object\": \"items.ItemReq\", \"item\": {\"py/object\": \"items.Item\", \"type\": 6, \"id\": \"6-JLCJV809\"}, \"quantity\": 1}": "in-transit",
    "{\"py/object\": \"items.ItemReq\", \"item\": {\"py/object\": \"items.Item\", \"type\": 1, \"id\": \"1-HVXVS095\"}, \"quantity\": 1}": "consumed",
    "{\"py/object\": \"items.ItemReq\", \"item\": {\"py/object\": \"items.Item\", \"type\": 6, \"id\": \"6-ZTBHN699\"}, \"quantity\": 1}": "in-transit",
    "{\"py/object\": \"items.ItemReq\", \"item\": {\"py/object\": \"items.Item\", \"type\": 1, \"id\": \"1-BWPWT890\"}, \"quantity\": 1}": "consumed",
    "{\"py/object\": \"items.ItemReq\", \"item\": {\"py/object\": \"items.Item\", \"type\": 6, \"id\": \"6-APPGS838\"}, \"quantity\": 1}": "in-transit",
    "{\"py/object\": \"items.ItemReq\", \"item\": {\"py/object\": \"items.Item\", \"type\": 1, \"id\": \"1-PZLKH074\"}, \"quantity\": 1}": "consumed",
    "{\"py/object\": \"items.ItemReq\", \"item\": {\"py/object\": \"items.Item\", \"type\": 6, \"id\": \"6-ANZOG657\"}, \"quantity\": 1}": "in-transit",
    "{\"py/object\": \"items.ItemReq\", \"item\": {\"py/object\": \"items.Item\", \"type\": 1, \"id\": \"1-UETPE738\"}, \"quantity\": 1}": "consumed",
    "{\"py/object\": \"items.ItemReq\", \"item\": {\"py/object\": \"items.Item\", \"type\": 6, \"id\": \"6-EULAR936\"}, \"quantity\": 1}": "in-transit",
    "{\"py/object\": \"items.ItemReq\", \"item\": {\"py/object\": \"items.Item\", \"type\": 1, \"id\": \"1-EWHLS819\"}, \"quantity\": 1}": "consumed",
    "{\"py/object\": \"items.ItemReq\", \"item\": {\"py/object\": \"items.Item\", \"type\": 6, \"id\": \"6-SXYBC669\"}, \"quantity\": 1}": "in-transit",
    "{\"py/object\": \"items.ItemReq\", \"item\": {\"py/object\": \"items.Item\", \"type\": 1, \"id\": \"1-SAAMJ262\"}, \"quantity\": 1}": "consumed",
    "{\"py/object\": \"items.ItemReq\", \"item\": {\"py/object\": \"items.Item\", \"type\": 6, \"id\": \"6-VSDJJ595\"}, \"quantity\": 1}": "in-transit",
    "{\"py/object\": \"items.ItemReq\", \"item\": {\"py/object\": \"items.Item\", \"type\": 1, \"id\": \"1-YQEEB186\"}, \"quantity\": 1}": "consumed",
    "{\"py/object\": \"items.ItemReq\", \"item\": {\"py/object\": \"items.Item\", \"type\": 1, \"id\": \"1-IAMLB243\"}, \"quantity\": 1}": "consumed",
    "{\"py/object\": \"items.ItemReq\", \"item\": {\"py/object\": \"items.Item\", \"type\": 6, \"id\": \"6-ZFTUO671\"}, \"quantity\": 1}": "in-transit",
    "{\"py/object\": \"items.ItemReq\", \"item\": {\"py/object\": \"items.Item\", \"type\": 1, \"id\": \"1-MOYOZ183\"}, \"quantity\": 1}": "consumed",
    "{\"py/object\": \"items.ItemReq\", \"item\": {\"py/object\": \"items.Item\", \"type\": 6, \"id\": \"6-DPFDV866\"}, \"quantity\": 1}": "in-transit",
    "{\"py/object\": \"items.ItemReq\", \"item\": {\"py/object\": \"items.Item\", \"type\": 6, \"id\": \"6-SVWGL793\"}, \"quantity\": 1}": "in-transit",
    "{\"py/object\": \"items.ItemReq\", \"item\": {\"py/object\": \"items.Item\", \"type\": 1, \"id\": \"1-SLMPA508\"}, \"quantity\": 1}": "consumed",
    "{\"py/object\": \"items.ItemReq\", \"item\": {\"py/object\": \"items.Item\", \"type\": 6, \"id\": \"6-LAKSJ475\"}, \"quantity\": 1}": "in-transit",
    "{\"py/object\": \"items.ItemReq\", \"item\": {\"py/object\": \"items.Item\", \"type\": 1, \"id\": \"1-SEFWR877\"}, \"quantity\": 1}": "consumed",
    "{\"py/object\": \"items.ItemReq\", \"item\": {\"py/object\": \"items.Item\", \"type\": 6, \"id\": \"6-PFFYK200\"}, \"quantity\": 1}": "in-transit",
    "{\"py/object\": \"items.ItemReq\", \"item\": {\"py/object\": \"items.Item\", \"type\": 1, \"id\": \"1-DCFIC966\"}, \"quantity\": 1}": "consumed",
    "{\"py/object\": \"items.ItemReq\", \"item\": {\"py/object\": \"items.Item\", \"type\": 6, \"id\": \"6-HFEAH543\"}, \"quantity\": 1}": "in-transit",
    "{\"py/object\": \"items.ItemReq\", \"item\": {\"py/object\": \"items.Item\", \"type\": 1, \"id\": \"1-AGZTF571\"}, \"quantity\": 1}": "consumed",
    "{\"py/object\": \"items.ItemReq\", \"item\": {\"py/object\": \"items.Item\", \"type\": 6, \"id\": \"6-EJPHN512\"}, \"quantity\": 1}": "in-transit",
    "{\"py/object\": \"items.ItemReq\", \"item\": {\"py/object\": \"items.Item\", \"type\": 1, \"id\": \"1-WFLZQ557\"}, \"quantity\": 1}": "consumed",
    "{\"py/object\": \"items.ItemReq\", \"item\": {\"py/object\": \"items.Item\", \"type\": 1, \"id\": \"1-WVVIK054\"}, \"quantity\": 1}": "consumed",
    "{\"py/object\": \"items.ItemReq\", \"item\": {\"py/object\": \"items.Item\", \"type\": 6, \"id\": \"6-WKDST038\"}, \"quantity\": 1}": "in-transit",
    "{\"py/object\": \"items.ItemReq\", \"item\": {\"py/object\": \"items.Item\", \"type\": 6, \"id\": \"6-JDSOK519\"}, \"quantity\": 1}": "in-transit",
    "{\"py/object\": \"items.ItemReq\", \"item\": {\"py/object\": \"items.Item\", \"type\": 1, \"id\": \"1-TFMSO699\"}, \"quantity\": 1}": "consumed",
    "{\"py/object\": \"items.ItemReq\", \"item\": {\"py/object\": \"items.Item\", \"type\": 6, \"id\": \"6-EOWBV016\"}, \"quantity\": 1}": "in-transit",
    "{\"py/object\": \"items.ItemReq\", \"item\": {\"py/object\": \"items.Item\", \"type\": 1, \"id\": \"1-PXNDL281\"}, \"quantity\": 1}": "consumed",
    "{\"py/object\": \"items.ItemReq\", \"item\": {\"py/object\": \"items.Item\", \"type\": 1, \"id\": \"1-GTCXS847\"}, \"quantity\": 1}": "consumed",
    "{\"py/object\": \"items.ItemReq\", \"item\": {\"py/object\": \"items.Item\", \"type\": 6, \"id\": \"6-DOYGO521\"}, \"quantity\": 1}": "in-transit",
    "{\"py/object\": \"items.ItemReq\", \"item\": {\"py/object\": \"items.Item\", \"type\": 6, \"id\": \"6-OZMEC971\"}, \"quantity\": 1}": "in-transit",
    "{\"py/object\": \"items.ItemReq\", \"item\": {\"py/object\": \"items.Item\", \"type\": 1, \"id\": \"1-VUIFE686\"}, \"quantity\": 1}": "consumed",
    "{\"py/object\": \"items.ItemReq\", \"item\": {\"py/object\": \"items.Item\", \"type\": 1, \"id\": \"1-GCUTI053\"}, \"quantity\": 1}": "consumed",
    "{\"py/object\": \"items.ItemReq\", \"item\": {\"py/object\": \"items.Item\", \"type\": 1, \"id\": \"1-FWDNI804\"}, \"quantity\": 1}": "consumed",
    "{\"py/object\": \"items.ItemReq\", \"item\": {\"py/object\": \"items.Item\", \"type\": 1, \"id\": \"1-KQNDK091\"}, \"quantity\": 1}": "consumed",
    "{\"py/object\": \"items.ItemReq\", \"item\": {\"py/object\": \"items.Item\", \"type\": 1, \"id\": \"1-BTTQZ128\"}, \"quantity\": 1}": "consumed",
    "{\"py/object\": \"items.ItemReq\", \"item\": {\"py/object\": \"items.Item\", \"type\": 6, \"id\": \"6-KAWDA309\"}, \"quantity\": 1}": "in-transit",
    "{\"py/object\": \"items.ItemReq\", \"item\": {\"py/object\": \"items.Item\", \"type\": 6, \"id\": \"6-BXNPR596\"}, \"quantity\": 1}": "in-transit",
    "{\"py/object\": \"items.ItemReq\", \"item\": {\"py/object\": \"items.Item\", \"type\": 6, \"id\": \"6-ESKAH873\"}, \"quantity\": 1}": "in-transit",
    "{\"py/object\": \"items.ItemReq\", \"item\": {\"py/object\": \"items.Item\", \"type\": 6, \"id\": \"6-BPGOS097\"}, \"quantity\": 1}": "in-transit",
    "{\"py/object\": \"items.ItemReq\", \"item\": {\"py/object\": \"items.Item\", \"type\": 1, \"id\": \"1-GMDRY650\"}, \"quantity\": 1}": "consumed",
    "{\"py/object\": \"items.ItemReq\", \"item\": {\"py/object\": \"items.Item\", \"type\": 6, \"id\": \"6-TSFGN667\"}, \"quantity\": 1}": "in-transit",
    "{\"py/object\": \"items.ItemReq\", \"item\": {\"py/object\": \"items.Item\", \"type\": 6, \"id\": \"6-WLIKX160\"}, \"quantity\": 1}": "in-transit",
    "{\"py/object\": \"items.ItemReq\", \"item\": {\"py/object\": \"items.Item\", \"type\": 1, \"id\": \"1-JVMYA802\"}, \"quantity\": 1}": "consumed",
    "{\"py/object\": \"items.ItemReq\", \"item\": {\"py/object\": \"items.Item\", \"type\": 1, \"id\": \"1-HDRRN068\"}, \"quantity\": 1}": "consumed",
    "{\"py/object\": \"items.ItemReq\", \"item\": {\"py/object\": \"items.Item\", \"type\": 6, \"id\": \"6-ORAUB686\"}, \"quantity\": 1}": "in-transit",
    "{\"py/object\": \"items.ItemReq\", \"item\": {\"py/object\": \"items.Item\", \"type\": 6, \"id\": \"6-ZTFIJ966\"}, \"quantity\": 1}": "in-transit"
}