{
    "{\"py/object\": \"items.ItemReq\", \"item\": {\"py/object\": \"items.Item\", \"type\": 0, \"id\": \"0-WFDKX399\"}, \"quantity\": 1}": "delivered",
    "{\"py/object\": \"items.ItemReq\", \"item\": {\"py/object\": \"items.Item\", \"type\": 0, \"id\": \"0-FFBVZ528\"}, \"quantity\": 1}": "delivered",
    "{\"py/object\": \"items.ItemReq\", \"item\": {\"py/object\": \"items.Item\", \"type\": 0, \"id\": \"0-IHSIR383\"}, \"quantity\": 1}": "delivered",
    "{\"py/object\": \"items.ItemReq\", \"item\": {\"py/object\": \"items.Item\", \"type\": 0, \"id\": \"0-AGMSU520\"}, \"quantity\": 1}": "delivered",
    "{\"py/object\": \"items.ItemReq\", \"item\": {\"py/object\": \"items.Item\", \"type\": 0, \"id\": \"0-EETOG738\"}, \"quantity\": 1}": "delivered",
    "{\"py/object\": \"items.ItemReq\", \"item\": {\"py/object\": \"items.Item\", \"type\": 0, \"id\": \"0-RPXEK817\"}, \"quantity\": 1}": "delivered",
    "{\"py/object\": \"items.ItemReq\", \"item\": {\"py/object\": \"items.Item\", \"type\": 0, \"id\": \"0-RMJQX826\"}, \"quantity\": 1}": "delivered",
    "{\"py/object\": \"items.ItemReq\", \"item\": {\"py/object\": \"items.Item\", \"type\": 0, \"id\": \"0-YETCY972\"}, \"quantity\": 1}": "delivered",
    "{\"py/object\": \"items.ItemReq\", \"item\": {\"py/object\": \"items.Item\", \"type\": 0, \"id\": \"0-XIBCA706\"}, \"quantity\": 1}": "delivered",
    "{\"py/object\": \"items.ItemReq\", \"item\": {\"py/object\": \"items.Item\", \"type\": 0, \"id\": \"0-DOWCJ399\"}, \"quantity\": 1}": "delivered",
    "{\"py/object\": \"items.ItemReq\", \"item\": {\"py/object\": \"items.Item\", \"type\": 0, \"id\": \"0-BYZDZ306\"}, \"quantity\": 1}": "delivered",
    "{\"py/object\": \"items.ItemReq\", \"item\": {\"py/object\": \"items.Item\", \"type\": 0, \"id\": \"0-GBWJQ468\"}, \"quantity\": 1}": "delivered",
    "{\"py/object\": \"items.ItemReq\", \"item\": {\"py/object\": \"items.Item\", \"type\": 0, \"id\": \"0-TTVZP310\"}, \"quantity\": 1}": "delivered",
    "{\"py/object\": \"items.ItemReq\", \"item\": {\"py/object\": \"items.Item\", \"type\": 0, \"id\": \"0-VQQKA164\"}, \"quantity\": 1}": "delivered",
    "{\"py/object\": \"items.ItemReq\", \"item\": {\"py/object\": \"items.Item\", \"type\": 0, \"id\": \"0-JSNIB251\"}, \"quantity\": 1}": "delivered",
    "{\"py/object\": \"items.ItemReq\", \"item\": {\"py/object\": \"items.Item\", \"type\": 0, \"id\": \"0-WDIWK425\"}, \"quantity\": 1}": "delivered",
    "{\"py/object\": \"items.ItemReq\", \"item\": {\"py/object\": \"items.Item\", \"type\": 0, \"id\": \"0-UDNJM787\"}, \"quantity\": 1}": "delivered",
    "{\"py/object\": \"items.ItemReq\", \"item\": {\"py/object\": \"items.Item\", \"type\": 0, \"id\": \"0-TIZRZ789\"}, \"quantity\": 1}": "delivered",
    "{\"py/object\": \"items.ItemReq\", \"item\": {\"py/object\": \"items.Item\", \"type\": 0, \"id\": \"0-KYKJU810\"}, \"quantity\": 1}": "delivered",
    "{\"py/object\": \"items.ItemReq\", \"item\": {\"py/object\": \"items.Item\", \"type\": 0, \"id\": \"0-CCFLQ054\"}, \"quantity\": 1}": "delivered",
    "{\"py/object\": \"items.ItemReq\", \"item\": {\"py/object\": \"items.Item\", \"type\": 0, \"id\": \"0-HEPYB544\"}, \"quantity\": 1}": "delivered",
    "{\"py/object\": \"items.ItemReq\", \"item\": {\"py/object\": \"items.Item\", \"type\": 0, \"id\": \"0-RGRRD423\"}, \"quantity\": 1}": "delivered",
    "{\"py/object\": \"items.ItemReq\", \"item\": {\"py/object\": \"items.Item\", \"type\": 0, \"id\": \"0-PIUEX543\"}, \"quantity\": 1}": "delivered",
    "{\"py/object\": \"items.ItemReq\", \"item\": {\"py/object\": \"items.Item\", \"type\": 0, \"id\": \"0-SNGTI553\"}, \"quantity\": 1}": "delivered",
    "{\"py/object\": \"items.ItemReq\", \"item\": {\"py/object\": \"items.Item\", \"type\": 0, \"id\": \"0-JWGDR035\"}, \"quantity\": 1}": "delivered",
    "{\"py/object\": \"items.ItemReq\", \"item\": {\"py/object\": \"items.Item\", \"type\": 0, \"id\": \"0-MGKSE327\"}, \"quantity\": 1}": "delivered",
    "{\"py/object\": \"items.ItemReq\", \"item\": {\"py/object\": \"items.Item\", \"type\": 0, \"id\": \"0-JMAYY746\"}, \"quantity\": 1}": "delivered",
    "{\"py/object\": \"items.ItemReq\", \"item\": {\"py/object\": \"items.Item\", \"type\": 0, \"id\": \"0-YMMVF721\"}, \"quantity\": 1}": "delivered",
    "{\"py/object\": \"items.ItemReq\", \"item\": {\"py/object\": \"items.Item\", \"type\": 0, \"id\": \"0-MMDSN660\"}, \"quantity\": 1}": "delivered",
    "{\"py/object\": \"items.ItemReq\", \"item\": {\"py/object\": \"items.Item\", \"type\": 0, \"id\": \"0-EHLHN875\"}, \"quantity\": 1}": "delivered",
    "{\"py/object\": \"items.ItemReq\", \"item\": {\"py/object\": \"items.Item\", \"type\": 0, \"id\": \"0-YECLU814\"}, \"quantity\": 1}": "delivered",
    "{\"py/object\": \"items.ItemReq\", \"item\": {\"py/object\": \"items.Item\", \"type\": 0, \"id\": \"0-IIEDC710\"}, \"quantity\": 1}": "delivered",
    "{\"py/object\": \"items.ItemReq\", \"item\": {\"py/object\": \"items.Item\", \"type\": 0, \"id\": \"0-PGEEQ639\"}, \"quantity\": 1}": "delivered",
    "{\"py/object\": \"items.ItemReq\", \"item\": {\"py/object\": \"items.Item\", \"type\": 0, \"id\": \"0-NFWZP158\"}, \"quantity\": 1}": "delivered",
    "{\"py/object\": \"items.ItemReq\", \"item\": {\"py/object\": \"items.Item\", \"type\": 0, \"id\": \"0-BHZQY399\"}, \"quantity\": 1}": "delivered",
    "{\"py/object\": \"items.ItemReq\", \"item\": {\"py/object\": \"items.Item\", \"type\": 0, \"id\": \"0-OWUKQ125\"}, \"quantity\": 1}": "delivered",
    "{\"py/object\": \"items.ItemReq\", \"item\": {\"py/object\": \"items.Item\", \"type\": 0, \"id\": \"0-QONYD748\"}, \"quantity\": 1}": "delivered",
    "{\"py/object\": \"items.ItemReq\", \"item\": {\"py/object\": \"items.Item\", \"type\": 0, \"id\": \"0-QWYPP506\"}, \"quantity\": 1}": "delivered",
    "{\"py/object\": \"items.ItemReq\", \"item\": {\"py/object\": \"items.Item\", \"type\": 0, \"id\": \"0-RQFAL711\"}, \"quantity\": 1}": "delivered",
    "{\"py/object\": \"items.ItemReq\", \"item\": {\"py/object\": \"items.Item\", \"type\": 0, \"id\": \"0-KSVAB561\"}, \"quantity\": 1}": "delivered",
    "{\"py/object\": \"items.ItemReq\", \"item\": {\"py/object\": \"items.Item\", \"type\": 0, \"id\": \"0-BRQPA711\"}, \"quantity\": 1}": "delivered",
    "{\"py/object\": \"items.ItemReq\", \"item\": {\"py/object\": \"items.Item\", \"type\": 0, \"id\": \"0-OCADB748\"}, \"quantity\": 1}": "delivered",
    "{\"py/object\": \"items.ItemReq\", \"item\": {\"py/object\": \"items.Item\", \"type\": 0, \"id\": \"0-ZXRSV283\"}, \"quantity\": 1}": "delivered",
    "{\"py/object\": \"items.ItemReq\", \"item\": {\"py/object\": \"items.Item\", \"type\": 0, \"id\": \"0-VWDRL348\"}, \"quantity\": 1}": "delivered",
    "{\"py/object\": \"items.ItemReq\", \"item\": {\"py/object\": \"items.Item\", \"type\": 0, \"id\": \"0-ICTKI034\"}, \"quantity\": 1}": "delivered",
    "{\"py/object\": \"items.ItemReq\", \"item\": {\"py/object\": \"items.Item\", \"type\": 0, \"id\": \"0-OABIC226\"}, \"quantity\": 1}": "delivered",
    "{\"py/object\": \"items.ItemReq\", \"item\": {\"py/object\": \"items.Item\", \"type\": 0, \"id\": \"0-ZFZFU847\"}, \"quantity\": 1}": "delivered",
    "{\"py/object\": \"items.ItemReq\", \"item\": {\"py/object\": \"items.Item\", \"type\": 0, \"id\": \"0-MYAAG922\"}, \"quantity\": 1}": "delivered",
    "{\"py/object\": \"items.ItemReq\", \"item\": {\"py/object\": \"items.Item\", \"type\": 0, \"id\": \"0-URUHB134\"}, \"quantity\": 1}": "delivered",
    "{\"py/object\": \"items.ItemReq\", \"item\": {\"py/object\": \"items.Item\", \"type\": 0, \"id\": \"0-XLVYI526\"}, \"quantity\": 1}": "delivered",
    "{\"py/object\": \"items.ItemReq\", \"item\": {\"py/object\": \"items.Item\", \"type\": 0, \"id\": \"0-SARYS106\"}, \"quantity\": 1}": "delivered",
    "{\"py/object\": \"items.ItemReq\", \"item\": {\"py/object\": \"items.Item\", \"type\": 0, \"id\": \"0-HTVJY064\"}, \"quantity\": 1}": "delivered",
    "{\"py/object\": \"items.ItemReq\", \"item\": {\"py/object\": \"items.Item\", \"type\": 0, \"id\": \"0-GSSYX086\"}, \"quantity\": 1}": "delivered",
    "{\"py/object\": \"items.ItemReq\", \"item\": {\"py/object\": \"items.Item\", \"type\": 0, \"id\": \"0-UMITF028\"}, \"quantity\": 1}": "delivered",
    "{\"py/object\": \"items.ItemReq\", \"item\": {\"py/object\": \"items.Item\", \"type\": 0, \"id\": \"0-YBJTC718\"}, \"quantity\": 1}": "delivered",
    "{\"py/object\": \"items.ItemReq\", \"item\": {\"py/object\": \"items.Item\", \"type\": 0, \"id\": \"0-IIWSO680\"}, \"quantity\": 1}": "delivered",
    "{\"py/object\": \"items.ItemReq\", \"item\": {\"py/object\": \"items.Item\", \"type\": 0, \"id\": \"0-FXDVO826\"}, \"quantity\": 1}": "delivered",
    "{\"py/object\": \"items.ItemReq\", \"item\": {\"py/object\": \"items.Item\", \"type\": 0, \"id\": \"0-UANBZ556\"}, \"quantity\": 1}": "delivered",
    "{\"py/object\": \"items.ItemReq\", \"item\": {\"py/object\": \"items.Item\", \"type\": 0, \"id\": \"0-JYOZX450\"}, \"quantity\": 1}": "delivered",
    "{\"py/object\": \"items.ItemReq\", \"item\": {\"py/object\": \"items.Item\", \"type\": 0, \"id\": \"0-NYTYY789\"}, \"quantity\": 1}": "in-transit",
    "{\"py/object\": \"items.ItemReq\", \"item\": {\"py/object\": \"items.Item\", \"type\": 0, \"id\": \"0-TUUFW739\"}, \"quantity\": 1}": "delivered",
    "{\"py/object\": \"items.ItemReq\", \"item\": {\"py/object\": \"items.Item\", \"type\": 0, \"id\": \"0-JFIJI877\"}, \"quantity\": 1}": "delivered",
    "{\"py/object\": \"items.ItemReq\", \"item\": {\"py/object\": \"items.Item\", \"type\": 0, \"id\": \"0-BMUIK084\"}, \"quantity\": 1}": "delivered",
    "{\"py/object\": \"items.ItemReq\", \"item\": {\"py/object\": \"items.Item\", \"type\": 0, \"id\": \"0-EYHBC982\"}, \"quantity\": 1}": "delivered",
    "{\"py/object\": \"items.ItemReq\", \"item\": {\"py/object\": \"items.Item\", \"type\": 0, \"id\": \"0-QGKAP548\"}, \"quantity\": 1}": "delivered",
    "{\"py/object\": \"items.ItemReq\", \"item\": {\"py/object\": \"items.Item\", \"type\": 0, \"id\": \"0-FKLTQ450\"}, \"quantity\": 1}": "delivered",
    "{\"py/object\": \"items.ItemReq\", \"item\": {\"py/object\": \"items.Item\", \"type\": 0, \"id\": \"0-FQEAQ625\"}, \"quantity\": 1}": "delivered",
    "{\"py/object\": \"items.ItemReq\", \"item\": {\"py/object\": \"items.Item\", \"type\": 0, \"id\": \"0-TMFHS317\"}, \"quantity\": 1}": "delivered",
    "{\"py/object\": \"items.ItemReq\", \"item\": {\"py/object\": \"items.Item\", \"type\": 0, \"id\": \"0-HHZDF508\"}, \"quantity\": 1}": "delivered",
    "{\"py/object\": \"items.ItemReq\", \"item\": {\"py/object\": \"items.Item\", \"type\": 0, \"id\": \"0-VTDBD716\"}, \"quantity\": 1}": "delivered",
    "{\"py/object\": \"items.ItemReq\", \"item\": {\"py/object\": \"items.Item\", \"type\": 0, \"id\": \"0-CEQCL035\"}, \"quantity\": 1}": "delivered",
    "{\"py/object\": \"items.ItemReq\", \"item\": {\"py/object\": \"items.Item\", \"type\": 0, \"id\": \"0-QPZPD507\"}, \"quantity\": 1}": "delivered",
    "{\"py/object\": \"items.ItemReq\", \"item\": {\"py/object\": \"items.Item\", \"type\": 0, \"id\": \"0-PIQEG347\"}, \"quantity\": 1}": "delivered",
    "{\"py/object\": \"items.ItemReq\", \"item\": {\"py/object\": \"items.Item\", \"type\": 0, \"id\": \"0-LBXVL582\"}, \"quantity\": 1}": "delivered",
    "{\"py/object\": \"items.ItemReq\", \"item\": {\"py/object\": \"items.Item\", \"type\": 0, \"id\": \"0-UUOHU371\"}, \"quantity\": 1}": "delivered",
    "{\"py/object\": \"items.ItemReq\", \"item\": {\"py/object\": \"items.Item\", \"type\": 0, \"id\": \"0-TQIOF672\"}, \"quantity\": 1}": "delivered",
    "{\"py/object\": \"items.ItemReq\", \"item\": {\"py/object\": \"items.Item\", \"type\": 0, \"id\": \"0-GVNJO909\"}, \"quantity\": 1}": "delivered",
    "{\"py/object\": \"items.ItemReq\", \"item\": {\"py/object\": \"items.Item\", \"type\": 0, \"id\": \"0-YIXVJ310\"}, \"quantity\": 1}": "delivered",
    "{\"py/object\": \"items.ItemReq\", \"item\": {\"py/object\": \"items.Item\", \"type\": 0, \"id\": \"0-NBVUC618\"}, \"quantity\": 1}": "delivered",
    "{\"py/object\": \"items.ItemReq\", \"item\": {\"py/object\": \"items.Item\", \"type\": 0, \"id\": \"0-YNERW793\"}, \"quantity\": 1}": "delivered",
    "{\"py/object\": \"items.ItemReq\", \"item\": {\"py/object\": \"items.Item\", \"type\": 0, \"id\": \"0-CUOVH154\"}, \"quantity\": 1}": "delivered",
    "{\"py/object\": \"items.ItemReq\", \"item\": {\"py/object\": \"items.Item\", \"type\": 0, \"id\": \"0-THWOY627\"}, \"quantity\": 1}": "delivered",
    "{\"py/object\": \"items.ItemReq\", \"item\": {\"py/object\": \"items.Item\", \"type\": 0, \"id\": \"0-ORJPU640\"}, \"quantity\": 1}": "delivered",
    "{\"py/object\": \"items.ItemReq\", \"item\": {\"py/object\": \"items.Item\", \"type\": 0, \"id\": \"0-AQVUK801\"}, \"quantity\": 1}": "delivered",
    "{\"py/object\": \"items.ItemReq\", \"item\": {\"py/object\": \"items.Item\", \"type\": 0, \"id\": \"0-LFHCI237\"}, \"quantity\": 1}": "delivered",
    "{\"py/object\": \"items.ItemReq\", \"item\": {\"py/object\": \"items.Item\", \"type\": 0, \"id\": \"0-VVOBA184\"}, \"quantity\": 1}": "delivered",
    "{\"py/object\": \"items.ItemReq\", \"item\": {\"py/object\": \"items.Item\", \"type\": 0, \"id\": \"0-WYGCE374\"}, \"quantity\": 1}": "delivered",
    "{\"py/object\": \"items.ItemReq\", \"item\": {\"py/object\": \"items.Item\", \"type\": 0, \"id\": \"0-HVWLK847\"}, \"quantity\": 1}": "delivered",
    "{\"py/object\": \"items.ItemReq\", \"item\": {\"py/object\": \"items.Item\", \"type\": 0, \"id\": \"0-GPHPC319\"}, \"quantity\": 1}": "delivered",
    "{\"py/object\": \"items.ItemReq\", \"item\": {\"py/object\": \"items.Item\", \"type\": 0, \"id\": \"0-XYKDA028\"}, \"quantity\": 1}": "delivered",
    "{\"py/object\": \"items.ItemReq\", \"item\": {\"py/object\": \"items.Item\", \"type\": 0, \"id\": \"0-IIPSZ424\"}, \"quantity\": 1}": "delivered",
    "{\"py/object\": \"items.ItemReq\", \"item\": {\"py/object\": \"items.Item\", \"type\": 0, \"id\": \"0-WYOMA981\"}, \"quantity\": 1}": "delivered",
    "{\"py/object\": \"items.ItemReq\", \"item\": {\"py/object\": \"items.Item\", \"type\": 0, \"id\": \"0-HVDVD782\"}, \"quantity\": 1}": "delivered",
    "{\"py/object\": \"items.ItemReq\", \"item\": {\"py/object\": \"items.Item\", \"type\": 0, \"id\": \"0-ZLIAB891\"}, \"quantity\": 1}": "delivered",
    "{\"py/object\": \"items.ItemReq\", \"item\": {\"py/object\": \"items.Item\", \"type\": 0, \"id\": \"0-PAYLL966\"}, \"quantity\": 1}": "delivered",
    "{\"py/object\": \"items.ItemReq\", \"item\": {\"py/object\": \"items.Item\", \"type\": 0, \"id\": \"0-PDOCE601\"}, \"quantity\": 1}": "delivered",
    "{\"py/object\": \"items.ItemReq\", \"item\": {\"py/object\": \"items.Item\", \"type\": 0, \"id\": \"0-KZLWN655\"}, \"quantity\": 1}": "delivered",
    "{\"py/object\": \"items.ItemReq\", \"item\": {\"py/object\": \"items.Item\", \"type\": 0, \"id\": \"0-JXYYU097\"}, \"quantity\": 1}": "delivered",
    "{\"py/object\": \"items.ItemReq\", \"item\": {\"py/object\": \"items.Item\", \"type\": 0, \"id\": \"0-DEVDW706\"}, \"quantity\": 1}": "delivered",
    "{\"py/object\": \"items.ItemReq\", \"item\": {\"py/object\": \"items.Item\", \"type\": 0, \"id\": \"0-FZNNG566\"}, \"quantity\": 1}": "delivered",
    "{\"py/object\": \"items.ItemReq\", \"item\": {\"py/object\": \"items.Item\", \"type\": 0, \"id\": \"0-UZVNN414\"}, \"quantity\": 1}": "delivered",
    "{\"py/object\": \"items.ItemReq\", \"item\": {\"py/object\": \"items.Item\", \"type\": 0, \"id\": \"0-GVZSQ917\"}, \"quantity\": 1}": "delivered",
    "{\"py/object\": \"items.ItemReq\", \"item\": {\"py/object\": \"items.Item\", \"type\": 0, \"id\": \"0-CETPP978\"}, \"quantity\": 1}": "delivered",
    "{\"py/object\": \"items.ItemReq\", \"item\": {\"py/object\": \"items.Item\", \"type\": 0, \"id\": \"0-AVDVJ319\"}, \"quantity\": 1}": "delivered",
    "{\"py/object\": \"items.ItemReq\", \"item\": {\"py/object\": \"items.Item\", \"type\": 0, \"id\": \"0-TTVCG696\"}, \"quantity\": 1}": "delivered",
    "{\"py/object\": \"items.ItemReq\", \"item\": {\"py/object\": \"items.Item\", \"type\": 0, \"id\": \"0-QGTTE611\"}, \"quantity\": 1}": "delivered",
    "{\"py/object\": \"items.ItemReq\", \"item\": {\"py/object\": \"items.Item\", \"type\": 0, \"id\": \"0-KILPI221\"}, \"quantity\": 1}": "delivered",
    "{\"py/object\": \"items.ItemReq\", \"item\": {\"py/object\": \"items.Item\", \"type\": 0, \"id\": \"0-PQDDB820\"}, \"quantity\": 1}": "delivered",
    "{\"py/object\": \"items.ItemReq\", \"item\": {\"py/object\": \"items.Item\", \"type\": 0, \"id\": \"0-DAOXN568\"}, \"quantity\": 1}": "delivered",
    "{\"py/object\": \"items.ItemReq\", \"item\": {\"py/object\": \"items.Item\", \"type\": 0, \"id\": \"0-ZFUJM134\"}, \"quantity\": 1}": "delivered",
    "{\"py/object\": \"items.ItemReq\", \"item\": {\"py/object\": \"items.Item\", \"type\": 0, \"id\": \"0-ZUIUT144\"}, \"quantity\": 1}": "delivered",
    "{\"py/object\": \"items.ItemReq\", \"item\": {\"py/object\": \"items.Item\", \"type\": 0, \"id\": \"0-LPKNO569\"}, \"quantity\": 1}": "in-transit",
    "{\"py/object\": \"items.ItemReq\", \"item\": {\"py/object\": \"items.Item\", \"type\": 0, \"id\": \"0-LGNDM742\"}, \"quantity\": 1}": "in-queue",
    "{\"py/object\": \"items.ItemReq\", \"item\": {\"py/object\": \"items.Item\", \"type\": 0, \"id\": \"0-ROUFS709\"}, \"quantity\": 1}": "in-queue",
    "{\"py/object\": \"items.ItemReq\", \"item\": {\"py/object\": \"items.Item\", \"type\": 0, \"id\": \"0-IECYD240\"}, \"quantity\": 1}": "in-queue",
    "{\"py/object\": \"items.ItemReq\", \"item\": {\"py/object\": \"items.Item\", \"type\": 0, \"id\": \"0-UOQEL481\"}, \"quantity\": 1}": "in-queue",
    "{\"py/object\": \"items.ItemReq\", \"item\": {\"py/object\": \"items.Item\", \"type\": 0, \"id\": \"0-RQDSK611\"}, \"quantity\": 1}": "in-queue",
    "{\"py/object\": \"items.ItemReq\", \"item\": {\"py/object\": \"items.Item\", \"type\": 0, \"id\": \"0-JLBSM499\"}, \"quantity\": 1}": "in-queue",
    "{\"py/object\": \"items.ItemReq\", \"item\": {\"py/object\": \"items.Item\", \"type\": 0, \"id\": \"0-BSHFU806\"}, \"quantity\": 1}": "in-queue",
    "{\"py/object\": \"items.ItemReq\", \"item\": {\"py/object\": \"items.Item\", \"type\": 0, \"id\": \"0-RCXCJ645\"}, \"quantity\": 1}": "in-queue",
    "{\"py/object\": \"items.ItemReq\", \"item\": {\"py/object\": \"items.Item\", \"type\": 0, \"id\": \"0-TCFCZ310\"}, \"quantity\": 1}": "in-queue",
    "{\"py/object\": \"items.ItemReq\", \"item\": {\"py/object\": \"items.Item\", \"type\": 0, \"id\": \"0-BELAI484\"}, \"quantity\": 1}": "in-queue",
    "{\"py/object\": \"items.ItemReq\", \"item\": {\"py/object\": \"items.Item\", \"type\": 0, \"id\": \"0-BWRNB400\"}, \"quantity\": 1}": "in-queue",
    "{\"py/object\": \"items.ItemReq\", \"item\": {\"py/object\": \"items.Item\", \"type\": 0, \"id\": \"0-SQAMJ296\"}, \"quantity\": 1}": "in-queue",
    "{\"py/object\": \"items.ItemReq\", \"item\": {\"py/object\": \"items.Item\", \"type\": 0, \"id\": \"0-BTGJD520\"}, \"quantity\": 1}": "in-queue",
    "{\"py/object\": \"items.ItemReq\", \"item\": {\"py/object\": \"items.Item\", \"type\": 0, \"id\": \"0-EFUGA432\"}, \"quantity\": 1}": "in-queue",
    "{\"py/object\": \"items.ItemReq\", \"item\": {\"py/object\": \"items.Item\", \"type\": 0, \"id\": \"0-YSNAZ610\"}, \"quantity\": 1}": "in-queue",
    "{\"py/object\": \"items.ItemReq\", \"item\": {\"py/object\": \"items.Item\", \"type\": 0, \"id\": \"0-OKATP606\"}, \"quantity\": 1}": "in-queue",
    "{\"py/object\": \"items.ItemReq\", \"item\": {\"py/object\": \"items.Item\", \"type\": 0, \"id\": \"0-TQHOX849\"}, \"quantity\": 1}": "in-queue",
    "{\"py/object\": \"items.ItemReq\", \"item\": {\"py/object\": \"items.Item\", \"type\": 0, \"id\": \"0-WBAMY809\"}, \"quantity\": 1}": "in-queue",
    "{\"py/object\": \"items.ItemReq\", \"item\": {\"py/object\": \"items.Item\", \"type\": 0, \"id\": \"0-OCESX699\"}, \"quantity\": 1}": "in-queue",
    "{\"py/object\": \"items.ItemReq\", \"item\": {\"py/object\": \"items.Item\", \"type\": 0, \"id\": \"0-YZCAG766\"}, \"quantity\": 1}": "in-queue",
    "{\"py/object\": \"items.ItemReq\", \"item\": {\"py/object\": \"items.Item\", \"type\": 0, \"id\": \"0-YLOSM459\"}, \"quantity\": 1}": "in-queue",
    "{\"py/object\": \"items.ItemReq\", \"item\": {\"py/object\": \"items.Item\", \"type\": 0, \"id\": \"0-TNGBM319\"}, \"quantity\": 1}": "in-queue",
    "{\"py/object\": \"items.ItemReq\", \"item\": {\"py/object\": \"items.Item\", \"type\": 0, \"id\": \"0-WHHTL846\"}, \"quantity\": 1}": "in-queue",
    "{\"py/object\": \"items.ItemReq\", \"item\": {\"py/object\": \"items.Item\", \"type\": 0, \"id\": \"0-OERHN769\"}, \"quantity\": 1}": "in-queue",
    "{\"py/object\": \"items.ItemReq\", \"item\": {\"py/object\": \"items.Item\", \"type\": 0, \"id\": \"0-OEGMU282\"}, \"quantity\": 1}": "in-queue",
    "{\"py/object\": \"items.ItemReq\", \"item\": {\"py/object\": \"items.Item\", \"type\": 0, \"id\": \"0-MZAIP226\"}, \"quantity\": 1}": "in-queue",
    "{\"py/object\": \"items.ItemReq\", \"item\": {\"py/object\": \"items.Item\", \"type\": 0, \"id\": \"0-CXBSN691\"}, \"quantity\": 1}": "in-queue",
    "{\"py/object\": \"items.ItemReq\", \"item\": {\"py/object\": \"items.Item\", \"type\": 0, \"id\": \"0-YOYLS479\"}, \"quantity\": 1}": "in-queue",
    "{\"py/object\": \"items.ItemReq\", \"item\": {\"py/object\": \"items.Item\", \"type\": 0, \"id\": \"0-THPRA435\"}, \"quantity\": 1}": "in-queue",
    "{\"py/object\": \"items.ItemReq\", \"item\": {\"py/object\": \"items.Item\", \"type\": 0, \"id\": \"0-FKQSA996\"}, \"quantity\": 1}": "in-queue",
    "{\"py/object\": \"items.ItemReq\", \"item\": {\"py/object\": \"items.Item\", \"type\": 0, \"id\": \"0-LCZWN379\"}, \"quantity\": 1}": "in-queue",
    "{\"py/object\": \"items.ItemReq\", \"item\": {\"py/object\": \"items.Item\", \"type\": 0, \"id\": \"0-TITOL551\"}, \"quantity\": 1}": "in-queue",
    "{\"py/object\": \"items.ItemReq\", \"item\": {\"py/object\": \"items.Item\", \"type\": 0, \"id\": \"0-RZEJT203\"}, \"quantity\": 1}": "in-queue",
    "{\"py/object\": \"items.ItemReq\", \"item\": {\"py/object\": \"items.Item\", \"type\": 0, \"id\": \"0-SDSPX186\"}, \"quantity\": 1}": "in-queue",
    "{\"py/object\": \"items.ItemReq\", \"item\": {\"py/object\": \"items.Item\", \"type\": 0, \"id\": \"0-YAHPX594\"}, \"quantity\": 1}": "in-queue",
    "{\"py/object\": \"items.ItemReq\", \"item\": {\"py/object\": \"items.Item\", \"type\": 0, \"id\": \"0-JHIMF814\"}, \"quantity\": 1}": "in-queue",
    "{\"py/object\": \"items.ItemReq\", \"item\": {\"py/object\": \"items.Item\", \"type\": 0, \"id\": \"0-ECWZD511\"}, \"quantity\": 1}": "in-queue",
    "{\"py/object\": \"items.ItemReq\", \"item\": {\"py/object\": \"items.Item\", \"type\": 0, \"id\": \"0-HSBYF626\"}, \"quantity\": 1}": "in-queue",
    "{\"py/object\": \"items.ItemReq\", \"item\": {\"py/object\": \"items.Item\", \"type\": 0, \"id\": \"0-NYJKW973\"}, \"quantity\": 1}": "in-queue",
    "{\"py/object\": \"items.ItemReq\", \"item\": {\"py/object\": \"items.Item\", \"type\": 0, \"id\": \"0-GLXZO180\"}, \"quantity\": 1}": "in-queue",
    "{\"py/object\": \"items.ItemReq\", \"item\": {\"py/object\": \"items.Item\", \"type\": 0, \"id\": \"0-FVFEU897\"}, \"quantity\": 1}": "in-queue",
    "{\"py/object\": \"items.ItemReq\", \"item\": {\"py/object\": \"items.Item\", \"type\": 0, \"id\": \"0-WPQLM984\"}, \"quantity\": 1}": "in-queue",
    "{\"py/object\": \"items.ItemReq\", \"item\": {\"py/object\": \"items.Item\", \"type\": 0, \"id\": \"0-VLXGU379\"}, \"quantity\": 1}": "in-queue",
    "{\"py/object\": \"items.ItemReq\", \"item\": {\"py/object\": \"items.Item\", \"type\": 0, \"id\": \"0-FHSTL397\"}, \"quantity\": 1}": "in-queue",
    "{\"py/object\": \"items.ItemReq\", \"item\": {\"py/object\": \"items.Item\", \"type\": 0, \"id\": \"0-AUGYK634\"}, \"quantity\": 1}": "in-queue",
    "{\"py/object\": \"items.ItemReq\", \"item\": {\"py/object\": \"items.Item\", \"type\": 0, \"id\": \"0-OSJRS548\"}, \"quantity\": 1}": "in-queue",
    "{\"py/object\": \"items.ItemReq\", \"item\": {\"py/object\": \"items.Item\", \"type\": 0, \"id\": \"0-AMKFV382\"}, \"quantity\": 1}": "in-queue",
    "{\"py/object\": \"items.ItemReq\", \"item\": {\"py/object\": \"items.Item\", \"type\": 0, \"id\": \"0-NHFUT646\"}, \"quantity\": 1}": "in-queue",
    "{\"py/object\": \"items.ItemReq\", \"item\": {\"py/object\": \"items.Item\", \"type\": 0, \"id\": \"0-UEANI049\"}, \"quantity\": 1}": "in-queue",
    "{\"py/object\": \"items.ItemReq\", \"item\": {\"py/object\": \"items.Item\", \"type\": 0, \"id\": \"0-ORJJG858\"}, \"quantity\": 1}": "in-queue",
    "{\"py/object\": \"items.ItemReq\", \"item\": {\"py/object\": \"items.Item\", \"type\": 0, \"id\": \"0-LFMRK648\"}, \"quantity\": 1}": "in-queue",
    "{\"py/object\": \"items.ItemReq\", \"item\": {\"py/object\": \"items.Item\", \"type\": 0, \"id\": \"0-YERDP453\"}, \"quantity\": 1}": "in-queue",
    "{\"py/object\": \"items.ItemReq\", \"item\": {\"py/object\": \"items.Item\", \"type\": 0, \"id\": \"0-DUOXI465\"}, \"quantity\": 1}": "in-queue",
    "{\"py/object\": \"items.ItemReq\", \"item\": {\"py/object\": \"items.Item\", \"type\": 0, \"id\": \"0-OPAKC167\"}, \"quantity\": 1}": "in-queue",
    "{\"py/object\": \"items.ItemReq\", \"item\": {\"py/object\": \"items.Item\", \"type\": 0, \"id\": \"0-QJGEM566\"}, \"quantity\": 1}": "in-queue",
    "{\"py/object\": \"items.ItemReq\", \"item\": {\"py/object\": \"items.Item\", \"type\": 0, \"id\": \"0-JRWQW798\"}, \"quantity\": 1}": "in-queue",
    "{\"py/object\": \"items.ItemReq\", \"item\": {\"py/object\": \"items.Item\", \"type\": 0, \"id\": \"0-WCDMT725\"}, \"quantity\": 1}": "in-queue",
    "{\"py/object\": \"items.ItemReq\", \"item\": {\"py/object\": \"items.Item\", \"type\": 0, \"id\": \"0-AHVSM566\"}, \"quantity\": 1}": "in-queue",
    "{\"py/object\": \"items.ItemReq\", \"item\": {\"py/object\": \"items.Item\", \"type\": 0, \"id\": \"0-SHHHW495\"}, \"quantity\": 1}": "in-queue",
    "{\"py/object\": \"items.ItemReq\", \"item\": {\"py/object\": \"items.Item\", \"type\": 0, \"id\": \"0-ZTBXQ402\"}, \"quantity\": 1}": "in-queue",
    "{\"py/object\": \"items.ItemReq\", \"item\": {\"py/object\": \"items.Item\", \"type\": 0, \"id\": \"0-GSEHQ450\"}, \"quantity\": 1}": "in-queue",
    "{\"py/object\": \"items.ItemReq\", \"item\": {\"py/object\": \"items.Item\", \"type\": 0, \"id\": \"0-FCQDN173\"}, \"quantity\": 1}": "in-queue",
    "{\"py/object\": \"items.ItemReq\", \"item\": {\"py/object\": \"items.Item\", \"type\": 0, \"id\": \"0-HDHOC901\"}, \"quantity\": 1}": "in-queue",
    "{\"py/object\": \"items.ItemReq\", \"item\": {\"py/object\": \"items.Item\", \"type\": 0, \"id\": \"0-NFHZR191\"}, \"quantity\": 1}": "in-queue",
    "{\"py/object\": \"items.ItemReq\", \"item\": {\"py/object\": \"items.Item\", \"type\": 0, \"id\": \"0-QICKA467\"}, \"quantity\": 1}": "in-queue",
    "{\"py/object\": \"items.ItemReq\", \"item\": {\"py/object\": \"items.Item\", \"type\": 0, \"id\": \"0-HBVNO887\"}, \"quantity\": 1}": "in-queue",
    "{\"py/object\": \"items.ItemReq\", \"item\": {\"py/object\": \"items.Item\", \"type\": 0, \"id\": \"0-KFWSX952\"}, \"quantity\": 1}": "in-queue",
    "{\"py/object\": \"items.ItemReq\", \"item\": {\"py/object\": \"items.Item\", \"type\": 0, \"id\": \"0-GQHEK772\"}, \"quantity\": 1}": "in-queue",
    "{\"py/object\": \"items.ItemReq\", \"item\": {\"py/object\": \"items.Item\", \"type\": 0, \"id\": \"0-PNITO834\"}, \"quantity\": 1}": "in-queue",
    "{\"py/object\": \"items.ItemReq\", \"item\": {\"py/object\": \"items.Item\", \"type\": 0, \"id\": \"0-EGIGT404\"}, \"quantity\": 1}": "in-queue",
    "{\"py/object\": \"items.ItemReq\", \"item\": {\"py/object\": \"items.Item\", \"type\": 0, \"id\": \"0-BOISA209\"}, \"quantity\": 1}": "in-queue",
    "{\"py/object\": \"items.ItemReq\", \"item\": {\"py/object\": \"items.Item\", \"type\": 0, \"id\": \"0-JDAKD357\"}, \"quantity\": 1}": "in-queue",
    "{\"py/object\": \"items.ItemReq\", \"item\": {\"py/object\": \"items.Item\", \"type\": 0, \"id\": \"0-XALUP230\"}, \"quantity\": 1}": "in-queue",
    "{\"py/object\": \"items.ItemReq\", \"item\": {\"py/object\": \"items.Item\", \"type\": 0, \"id\": \"0-UWEYD038\"}, \"quantity\": 1}": "in-queue",
    "{\"py/object\": \"items.ItemReq\", \"item\": {\"py/object\": \"items.Item\", \"type\": 0, \"id\": \"0-ABUJZ204\"}, \"quantity\": 1}": "in-queue",
    "{\"py/object\": \"items.ItemReq\", \"item\": {\"py/object\": \"items.Item\", \"type\": 0, \"id\": \"0-GEJHA675\"}, \"quantity\": 1}": "in-queue",
    "{\"py/object\": \"items.ItemReq\", \"item\": {\"py/object\": \"items.Item\", \"type\": 0, \"id\": \"0-HKXCQ082\"}, \"quantity\": 1}": "in-queue",
    "{\"py/object\": \"items.ItemReq\", \"item\": {\"py/object\": \"items.Item\", \"type\": 0, \"id\": \"0-YQGCX240\"}, \"quantity\": 1}": "in-queue",
    "{\"py/object\": \"items.ItemReq\", \"item\": {\"py/object\": \"items.Item\", \"type\": 0, \"id\": \"0-ZDAVU686\"}, \"quantity\": 1}": "in-queue",
    "{\"py/object\": \"items.ItemReq\", \"item\": {\"py/object\": \"items.Item\", \"type\": 0, \"id\": \"0-XEVWG827\"}, \"quantity\": 1}": "in-queue",
    "{\"py/object\": \"items.ItemReq\", \"item\": {\"py/object\": \"items.Item\", \"type\": 0, \"id\": \"0-ERDND127\"}, \"quantity\": 1}": "in-queue",
    "{\"py/object\": \"items.ItemReq\", \"item\": {\"py/object\": \"items.Item\", \"type\": 0, \"id\": \"0-FVFKO883\"}, \"quantity\": 1}": "in-queue",
    "{\"py/object\": \"items.ItemReq\", \"item\": {\"py/object\": \"items.Item\", \"type\": 0, \"id\": \"0-XPYRE371\"}, \"quantity\": 1}": "in-queue",
    "{\"py/object\": \"items.ItemReq\", \"item\": {\"py/object\": \"items.Item\", \"type\": 0, \"id\": \"0-SKISF516\"}, \"quantity\": 1}": "in-queue",
    "{\"py/object\": \"items.ItemReq\", \"item\": {\"py/object\": \"items.Item\", \"type\": 0, \"id\": \"0-DVFLQ550\"}, \"quantity\": 1}": "in-queue",
    "{\"py/object\": \"items.ItemReq\", \"item\": {\"py/object\": \"items.Item\", \"type\": 0, \"id\": \"0-SFXEM636\"}, \"quantity\": 1}": "in-queue",
    "{\"py/object\": \"items.ItemReq\", \"item\": {\"py/object\": \"items.Item\", \"type\": 0, \"id\": \"0-MWHFR682\"}, \"quantity\": 1}": "in-queue",
    "{\"py/object\": \"items.ItemReq\", \"item\": {\"py/object\": \"items.Item\", \"type\": 0, \"id\": \"0-CWDRW180\"}, \"quantity\": 1}": "in-queue",
    "{\"py/object\": \"items.ItemReq\", \"item\": {\"py/object\": \"items.Item\", \"type\": 0, \"id\": \"0-MZSLV694\"}, \"quantity\": 1}": "in-queue",
    "{\"py/object\": \"items.ItemReq\", \"item\": {\"py/object\": \"items.Item\", \"type\": 0, \"id\": \"0-LYJTQ141\"}, \"quantity\": 1}": "in-queue",
    "{\"py/object\": \"items.ItemReq\", \"item\": {\"py/object\": \"items.Item\", \"type\": 0, \"id\": \"0-OXJAK817\"}, \"quantity\": 1}": "in-queue",
    "{\"py/object\": \"items.ItemReq\", \"item\": {\"py/object\": \"items.Item\", \"type\": 0, \"id\": \"0-MWTOE883\"}, \"quantity\": 1}": "in-queue",
    "{\"py/object\": \"items.ItemReq\", \"item\": {\"py/object\": \"items.Item\", \"type\": 0, \"id\": \"0-YXWTC010\"}, \"quantity\": 1}": "in-queue",
    "{\"py/object\": \"items.ItemReq\", \"item\": {\"py/object\": \"items.Item\", \"type\": 0, \"id\": \"0-PQFNO385\"}, \"quantity\": 1}": "in-queue",
    "{\"py/object\": \"items.ItemReq\", \"item\": {\"py/object\": \"items.Item\", \"type\": 0, \"id\": \"0-UMGMX915\"}, \"quantity\": 1}": "in-queue",
    "{\"py/object\": \"items.ItemReq\", \"item\": {\"py/object\": \"items.Item\", \"type\": 0, \"id\": \"0-QLRBC387\"}, \"quantity\": 1}": "in-queue",
    "{\"py/object\": \"items.ItemReq\", \"item\": {\"py/object\": \"items.Item\", \"type\": 0, \"id\": \"0-UEXBB123\"}, \"quantity\": 1}": "in-queue",
    "{\"py/object\": \"items.ItemReq\", \"item\": {\"py/object\": \"items.Item\", \"type\": 0, \"id\": \"0-HSCYY081\"}, \"quantity\": 1}": "in-queue",
    "{\"py/object\": \"items.ItemReq\", \"item\": {\"py/object\": \"items.Item\", \"type\": 0, \"id\": \"0-YPHBD276\"}, \"quantity\": 1}": "in-queue",
    "{\"py/object\": \"items.ItemReq\", \"item\": {\"py/object\": \"items.Item\", \"type\": 0, \"id\": \"0-NUYVR194\"}, \"quantity\": 1}": "in-queue",
    "{\"py/object\": \"items.ItemReq\", \"item\": {\"py/object\": \"items.Item\", \"type\": 0, \"id\": \"0-WKZJZ049\"}, \"quantity\": 1}": "in-queue",
    "{\"py/object\": \"items.ItemReq\", \"item\": {\"py/object\": \"items.Item\", \"type\": 0, \"id\": \"0-GYOUI149\"}, \"quantity\": 1}": "in-queue",
    "{\"py/object\": \"items.ItemReq\", \"item\": {\"py/object\": \"items.Item\", \"type\": 0, \"id\": \"0-EUYKW650\"}, \"quantity\": 1}": "in-queue",
    "{\"py/object\": \"items.ItemReq\", \"item\": {\"py/object\": \"items.Item\", \"type\": 0, \"id\": \"0-GPXIG470\"}, \"quantity\": 1}": "in-queue",
    "{\"py/object\": \"items.ItemReq\", \"item\": {\"py/object\": \"items.Item\", \"type\": 0, \"id\": \"0-HVLGJ454\"}, \"quantity\": 1}": "in-queue",
    "{\"py/object\": \"items.ItemReq\", \"item\": {\"py/object\": \"items.Item\", \"type\": 0, \"id\": \"0-TBUPR488\"}, \"quantity\": 1}": "in-queue",
    "{\"py/object\": \"items.ItemReq\", \"item\": {\"py/object\": \"items.Item\", \"type\": 0, \"id\": \"0-YZXCN295\"}, \"quantity\": 1}": "in-queue",
    "{\"py/object\": \"items.ItemReq\", \"item\": {\"py/object\": \"items.Item\", \"type\": 0, \"id\": \"0-TPFVP128\"}, \"quantity\": 1}": "in-queue",
    "{\"py/object\": \"items.ItemReq\", \"item\": {\"py/object\": \"items.Item\", \"type\": 0, \"id\": \"0-BKSAO093\"}, \"quantity\": 1}": "in-queue",
    "{\"py/object\": \"items.ItemReq\", \"item\": {\"py/object\": \"items.Item\", \"type\": 0, \"id\": \"0-HTIYZ537\"}, \"quantity\": 1}": "in-queue",
    "{\"py/object\": \"items.ItemReq\", \"item\": {\"py/object\": \"items.Item\", \"type\": 0, \"id\": \"0-XSASX339\"}, \"quantity\": 1}": "in-queue",
    "{\"py/object\": \"items.ItemReq\", \"item\": {\"py/object\": \"items.Item\", \"type\": 0, \"id\": \"0-KUOKX650\"}, \"quantity\": 1}": "in-queue",
    "{\"py/object\": \"items.ItemReq\", \"item\": {\"py/object\": \"items.Item\", \"type\": 0, \"id\": \"0-TVKAD190\"}, \"quantity\": 1}": "in-queue",
    "{\"py/object\": \"items.ItemReq\", \"item\": {\"py/object\": \"items.Item\", \"type\": 0, \"id\": \"0-RQAHI107\"}, \"quantity\": 1}": "in-queue",
    "{\"py/object\": \"items.ItemReq\", \"item\": {\"py/object\": \"items.Item\", \"type\": 0, \"id\": \"0-KVQKV002\"}, \"quantity\": 1}": "in-queue",
    "{\"py/object\": \"items.ItemReq\", \"item\": {\"py/object\": \"items.Item\", \"type\": 0, \"id\": \"0-KGETM912\"}, \"quantity\": 1}": "in-queue",
    "{\"py/object\": \"items.ItemReq\", \"item\": {\"py/object\": \"items.Item\", \"type\": 0, \"id\": \"0-HZOUP187\"}, \"quantity\": 1}": "in-queue",
    "{\"py/object\": \"items.ItemReq\", \"item\": {\"py/object\": \"items.Item\", \"type\": 0, \"id\": \"0-WVMLS575\"}, \"quantity\": 1}": "in-queue",
    "{\"py/object\": \"items.ItemReq\", \"item\": {\"py/object\": \"items.Item\", \"type\": 0, \"id\": \"0-CVSGM027\"}, \"quantity\": 1}": "in-queue",
    "{\"py/object\": \"items.ItemReq\", \"item\": {\"py/object\": \"items.Item\", \"type\": 0, \"id\": \"0-SASAY736\"}, \"quantity\": 1}": "in-queue",
    "{\"py/object\": \"items.ItemReq\", \"item\": {\"py/object\": \"items.Item\", \"type\": 0, \"id\": \"0-QNXVP038\"}, \"quantity\": 1}": "in-queue",
    "{\"py/object\": \"items.ItemReq\", \"item\": {\"py/object\": \"items.Item\", \"type\": 0, \"id\": \"0-NSUDN741\"}, \"quantity\": 1}": "in-queue",
    "{\"py/object\": \"items.ItemReq\", \"item\": {\"py/object\": \"items.Item\", \"type\": 0, \"id\": \"0-FZDYK842\"}, \"quantity\": 1}": "in-queue",
    "{\"py/object\": \"items.ItemReq\", \"item\": {\"py/object\": \"items.Item\", \"type\": 0, \"id\": \"0-HJSQD237\"}, \"quantity\": 1}": "in-queue",
    "{\"py/object\": \"items.ItemReq\", \"item\": {\"py/object\": \"items.Item\", \"type\": 0, \"id\": \"0-UDVBU872\"}, \"quantity\": 1}": "in-queue",
    "{\"py/object\": \"items.ItemReq\", \"item\": {\"py/object\": \"items.Item\", \"type\": 0, \"id\": \"0-EOYEX561\"}, \"quantity\": 1}": "in-queue",
    "{\"py/object\": \"items.ItemReq\", \"item\": {\"py/object\": \"items.Item\", \"type\": 0, \"id\": \"0-GSZKW988\"}, \"quantity\": 1}": "in-queue",
    "{\"py/object\": \"items.ItemReq\", \"item\": {\"py/object\": \"items.Item\", \"type\": 0, \"id\": \"0-STYVX097\"}, \"quantity\": 1}": "in-queue",
    "{\"py/object\": \"items.ItemReq\", \"item\": {\"py/object\": \"items.Item\", \"type\": 0, \"id\": \"0-SCOEC444\"}, \"quantity\": 1}": "in-queue",
    "{\"py/object\": \"items.ItemReq\", \"item\": {\"py/object\": \"items.Item\", \"type\": 0, \"id\": \"0-SJFBQ785\"}, \"quantity\": 1}": "in-queue",
    "{\"py/object\": \"items.ItemReq\", \"item\": {\"py/object\": \"items.Item\", \"type\": 0, \"id\": \"0-PZSTW878\"}, \"quantity\": 1}": "in-queue",
    "{\"py/object\": \"items.ItemReq\", \"item\": {\"py/object\": \"items.Item\", \"type\": 0, \"id\": \"0-HNKJV313\"}, \"quantity\": 1}": "in-queue",
    "{\"py/object\": \"items.ItemReq\", \"item\": {\"py/object\": \"items.Item\", \"type\": 0, \"id\": \"0-HUUVP010\"}, \"quantity\": 1}": "in-queue",
    "{\"py/object\": \"items.ItemReq\", \"item\": {\"py/object\": \"items.Item\", \"type\": 0, \"id\": \"0-UFUZI420\"}, \"quantity\": 1}": "in-queue",
    "{\"py/object\": \"items.ItemReq\", \"item\": {\"py/object\": \"items.Item\", \"type\": 0, \"id\": \"0-MUAXO670\"}, \"quantity\": 1}": "in-queue",
    "{\"py/object\": \"items.ItemReq\", \"item\": {\"py/object\": \"items.Item\", \"type\": 0, \"id\": \"0-YZTUH702\"}, \"quantity\": 1}": "in-queue",
    "{\"py/object\": \"items.ItemReq\", \"item\": {\"py/object\": \"items.Item\", \"type\": 0, \"id\": \"0-SKMSI601\"}, \"quantity\": 1}": "in-queue",
    "{\"py/object\": \"items.ItemReq\", \"item\": {\"py/object\": \"items.Item\", \"type\": 0, \"id\": \"0-QDBPV668\"}, \"quantity\": 1}": "in-queue",
    "{\"py/object\": \"items.ItemReq\", \"item\": {\"py/object\": \"items.Item\", \"type\": 0, \"id\": \"0-WLZYU678\"}, \"quantity\": 1}": "in-queue",
    "{\"py/object\": \"items.ItemReq\", \"item\": {\"py/object\": \"items.Item\", \"type\": 0, \"id\": \"0-VZJYA273\"}, \"quantity\": 1}": "in-queue",
    "{\"py/object\": \"items.ItemReq\", \"item\": {\"py/object\": \"items.Item\", \"type\": 0, \"id\": \"0-KBTGA402\"}, \"quantity\": 1}": "in-queue",
    "{\"py/object\": \"items.ItemReq\", \"item\": {\"py/object\": \"items.Item\", \"type\": 0, \"id\": \"0-JRMXW128\"}, \"quantity\": 1}": "in-queue",
    "{\"py/object\": \"items.ItemReq\", \"item\": {\"py/object\": \"items.Item\", \"type\": 0, \"id\": \"0-WJLVH467\"}, \"quantity\": 1}": "in-queue",
    "{\"py/object\": \"items.ItemReq\", \"item\": {\"py/object\": \"items.Item\", \"type\": 0, \"id\": \"0-LXXBX261\"}, \"quantity\": 1}": "in-queue",
    "{\"py/object\": \"items.ItemReq\", \"item\": {\"py/object\": \"items.Item\", \"type\": 0, \"id\": \"0-ORYND947\"}, \"quantity\": 1}": "in-queue",
    "{\"py/object\": \"items.ItemReq\", \"item\": {\"py/object\": \"items.Item\", \"type\": 0, \"id\": \"0-GFKWR587\"}, \"quantity\": 1}": "in-queue",
    "{\"py/object\": \"items.ItemReq\", \"item\": {\"py/object\": \"items.Item\", \"type\": 0, \"id\": \"0-LEQWO444\"}, \"quantity\": 1}": "in-queue"
}