{
    "{\"py/object\": \"items.ItemReq\", \"item\": {\"py/object\": \"items.Item\", \"type\": 3, \"id\": \"3-JZQWX413\"}, \"quantity\": 1}": "in-queue",
    "{\"py/object\": \"items.ItemReq\", \"item\": {\"py/object\": \"items.Item\", \"type\": 3, \"id\": \"3-LVENL060\"}, \"quantity\": 1}": "in-queue",
    "{\"py/object\": \"items.ItemReq\", \"item\": {\"py/object\": \"items.Item\", \"type\": 3, \"id\": \"3-DMGZG590\"}, \"quantity\": 1}": "in-queue",
    "{\"py/object\": \"items.ItemReq\", \"item\": {\"py/object\": \"items.Item\", \"type\": 3, \"id\": \"3-FDUCN576\"}, \"quantity\": 1}": "in-queue",
    "{\"py/object\": \"items.ItemReq\", \"item\": {\"py/object\": \"items.Item\", \"type\": 3, \"id\": \"3-CSPBX535\"}, \"quantity\": 1}": "in-queue",
    "{\"py/object\": \"items.ItemReq\", \"item\": {\"py/object\": \"items.Item\", \"type\": 3, \"id\": \"3-FNAFU063\"}, \"quantity\": 1}": "in-queue",
    "{\"py/object\": \"items.ItemReq\", \"item\": {\"py/object\": \"items.Item\", \"type\": 3, \"id\": \"3-LQTXK168\"}, \"quantity\": 1}": "in-queue",
    "{\"py/object\": \"items.ItemReq\", \"item\": {\"py/object\": \"items.Item\", \"type\": 3, \"id\": \"3-MCEWR076\"}, \"quantity\": 1}": "in-queue",
    "{\"py/object\": \"items.ItemReq\", \"item\": {\"py/object\": \"items.Item\", \"type\": 3, \"id\": \"3-CMXAG720\"}, \"quantity\": 1}": "in-queue",
    "{\"py/object\": \"items.ItemReq\", \"item\": {\"py/object\": \"items.Item\", \"type\": 3, \"id\": \"3-OLJRV113\"}, \"quantity\": 1}": "in-queue",
    "{\"py/object\": \"items.ItemReq\", \"item\": {\"py/object\": \"items.Item\", \"type\": 3, \"id\": \"3-BMKCW715\"}, \"quantity\": 1}": "in-queue",
    "{\"py/object\": \"items.ItemReq\", \"item\": {\"py/object\": \"items.Item\", \"type\": 3, \"id\": \"3-UHAXW728\"}, \"quantity\": 1}": "in-queue",
    "{\"py/object\": \"items.ItemReq\", \"item\": {\"py/object\": \"items.Item\", \"type\": 3, \"id\": \"3-JZBAO400\"}, \"quantity\": 1}": "in-queue",
    "{\"py/object\": \"items.ItemReq\", \"item\": {\"py/object\": \"items.Item\", \"type\": 3, \"id\": \"3-JZDFG571\"}, \"quantity\": 1}": "in-queue",
    "{\"py/object\": \"items.ItemReq\", \"item\": {\"py/object\": \"items.Item\", \"type\": 3, \"id\": \"3-BIRSA747\"}, \"quantity\": 1}": "in-queue",
    "{\"py/object\": \"items.ItemReq\", \"item\": {\"py/object\": \"items.Item\", \"type\": 3, \"id\": \"3-DIXOM946\"}, \"quantity\": 1}": "in-queue",
    "{\"py/object\": \"items.ItemReq\", \"item\": {\"py/object\": \"items.Item\", \"type\": 3, \"id\": \"3-CGEUF438\"}, \"quantity\": 1}": "in-queue",
    "{\"py/object\": \"items.ItemReq\", \"item\": {\"py/object\": \"items.Item\", \"type\": 3, \"id\": \"3-GOGXW438\"}, \"quantity\": 1}": "in-queue",
    "{\"py/object\": \"items.ItemReq\", \"item\": {\"py/object\": \"items.Item\", \"type\": 3, \"id\": \"3-UUYSP213\"}, \"quantity\": 1}": "in-queue",
    "{\"py/object\": \"items.ItemReq\", \"item\": {\"py/object\": \"items.Item\", \"type\": 3, \"id\": \"3-GPHGB444\"}, \"quantity\": 1}": "in-queue",
    "{\"py/object\": \"items.ItemReq\", \"item\": {\"py/object\": \"items.Item\", \"type\": 3, \"id\": \"3-MKOCY407\"}, \"quantity\": 1}": "in-queue",
    "{\"py/object\": \"items.ItemReq\", \"item\": {\"py/object\": \"items.Item\", \"type\": 3, \"id\": \"3-FXVGD547\"}, \"quantity\": 1}": "in-queue",
    "{\"py/object\": \"items.ItemReq\", \"item\": {\"py/object\": \"items.Item\", \"type\": 3, \"id\": \"3-QEBKK844\"}, \"quantity\": 1}": "in-queue",
    "{\"py/object\": \"items.ItemReq\", \"item\": {\"py/object\": \"items.Item\", \"type\": 3, \"id\": \"3-RZHCS346\"}, \"quantity\": 1}": "in-queue",
    "{\"py/object\": \"items.ItemReq\", \"item\": {\"py/object\": \"items.Item\", \"type\": 3, \"id\": \"3-XAPAI518\"}, \"quantity\": 1}": "in-queue",
    "{\"py/object\": \"items.ItemReq\", \"item\": {\"py/object\": \"items.Item\", \"type\": 3, \"id\": \"3-ZMPGK573\"}, \"quantity\": 1}": "in-queue",
    "{\"py/object\": \"items.ItemReq\", \"item\": {\"py/object\": \"items.Item\", \"type\": 3, \"id\": \"3-NNHIN159\"}, \"quantity\": 1}": "in-queue",
    "{\"py/object\": \"items.ItemReq\", \"item\": {\"py/object\": \"items.Item\", \"type\": 3, \"id\": \"3-TZMFR457\"}, \"quantity\": 1}": "in-queue",
    "{\"py/object\": \"items.ItemReq\", \"item\": {\"py/object\": \"items.Item\", \"type\": 3, \"id\": \"3-QYGEG041\"}, \"quantity\": 1}": "in-queue",
    "{\"py/object\": \"items.ItemReq\", \"item\": {\"py/object\": \"items.Item\", \"type\": 3, \"id\": \"3-YPXQR268\"}, \"quantity\": 1}": "in-queue",
    "{\"py/object\": \"items.ItemReq\", \"item\": {\"py/object\": \"items.Item\", \"type\": 3, \"id\": \"3-BQDFA723\"}, \"quantity\": 1}": "in-queue",
    "{\"py/object\": \"items.ItemReq\", \"item\": {\"py/object\": \"items.Item\", \"type\": 3, \"id\": \"3-ZIASJ176\"}, \"quantity\": 1}": "in-queue",
    "{\"py/object\": \"items.ItemReq\", \"item\": {\"py/object\": \"items.Item\", \"type\": 3, \"id\": \"3-RIDMM011\"}, \"quantity\": 1}": "in-queue",
    "{\"py/object\": \"items.ItemReq\", \"item\": {\"py/object\": \"items.Item\", \"type\": 3, \"id\": \"3-DJADQ965\"}, \"quantity\": 1}": "in-queue",
    "{\"py/object\": \"items.ItemReq\", \"item\": {\"py/object\": \"items.Item\", \"type\": 3, \"id\": \"3-SEKYK257\"}, \"quantity\": 1}": "in-queue",
    "{\"py/object\": \"items.ItemReq\", \"item\": {\"py/object\": \"items.Item\", \"type\": 3, \"id\": \"3-NAAFW986\"}, \"quantity\": 1}": "in-queue",
    "{\"py/object\": \"items.ItemReq\", \"item\": {\"py/object\": \"items.Item\", \"type\": 3, \"id\": \"3-UYRCQ864\"}, \"quantity\": 1}": "in-queue",
    "{\"py/object\": \"items.ItemReq\", \"item\": {\"py/object\": \"items.Item\", \"type\": 3, \"id\": \"3-GHOQP967\"}, \"quantity\": 1}": "in-queue",
    "{\"py/object\": \"items.ItemReq\", \"item\": {\"py/object\": \"items.Item\", \"type\": 3, \"id\": \"3-MJOVV032\"}, \"quantity\": 1}": "in-queue",
    "{\"py/object\": \"items.ItemReq\", \"item\": {\"py/object\": \"items.Item\", \"type\": 3, \"id\": \"3-JGDBV523\"}, \"quantity\": 1}": "in-queue",
    "{\"py/object\": \"items.ItemReq\", \"item\": {\"py/object\": \"items.Item\", \"type\": 3, \"id\": \"3-JGCSX141\"}, \"quantity\": 1}": "in-queue",
    "{\"py/object\": \"items.ItemReq\", \"item\": {\"py/object\": \"items.Item\", \"type\": 3, \"id\": \"3-JTZBU326\"}, \"quantity\": 1}": "in-queue",
    "{\"py/object\": \"items.ItemReq\", \"item\": {\"py/object\": \"items.Item\", \"type\": 3, \"id\": \"3-TIYMY383\"}, \"quantity\": 1}": "in-queue",
    "{\"py/object\": \"items.ItemReq\", \"item\": {\"py/object\": \"items.Item\", \"type\": 3, \"id\": \"3-ZMOWC906\"}, \"quantity\": 1}": "in-queue",
    "{\"py/object\": \"items.ItemReq\", \"item\": {\"py/object\": \"items.Item\", \"type\": 3, \"id\": \"3-MBARK100\"}, \"quantity\": 1}": "in-queue",
    "{\"py/object\": \"items.ItemReq\", \"item\": {\"py/object\": \"items.Item\", \"type\": 3, \"id\": \"3-ZSUKZ170\"}, \"quantity\": 1}": "in-queue",
    "{\"py/object\": \"items.ItemReq\", \"item\": {\"py/object\": \"items.Item\", \"type\": 3, \"id\": \"3-XATWC005\"}, \"quantity\": 1}": "in-queue",
    "{\"py/object\": \"items.ItemReq\", \"item\": {\"py/object\": \"items.Item\", \"type\": 3, \"id\": \"3-JPRKZ062\"}, \"quantity\": 1}": "in-queue",
    "{\"py/object\": \"items.ItemReq\", \"item\": {\"py/object\": \"items.Item\", \"type\": 3, \"id\": \"3-WBTAN671\"}, \"quantity\": 1}": "in-queue",
    "{\"py/object\": \"items.ItemReq\", \"item\": {\"py/object\": \"items.Item\", \"type\": 3, \"id\": \"3-PYQLD017\"}, \"quantity\": 1}": "in-queue",
    "{\"py/object\": \"items.ItemReq\", \"item\": {\"py/object\": \"items.Item\", \"type\": 3, \"id\": \"3-YBGFX407\"}, \"quantity\": 1}": "in-queue",
    "{\"py/object\": \"items.ItemReq\", \"item\": {\"py/object\": \"items.Item\", \"type\": 3, \"id\": \"3-APFGZ454\"}, \"quantity\": 1}": "in-queue",
    "{\"py/object\": \"items.ItemReq\", \"item\": {\"py/object\": \"items.Item\", \"type\": 3, \"id\": \"3-SEJLH537\"}, \"quantity\": 1}": "in-queue",
    "{\"py/object\": \"items.ItemReq\", \"item\": {\"py/object\": \"items.Item\", \"type\": 3, \"id\": \"3-WWEPP518\"}, \"quantity\": 1}": "in-queue",
    "{\"py/object\": \"items.ItemReq\", \"item\": {\"py/object\": \"items.Item\", \"type\": 3, \"id\": \"3-AABYJ229\"}, \"quantity\": 1}": "in-queue",
    "{\"py/object\": \"items.ItemReq\", \"item\": {\"py/object\": \"items.Item\", \"type\": 3, \"id\": \"3-AEDUZ702\"}, \"quantity\": 1}": "in-queue",
    "{\"py/object\": \"items.ItemReq\", \"item\": {\"py/object\": \"items.Item\", \"type\": 3, \"id\": \"3-WWVRH362\"}, \"quantity\": 1}": "in-queue",
    "{\"py/object\": \"items.ItemReq\", \"item\": {\"py/object\": \"items.Item\", \"type\": 3, \"id\": \"3-VMKSI018\"}, \"quantity\": 1}": "in-queue",
    "{\"py/object\": \"items.ItemReq\", \"item\": {\"py/object\": \"items.Item\", \"type\": 3, \"id\": \"3-KZAWZ643\"}, \"quantity\": 1}": "in-queue",
    "{\"py/object\": \"items.ItemReq\", \"item\": {\"py/object\": \"items.Item\", \"type\": 3, \"id\": \"3-FCZIL572\"}, \"quantity\": 1}": "in-queue",
    "{\"py/object\": \"items.ItemReq\", \"item\": {\"py/object\": \"items.Item\", \"type\": 3, \"id\": \"3-WQEUT741\"}, \"quantity\": 1}": "in-queue",
    "{\"py/object\": \"items.ItemReq\", \"item\": {\"py/object\": \"items.Item\", \"type\": 3, \"id\": \"3-SIHEK152\"}, \"quantity\": 1}": "in-queue",
    "{\"py/object\": \"items.ItemReq\", \"item\": {\"py/object\": \"items.Item\", \"type\": 3, \"id\": \"3-BJQAO649\"}, \"quantity\": 1}": "in-queue",
    "{\"py/object\": \"items.ItemReq\", \"item\": {\"py/object\": \"items.Item\", \"type\": 3, \"id\": \"3-ORRCM056\"}, \"quantity\": 1}": "in-queue",
    "{\"py/object\": \"items.ItemReq\", \"item\": {\"py/object\": \"items.Item\", \"type\": 3, \"id\": \"3-NNXLU023\"}, \"quantity\": 1}": "in-queue",
    "{\"py/object\": \"items.ItemReq\", \"item\": {\"py/object\": \"items.Item\", \"type\": 3, \"id\": \"3-RJOWD407\"}, \"quantity\": 1}": "in-queue",
    "{\"py/object\": \"items.ItemReq\", \"item\": {\"py/object\": \"items.Item\", \"type\": 3, \"id\": \"3-LDRGT676\"}, \"quantity\": 1}": "in-queue",
    "{\"py/object\": \"items.ItemReq\", \"item\": {\"py/object\": \"items.Item\", \"type\": 3, \"id\": \"3-ZMGVM114\"}, \"quantity\": 1}": "in-queue",
    "{\"py/object\": \"items.ItemReq\", \"item\": {\"py/object\": \"items.Item\", \"type\": 3, \"id\": \"3-HQZEN982\"}, \"quantity\": 1}": "in-queue",
    "{\"py/object\": \"items.ItemReq\", \"item\": {\"py/object\": \"items.Item\", \"type\": 3, \"id\": \"3-GNNSH105\"}, \"quantity\": 1}": "in-queue",
    "{\"py/object\": \"items.ItemReq\", \"item\": {\"py/object\": \"items.Item\", \"type\": 3, \"id\": \"3-DSHOR777\"}, \"quantity\": 1}": "in-queue",
    "{\"py/object\": \"items.ItemReq\", \"item\": {\"py/object\": \"items.Item\", \"type\": 3, \"id\": \"3-JUVOM352\"}, \"quantity\": 1}": "in-queue",
    "{\"py/object\": \"items.ItemReq\", \"item\": {\"py/object\": \"items.Item\", \"type\": 3, \"id\": \"3-FPJLM989\"}, \"quantity\": 1}": "in-queue",
    "{\"py/object\": \"items.ItemReq\", \"item\": {\"py/object\": \"items.Item\", \"type\": 3, \"id\": \"3-QALWV372\"}, \"quantity\": 1}": "in-queue",
    "{\"py/object\": \"items.ItemReq\", \"item\": {\"py/object\": \"items.Item\", \"type\": 3, \"id\": \"3-YSYXB668\"}, \"quantity\": 1}": "in-queue",
    "{\"py/object\": \"items.ItemReq\", \"item\": {\"py/object\": \"items.Item\", \"type\": 3, \"id\": \"3-VYYEF816\"}, \"quantity\": 1}": "in-queue",
    "{\"py/object\": \"items.ItemReq\", \"item\": {\"py/object\": \"items.Item\", \"type\": 3, \"id\": \"3-ZOHHD727\"}, \"quantity\": 1}": "in-queue",
    "{\"py/object\": \"items.ItemReq\", \"item\": {\"py/object\": \"items.Item\", \"type\": 3, \"id\": \"3-CPXGM072\"}, \"quantity\": 1}": "in-queue",
    "{\"py/object\": \"items.ItemReq\", \"item\": {\"py/object\": \"items.Item\", \"type\": 3, \"id\": \"3-RUQJB380\"}, \"quantity\": 1}": "in-queue",
    "{\"py/object\": \"items.ItemReq\", \"item\": {\"py/object\": \"items.Item\", \"type\": 3, \"id\": \"3-CCUGZ696\"}, \"quantity\": 1}": "in-queue",
    "{\"py/object\": \"items.ItemReq\", \"item\": {\"py/object\": \"items.Item\", \"type\": 3, \"id\": \"3-PUUDU178\"}, \"quantity\": 1}": "in-queue",
    "{\"py/object\": \"items.ItemReq\", \"item\": {\"py/object\": \"items.Item\", \"type\": 3, \"id\": \"3-HVEAR167\"}, \"quantity\": 1}": "in-queue",
    "{\"py/object\": \"items.ItemReq\", \"item\": {\"py/object\": \"items.Item\", \"type\": 3, \"id\": \"3-CHKRC194\"}, \"quantity\": 1}": "in-queue",
    "{\"py/object\": \"items.ItemReq\", \"item\": {\"py/object\": \"items.Item\", \"type\": 3, \"id\": \"3-NQQCM685\"}, \"quantity\": 1}": "in-queue",
    "{\"py/object\": \"items.ItemReq\", \"item\": {\"py/object\": \"items.Item\", \"type\": 3, \"id\": \"3-IDVQW791\"}, \"quantity\": 1}": "in-queue",
    "{\"py/object\": \"items.ItemReq\", \"item\": {\"py/object\": \"items.Item\", \"type\": 3, \"id\": \"3-REGJY006\"}, \"quantity\": 1}": "in-queue",
    "{\"py/object\": \"items.ItemReq\", \"item\": {\"py/object\": \"items.Item\", \"type\": 3, \"id\": \"3-YPCHN860\"}, \"quantity\": 1}": "in-queue",
    "{\"py/object\": \"items.ItemReq\", \"item\": {\"py/object\": \"items.Item\", \"type\": 3, \"id\": \"3-TGDWR867\"}, \"quantity\": 1}": "in-queue",
    "{\"py/object\": \"items.ItemReq\", \"item\": {\"py/object\": \"items.Item\", \"type\": 3, \"id\": \"3-VIWEJ165\"}, \"quantity\": 1}": "in-queue",
    "{\"py/object\": \"items.ItemReq\", \"item\": {\"py/object\": \"items.Item\", \"type\": 3, \"id\": \"3-LGZTO889\"}, \"quantity\": 1}": "in-queue",
    "{\"py/object\": \"items.ItemReq\", \"item\": {\"py/object\": \"items.Item\", \"type\": 3, \"id\": \"3-OANHS865\"}, \"quantity\": 1}": "in-queue",
    "{\"py/object\": \"items.ItemReq\", \"item\": {\"py/object\": \"items.Item\", \"type\": 3, \"id\": \"3-BIPLF275\"}, \"quantity\": 1}": "in-queue",
    "{\"py/object\": \"items.ItemReq\", \"item\": {\"py/object\": \"items.Item\", \"type\": 3, \"id\": \"3-ACCQE538\"}, \"quantity\": 1}": "in-queue",
    "{\"py/object\": \"items.ItemReq\", \"item\": {\"py/object\": \"items.Item\", \"type\": 3, \"id\": \"3-XVTEN538\"}, \"quantity\": 1}": "in-queue",
    "{\"py/object\": \"items.ItemReq\", \"item\": {\"py/object\": \"items.Item\", \"type\": 3, \"id\": \"3-IDFOU968\"}, \"quantity\": 1}": "in-queue",
    "{\"py/object\": \"items.ItemReq\", \"item\": {\"py/object\": \"items.Item\", \"type\": 3, \"id\": \"3-ERNVF288\"}, \"quantity\": 1}": "in-queue",
    "{\"py/object\": \"items.ItemReq\", \"item\": {\"py/object\": \"items.Item\", \"type\": 3, \"id\": \"3-YQQXM294\"}, \"quantity\": 1}": "in-queue",
    "{\"py/object\": \"items.ItemReq\", \"item\": {\"py/object\": \"items.Item\", \"type\": 3, \"id\": \"3-SZXCH204\"}, \"quantity\": 1}": "in-queue",
    "{\"py/object\": \"items.ItemReq\", \"item\": {\"py/object\": \"items.Item\", \"type\": 3, \"id\": \"3-TRBZD769\"}, \"quantity\": 1}": "in-queue",
    "{\"py/object\": \"items.ItemReq\", \"item\": {\"py/object\": \"items.Item\", \"type\": 3, \"id\": \"3-ERVOB570\"}, \"quantity\": 1}": "in-queue",
    "{\"py/object\": \"items.ItemReq\", \"item\": {\"py/object\": \"items.Item\", \"type\": 3, \"id\": \"3-EUHXM600\"}, \"quantity\": 1}": "in-queue",
    "{\"py/object\": \"items.ItemReq\", \"item\": {\"py/object\": \"items.Item\", \"type\": 3, \"id\": \"3-FFDNQ000\"}, \"quantity\": 1}": "in-queue",
    "{\"py/object\": \"items.ItemReq\", \"item\": {\"py/object\": \"items.Item\", \"type\": 3, \"id\": \"3-UXCLU414\"}, \"quantity\": 1}": "in-queue",
    "{\"py/object\": \"items.ItemReq\", \"item\": {\"py/object\": \"items.Item\", \"type\": 3, \"id\": \"3-UWORX936\"}, \"quantity\": 1}": "in-queue",
    "{\"py/object\": \"items.ItemReq\", \"item\": {\"py/object\": \"items.Item\", \"type\": 3, \"id\": \"3-WAKQW921\"}, \"quantity\": 1}": "in-queue",
    "{\"py/object\": \"items.ItemReq\", \"item\": {\"py/object\": \"items.Item\", \"type\": 3, \"id\": \"3-EJQSK723\"}, \"quantity\": 1}": "in-queue",
    "{\"py/object\": \"items.ItemReq\", \"item\": {\"py/object\": \"items.Item\", \"type\": 3, \"id\": \"3-ETNFW621\"}, \"quantity\": 1}": "in-queue",
    "{\"py/object\": \"items.ItemReq\", \"item\": {\"py/object\": \"items.Item\", \"type\": 3, \"id\": \"3-TVLCC498\"}, \"quantity\": 1}": "in-queue",
    "{\"py/object\": \"items.ItemReq\", \"item\": {\"py/object\": \"items.Item\", \"type\": 3, \"id\": \"3-WSCBW466\"}, \"quantity\": 1}": "in-queue",
    "{\"py/object\": \"items.ItemReq\", \"item\": {\"py/object\": \"items.Item\", \"type\": 3, \"id\": \"3-EPNQH895\"}, \"quantity\": 1}": "in-queue",
    "{\"py/object\": \"items.ItemReq\", \"item\": {\"py/object\": \"items.Item\", \"type\": 3, \"id\": \"3-NPWBR093\"}, \"quantity\": 1}": "in-queue",
    "{\"py/object\": \"items.ItemReq\", \"item\": {\"py/object\": \"items.Item\", \"type\": 3, \"id\": \"3-RUJOX889\"}, \"quantity\": 1}": "in-queue",
    "{\"py/object\": \"items.ItemReq\", \"item\": {\"py/object\": \"items.Item\", \"type\": 3, \"id\": \"3-RHVFM883\"}, \"quantity\": 1}": "in-queue",
    "{\"py/object\": \"items.ItemReq\", \"item\": {\"py/object\": \"items.Item\", \"type\": 3, \"id\": \"3-KUGJU072\"}, \"quantity\": 1}": "in-queue",
    "{\"py/object\": \"items.ItemReq\", \"item\": {\"py/object\": \"items.Item\", \"type\": 3, \"id\": \"3-PUOZO539\"}, \"quantity\": 1}": "in-queue",
    "{\"py/object\": \"items.ItemReq\", \"item\": {\"py/object\": \"items.Item\", \"type\": 3, \"id\": \"3-DUAPN390\"}, \"quantity\": 1}": "in-queue",
    "{\"py/object\": \"items.ItemReq\", \"item\": {\"py/object\": \"items.Item\", \"type\": 3, \"id\": \"3-BRHBX188\"}, \"quantity\": 1}": "in-queue",
    "{\"py/object\": \"items.ItemReq\", \"item\": {\"py/object\": \"items.Item\", \"type\": 3, \"id\": \"3-UKJBS474\"}, \"quantity\": 1}": "in-queue",
    "{\"py/object\": \"items.ItemReq\", \"item\": {\"py/object\": \"items.Item\", \"type\": 3, \"id\": \"3-LEDXK696\"}, \"quantity\": 1}": "in-queue",
    "{\"py/object\": \"items.ItemReq\", \"item\": {\"py/object\": \"items.Item\", \"type\": 3, \"id\": \"3-DADMR705\"}, \"quantity\": 1}": "in-queue",
    "{\"py/object\": \"items.ItemReq\", \"item\": {\"py/object\": \"items.Item\", \"type\": 3, \"id\": \"3-DMMYJ256\"}, \"quantity\": 1}": "in-queue",
    "{\"py/object\": \"items.ItemReq\", \"item\": {\"py/object\": \"items.Item\", \"type\": 3, \"id\": \"3-MOAUN928\"}, \"quantity\": 1}": "in-queue",
    "{\"py/object\": \"items.ItemReq\", \"item\": {\"py/object\": \"items.Item\", \"type\": 3, \"id\": \"3-MZSAJ236\"}, \"quantity\": 1}": "in-queue",
    "{\"py/object\": \"items.ItemReq\", \"item\": {\"py/object\": \"items.Item\", \"type\": 3, \"id\": \"3-AETHN764\"}, \"quantity\": 1}": "in-queue",
    "{\"py/object\": \"items.ItemReq\", \"item\": {\"py/object\": \"items.Item\", \"type\": 3, \"id\": \"3-VKKGO349\"}, \"quantity\": 1}": "in-queue",
    "{\"py/object\": \"items.ItemReq\", \"item\": {\"py/object\": \"items.Item\", \"type\": 3, \"id\": \"3-EUKLV576\"}, \"quantity\": 1}": "in-queue",
    "{\"py/object\": \"items.ItemReq\", \"item\": {\"py/object\": \"items.Item\", \"type\": 3, \"id\": \"3-WJPFY797\"}, \"quantity\": 1}": "in-queue",
    "{\"py/object\": \"items.ItemReq\", \"item\": {\"py/object\": \"items.Item\", \"type\": 3, \"id\": \"3-QILOP326\"}, \"quantity\": 1}": "in-queue",
    "{\"py/object\": \"items.ItemReq\", \"item\": {\"py/object\": \"items.Item\", \"type\": 3, \"id\": \"3-KHHNP971\"}, \"quantity\": 1}": "in-queue",
    "{\"py/object\": \"items.ItemReq\", \"item\": {\"py/object\": \"items.Item\", \"type\": 3, \"id\": \"3-KCQTY102\"}, \"quantity\": 1}": "in-queue",
    "{\"py/object\": \"items.ItemReq\", \"item\": {\"py/object\": \"items.Item\", \"type\": 3, \"id\": \"3-YQDRJ050\"}, \"quantity\": 1}": "in-queue",
    "{\"py/object\": \"items.ItemReq\", \"item\": {\"py/object\": \"items.Item\", \"type\": 3, \"id\": \"3-TTSUK489\"}, \"quantity\": 1}": "in-queue",
    "{\"py/object\": \"items.ItemReq\", \"item\": {\"py/object\": \"items.Item\", \"type\": 3, \"id\": \"3-SFOIO950\"}, \"quantity\": 1}": "in-queue",
    "{\"py/object\": \"items.ItemReq\", \"item\": {\"py/object\": \"items.Item\", \"type\": 3, \"id\": \"3-AJKRI969\"}, \"quantity\": 1}": "in-queue",
    "{\"py/object\": \"items.ItemReq\", \"item\": {\"py/object\": \"items.Item\", \"type\": 3, \"id\": \"3-UTHBJ056\"}, \"quantity\": 1}": "in-queue",
    "{\"py/object\": \"items.ItemReq\", \"item\": {\"py/object\": \"items.Item\", \"type\": 3, \"id\": \"3-BTSVM205\"}, \"quantity\": 1}": "in-queue",
    "{\"py/object\": \"items.ItemReq\", \"item\": {\"py/object\": \"items.Item\", \"type\": 3, \"id\": \"3-EABOV617\"}, \"quantity\": 1}": "in-queue",
    "{\"py/object\": \"items.ItemReq\", \"item\": {\"py/object\": \"items.Item\", \"type\": 3, \"id\": \"3-ZOWTT268\"}, \"quantity\": 1}": "in-queue",
    "{\"py/object\": \"items.ItemReq\", \"item\": {\"py/object\": \"items.Item\", \"type\": 3, \"id\": \"3-TUJGA257\"}, \"quantity\": 1}": "in-queue",
    "{\"py/object\": \"items.ItemReq\", \"item\": {\"py/object\": \"items.Item\", \"type\": 3, \"id\": \"3-XLJHR621\"}, \"quantity\": 1}": "in-queue",
    "{\"py/object\": \"items.ItemReq\", \"item\": {\"py/object\": \"items.Item\", \"type\": 3, \"id\": \"3-UXWFL967\"}, \"quantity\": 1}": "in-queue",
    "{\"py/object\": \"items.ItemReq\", \"item\": {\"py/object\": \"items.Item\", \"type\": 3, \"id\": \"3-VKUJA703\"}, \"quantity\": 1}": "in-queue",
    "{\"py/object\": \"items.ItemReq\", \"item\": {\"py/object\": \"items.Item\", \"type\": 3, \"id\": \"3-VANXH811\"}, \"quantity\": 1}": "in-queue",
    "{\"py/object\": \"items.ItemReq\", \"item\": {\"py/object\": \"items.Item\", \"type\": 3, \"id\": \"3-WAFFR712\"}, \"quantity\": 1}": "in-queue",
    "{\"py/object\": \"items.ItemReq\", \"item\": {\"py/object\": \"items.Item\", \"type\": 3, \"id\": \"3-EAVWW501\"}, \"quantity\": 1}": "in-queue",
    "{\"py/object\": \"items.ItemReq\", \"item\": {\"py/object\": \"items.Item\", \"type\": 3, \"id\": \"3-KOPMR471\"}, \"quantity\": 1}": "in-queue",
    "{\"py/object\": \"items.ItemReq\", \"item\": {\"py/object\": \"items.Item\", \"type\": 3, \"id\": \"3-NGRUJ415\"}, \"quantity\": 1}": "in-queue",
    "{\"py/object\": \"items.ItemReq\", \"item\": {\"py/object\": \"items.Item\", \"type\": 3, \"id\": \"3-KSFXF164\"}, \"quantity\": 1}": "in-queue",
    "{\"py/object\": \"items.ItemReq\", \"item\": {\"py/object\": \"items.Item\", \"type\": 3, \"id\": \"3-VULKP836\"}, \"quantity\": 1}": "in-queue",
    "{\"py/object\": \"items.ItemReq\", \"item\": {\"py/object\": \"items.Item\", \"type\": 3, \"id\": \"3-FTZDV746\"}, \"quantity\": 1}": "in-queue",
    "{\"py/object\": \"items.ItemReq\", \"item\": {\"py/object\": \"items.Item\", \"type\": 3, \"id\": \"3-ITGNQ025\"}, \"quantity\": 1}": "in-queue",
    "{\"py/object\": \"items.ItemReq\", \"item\": {\"py/object\": \"items.Item\", \"type\": 3, \"id\": \"3-STDVO900\"}, \"quantity\": 1}": "in-queue",
    "{\"py/object\": \"items.ItemReq\", \"item\": {\"py/object\": \"items.Item\", \"type\": 3, \"id\": \"3-NJFGT159\"}, \"quantity\": 1}": "in-queue",
    "{\"py/object\": \"items.ItemReq\", \"item\": {\"py/object\": \"items.Item\", \"type\": 3, \"id\": \"3-MGYPH822\"}, \"quantity\": 1}": "in-queue",
    "{\"py/object\": \"items.ItemReq\", \"item\": {\"py/object\": \"items.Item\", \"type\": 3, \"id\": \"3-MVMUS514\"}, \"quantity\": 1}": "in-queue",
    "{\"py/object\": \"items.ItemReq\", \"item\": {\"py/object\": \"items.Item\", \"type\": 3, \"id\": \"3-RVXCO217\"}, \"quantity\": 1}": "in-queue",
    "{\"py/object\": \"items.ItemReq\", \"item\": {\"py/object\": \"items.Item\", \"type\": 3, \"id\": \"3-IKJSX504\"}, \"quantity\": 1}": "in-queue",
    "{\"py/object\": \"items.ItemReq\", \"item\": {\"py/object\": \"items.Item\", \"type\": 3, \"id\": \"3-MFGIL156\"}, \"quantity\": 1}": "in-queue",
    "{\"py/object\": \"items.ItemReq\", \"item\": {\"py/object\": \"items.Item\", \"type\": 3, \"id\": \"3-RHEOW657\"}, \"quantity\": 1}": "in-queue",
    "{\"py/object\": \"items.ItemReq\", \"item\": {\"py/object\": \"items.Item\", \"type\": 3, \"id\": \"3-RBVRO023\"}, \"quantity\": 1}": "in-queue",
    "{\"py/object\": \"items.ItemReq\", \"item\": {\"py/object\": \"items.Item\", \"type\": 3, \"id\": \"3-RHVHC594\"}, \"quantity\": 1}": "in-queue",
    "{\"py/object\": \"items.ItemReq\", \"item\": {\"py/object\": \"items.Item\", \"type\": 3, \"id\": \"3-YBVYS547\"}, \"quantity\": 1}": "in-queue",
    "{\"py/object\": \"items.ItemReq\", \"item\": {\"py/object\": \"items.Item\", \"type\": 3, \"id\": \"3-DVWQW296\"}, \"quantity\": 1}": "in-queue",
    "{\"py/object\": \"items.ItemReq\", \"item\": {\"py/object\": \"items.Item\", \"type\": 3, \"id\": \"3-IJXMY183\"}, \"quantity\": 1}": "in-queue",
    "{\"py/object\": \"items.ItemReq\", \"item\": {\"py/object\": \"items.Item\", \"type\": 3, \"id\": \"3-UIXJM174\"}, \"quantity\": 1}": "in-queue",
    "{\"py/object\": \"items.ItemReq\", \"item\": {\"py/object\": \"items.Item\", \"type\": 3, \"id\": \"3-JCYXD796\"}, \"quantity\": 1}": "in-queue",
    "{\"py/object\": \"items.ItemReq\", \"item\": {\"py/object\": \"items.Item\", \"type\": 3, \"id\": \"3-JDEXE471\"}, \"quantity\": 1}": "in-queue",
    "{\"py/object\": \"items.ItemReq\", \"item\": {\"py/object\": \"items.Item\", \"type\": 3, \"id\": \"3-TRYTN299\"}, \"quantity\": 1}": "in-queue",
    "{\"py/object\": \"items.ItemReq\", \"item\": {\"py/object\": \"items.Item\", \"type\": 3, \"id\": \"3-EMUIT537\"}, \"quantity\": 1}": "in-queue",
    "{\"py/object\": \"items.ItemReq\", \"item\": {\"py/object\": \"items.Item\", \"type\": 3, \"id\": \"3-OLLIF509\"}, \"quantity\": 1}": "in-queue",
    "{\"py/object\": \"items.ItemReq\", \"item\": {\"py/object\": \"items.Item\", \"type\": 3, \"id\": \"3-PTUDN871\"}, \"quantity\": 1}": "in-queue",
    "{\"py/object\": \"items.ItemReq\", \"item\": {\"py/object\": \"items.Item\", \"type\": 3, \"id\": \"3-RIWJN800\"}, \"quantity\": 1}": "in-queue",
    "{\"py/object\": \"items.ItemReq\", \"item\": {\"py/object\": \"items.Item\", \"type\": 3, \"id\": \"3-BXTVP277\"}, \"quantity\": 1}": "in-queue",
    "{\"py/object\": \"items.ItemReq\", \"item\": {\"py/object\": \"items.Item\", \"type\": 3, \"id\": \"3-IMKZB071\"}, \"quantity\": 1}": "in-queue",
    "{\"py/object\": \"items.ItemReq\", \"item\": {\"py/object\": \"items.Item\", \"type\": 3, \"id\": \"3-YZZUX428\"}, \"quantity\": 1}": "in-queue",
    "{\"py/object\": \"items.ItemReq\", \"item\": {\"py/object\": \"items.Item\", \"type\": 3, \"id\": \"3-IQFFA240\"}, \"quantity\": 1}": "in-queue",
    "{\"py/object\": \"items.ItemReq\", \"item\": {\"py/object\": \"items.Item\", \"type\": 3, \"id\": \"3-SPELC168\"}, \"quantity\": 1}": "in-queue",
    "{\"py/object\": \"items.ItemReq\", \"item\": {\"py/object\": \"items.Item\", \"type\": 3, \"id\": \"3-SDELK552\"}, \"quantity\": 1}": "in-queue",
    "{\"py/object\": \"items.ItemReq\", \"item\": {\"py/object\": \"items.Item\", \"type\": 3, \"id\": \"3-AMAAY300\"}, \"quantity\": 1}": "in-queue",
    "{\"py/object\": \"items.ItemReq\", \"item\": {\"py/object\": \"items.Item\", \"type\": 3, \"id\": \"3-PLXFX573\"}, \"quantity\": 1}": "in-queue",
    "{\"py/object\": \"items.ItemReq\", \"item\": {\"py/object\": \"items.Item\", \"type\": 3, \"id\": \"3-KMLLJ379\"}, \"quantity\": 1}": "in-queue",
    "{\"py/object\": \"items.ItemReq\", \"item\": {\"py/object\": \"items.Item\", \"type\": 3, \"id\": \"3-QZTBV150\"}, \"quantity\": 1}": "in-queue",
    "{\"py/object\": \"items.ItemReq\", \"item\": {\"py/object\": \"items.Item\", \"type\": 3, \"id\": \"3-ZEBIQ708\"}, \"quantity\": 1}": "in-queue",
    "{\"py/object\": \"items.ItemReq\", \"item\": {\"py/object\": \"items.Item\", \"type\": 3, \"id\": \"3-HNYZH802\"}, \"quantity\": 1}": "in-queue",
    "{\"py/object\": \"items.ItemReq\", \"item\": {\"py/object\": \"items.Item\", \"type\": 3, \"id\": \"3-QJWCN281\"}, \"quantity\": 1}": "in-queue",
    "{\"py/object\": \"items.ItemReq\", \"item\": {\"py/object\": \"items.Item\", \"type\": 3, \"id\": \"3-RUZND708\"}, \"quantity\": 1}": "in-queue",
    "{\"py/object\": \"items.ItemReq\", \"item\": {\"py/object\": \"items.Item\", \"type\": 3, \"id\": \"3-GPKNL030\"}, \"quantity\": 1}": "in-queue",
    "{\"py/object\": \"items.ItemReq\", \"item\": {\"py/object\": \"items.Item\", \"type\": 3, \"id\": \"3-GFQVQ848\"}, \"quantity\": 1}": "in-queue",
    "{\"py/object\": \"items.ItemReq\", \"item\": {\"py/object\": \"items.Item\", \"type\": 3, \"id\": \"3-GHHLR339\"}, \"quantity\": 1}": "in-queue",
    "{\"py/object\": \"items.ItemReq\", \"item\": {\"py/object\": \"items.Item\", \"type\": 3, \"id\": \"3-DARQT409\"}, \"quantity\": 1}": "in-queue",
    "{\"py/object\": \"items.ItemReq\", \"item\": {\"py/object\": \"items.Item\", \"type\": 3, \"id\": \"3-ARFIG403\"}, \"quantity\": 1}": "in-queue",
    "{\"py/object\": \"items.ItemReq\", \"item\": {\"py/object\": \"items.Item\", \"type\": 3, \"id\": \"3-JEXZY555\"}, \"quantity\": 1}": "in-queue",
    "{\"py/object\": \"items.ItemReq\", \"item\": {\"py/object\": \"items.Item\", \"type\": 3, \"id\": \"3-YUNST652\"}, \"quantity\": 1}": "in-queue",
    "{\"py/object\": \"items.ItemReq\", \"item\": {\"py/object\": \"items.Item\", \"type\": 3, \"id\": \"3-HZZSS790\"}, \"quantity\": 1}": "in-queue",
    "{\"py/object\": \"items.ItemReq\", \"item\": {\"py/object\": \"items.Item\", \"type\": 3, \"id\": \"3-YKKLE377\"}, \"quantity\": 1}": "in-queue",
    "{\"py/object\": \"items.ItemReq\", \"item\": {\"py/object\": \"items.Item\", \"type\": 3, \"id\": \"3-IWNVY664\"}, \"quantity\": 1}": "in-queue",
    "{\"py/object\": \"items.ItemReq\", \"item\": {\"py/object\": \"items.Item\", \"type\": 3, \"id\": \"3-OTBME351\"}, \"quantity\": 1}": "in-queue",
    "{\"py/object\": \"items.ItemReq\", \"item\": {\"py/object\": \"items.Item\", \"type\": 3, \"id\": \"3-NTGSV662\"}, \"quantity\": 1}": "in-queue",
    "{\"py/object\": \"items.ItemReq\", \"item\": {\"py/object\": \"items.Item\", \"type\": 3, \"id\": \"3-TLDNI887\"}, \"quantity\": 1}": "in-queue",
    "{\"py/object\": \"items.ItemReq\", \"item\": {\"py/object\": \"items.Item\", \"type\": 3, \"id\": \"3-EEXDV080\"}, \"quantity\": 1}": "in-queue",
    "{\"py/object\": \"items.ItemReq\", \"item\": {\"py/object\": \"items.Item\", \"type\": 3, \"id\": \"3-WYKYV184\"}, \"quantity\": 1}": "in-queue",
    "{\"py/object\": \"items.ItemReq\", \"item\": {\"py/object\": \"items.Item\", \"type\": 3, \"id\": \"3-XWCYX563\"}, \"quantity\": 1}": "in-queue",
    "{\"py/object\": \"items.ItemReq\", \"item\": {\"py/object\": \"items.Item\", \"type\": 3, \"id\": \"3-BRKBA539\"}, \"quantity\": 1}": "in-queue",
    "{\"py/object\": \"items.ItemReq\", \"item\": {\"py/object\": \"items.Item\", \"type\": 3, \"id\": \"3-ACATX114\"}, \"quantity\": 1}": "in-queue",
    "{\"py/object\": \"items.ItemReq\", \"item\": {\"py/object\": \"items.Item\", \"type\": 3, \"id\": \"3-ADKCJ908\"}, \"quantity\": 1}": "in-queue",
    "{\"py/object\": \"items.ItemReq\", \"item\": {\"py/object\": \"items.Item\", \"type\": 3, \"id\": \"3-RCKVL028\"}, \"quantity\": 1}": "in-queue",
    "{\"py/object\": \"items.ItemReq\", \"item\": {\"py/object\": \"items.Item\", \"type\": 3, \"id\": \"3-YTUVG617\"}, \"quantity\": 1}": "in-queue",
    "{\"py/object\": \"items.ItemReq\", \"item\": {\"py/object\": \"items.Item\", \"type\": 3, \"id\": \"3-RGLAD004\"}, \"quantity\": 1}": "in-queue",
    "{\"py/object\": \"items.ItemReq\", \"item\": {\"py/object\": \"items.Item\", \"type\": 3, \"id\": \"3-ZMRTD391\"}, \"quantity\": 1}": "in-queue",
    "{\"py/object\": \"items.ItemReq\", \"item\": {\"py/object\": \"items.Item\", \"type\": 3, \"id\": \"3-JHOYI267\"}, \"quantity\": 1}": "in-queue",
    "{\"py/object\": \"items.ItemReq\", \"item\": {\"py/object\": \"items.Item\", \"type\": 3, \"id\": \"3-CFALF492\"}, \"quantity\": 1}": "in-queue",
    "{\"py/object\": \"items.ItemReq\", \"item\": {\"py/object\": \"items.Item\", \"type\": 3, \"id\": \"3-PPPCP863\"}, \"quantity\": 1}": "in-queue",
    "{\"py/object\": \"items.ItemReq\", \"item\": {\"py/object\": \"items.Item\", \"type\": 3, \"id\": \"3-TDIKD181\"}, \"quantity\": 1}": "in-queue",
    "{\"py/object\": \"items.ItemReq\", \"item\": {\"py/object\": \"items.Item\", \"type\": 3, \"id\": \"3-NDZZI207\"}, \"quantity\": 1}": "in-queue",
    "{\"py/object\": \"items.ItemReq\", \"item\": {\"py/object\": \"items.Item\", \"type\": 3, \"id\": \"3-KMFVJ444\"}, \"quantity\": 1}": "in-queue",
    "{\"py/object\": \"items.ItemReq\", \"item\": {\"py/object\": \"items.Item\", \"type\": 3, \"id\": \"3-XJLPN303\"}, \"quantity\": 1}": "in-queue",
    "{\"py/object\": \"items.ItemReq\", \"item\": {\"py/object\": \"items.Item\", \"type\": 3, \"id\": \"3-ABTRZ138\"}, \"quantity\": 1}": "in-queue",
    "{\"py/object\": \"items.ItemReq\", \"item\": {\"py/object\": \"items.Item\", \"type\": 3, \"id\": \"3-KBNSY968\"}, \"quantity\": 1}": "in-queue",
    "{\"py/object\": \"items.ItemReq\", \"item\": {\"py/object\": \"items.Item\", \"type\": 3, \"id\": \"3-YHTTA172\"}, \"quantity\": 1}": "in-queue",
    "{\"py/object\": \"items.ItemReq\", \"item\": {\"py/object\": \"items.Item\", \"type\": 3, \"id\": \"3-GQEFK719\"}, \"quantity\": 1}": "in-queue",
    "{\"py/object\": \"items.ItemReq\", \"item\": {\"py/object\": \"items.Item\", \"type\": 3, \"id\": \"3-FXBBV990\"}, \"quantity\": 1}": "in-queue",
    "{\"py/object\": \"items.ItemReq\", \"item\": {\"py/object\": \"items.Item\", \"type\": 3, \"id\": \"3-LHURH360\"}, \"quantity\": 1}": "in-queue",
    "{\"py/object\": \"items.ItemReq\", \"item\": {\"py/object\": \"items.Item\", \"type\": 3, \"id\": \"3-MIMEF534\"}, \"quantity\": 1}": "in-queue",
    "{\"py/object\": \"items.ItemReq\", \"item\": {\"py/object\": \"items.Item\", \"type\": 3, \"id\": \"3-JJZGV086\"}, \"quantity\": 1}": "in-queue",
    "{\"py/object\": \"items.ItemReq\", \"item\": {\"py/object\": \"items.Item\", \"type\": 3, \"id\": \"3-EWEKE062\"}, \"quantity\": 1}": "in-queue",
    "{\"py/object\": \"items.ItemReq\", \"item\": {\"py/object\": \"items.Item\", \"type\": 3, \"id\": \"3-CJYFV335\"}, \"quantity\": 1}": "in-queue",
    "{\"py/object\": \"items.ItemReq\", \"item\": {\"py/object\": \"items.Item\", \"type\": 3, \"id\": \"3-HYRPJ781\"}, \"quantity\": 1}": "in-queue",
    "{\"py/object\": \"items.ItemReq\", \"item\": {\"py/object\": \"items.Item\", \"type\": 3, \"id\": \"3-XLMHW010\"}, \"quantity\": 1}": "in-queue",
    "{\"py/object\": \"items.ItemReq\", \"item\": {\"py/object\": \"items.Item\", \"type\": 3, \"id\": \"3-JABFR274\"}, \"quantity\": 1}": "in-queue",
    "{\"py/object\": \"items.ItemReq\", \"item\": {\"py/object\": \"items.Item\", \"type\": 3, \"id\": \"3-VOUBE180\"}, \"quantity\": 1}": "in-queue",
    "{\"py/object\": \"items.ItemReq\", \"item\": {\"py/object\": \"items.Item\", \"type\": 3, \"id\": \"3-DLNFA104\"}, \"quantity\": 1}": "in-queue",
    "{\"py/object\": \"items.ItemReq\", \"item\": {\"py/object\": \"items.Item\", \"type\": 3, \"id\": \"3-LIUPV167\"}, \"quantity\": 1}": "in-queue",
    "{\"py/object\": \"items.ItemReq\", \"item\": {\"py/object\": \"items.Item\", \"type\": 3, \"id\": \"3-HLPSB328\"}, \"quantity\": 1}": "in-queue",
    "{\"py/object\": \"items.ItemReq\", \"item\": {\"py/object\": \"items.Item\", \"type\": 3, \"id\": \"3-LHAWI550\"}, \"quantity\": 1}": "in-queue",
    "{\"py/object\": \"items.ItemReq\", \"item\": {\"py/object\": \"items.Item\", \"type\": 3, \"id\": \"3-RSEUL946\"}, \"quantity\": 1}": "in-queue",
    "{\"py/object\": \"items.ItemReq\", \"item\": {\"py/object\": \"items.Item\", \"type\": 3, \"id\": \"3-CEUYO737\"}, \"quantity\": 1}": "in-queue",
    "{\"py/object\": \"items.ItemReq\", \"item\": {\"py/object\": \"items.Item\", \"type\": 3, \"id\": \"3-MRWBW398\"}, \"quantity\": 1}": "in-queue",
    "{\"py/object\": \"items.ItemReq\", \"item\": {\"py/object\": \"items.Item\", \"type\": 3, \"id\": \"3-FFKOP022\"}, \"quantity\": 1}": "in-queue",
    "{\"py/object\": \"items.ItemReq\", \"item\": {\"py/object\": \"items.Item\", \"type\": 3, \"id\": \"3-BGMNB127\"}, \"quantity\": 1}": "in-queue",
    "{\"py/object\": \"items.ItemReq\", \"item\": {\"py/object\": \"items.Item\", \"type\": 3, \"id\": \"3-FZZZK482\"}, \"quantity\": 1}": "in-queue",
    "{\"py/object\": \"items.ItemReq\", \"item\": {\"py/object\": \"items.Item\", \"type\": 3, \"id\": \"3-PNCOM869\"}, \"quantity\": 1}": "in-queue",
    "{\"py/object\": \"items.ItemReq\", \"item\": {\"py/object\": \"items.Item\", \"type\": 3, \"id\": \"3-NDLRI511\"}, \"quantity\": 1}": "in-queue",
    "{\"py/object\": \"items.ItemReq\", \"item\": {\"py/object\": \"items.Item\", \"type\": 3, \"id\": \"3-IDEKI258\"}, \"quantity\": 1}": "in-queue",
    "{\"py/object\": \"items.ItemReq\", \"item\": {\"py/object\": \"items.Item\", \"type\": 3, \"id\": \"3-UCYAA374\"}, \"quantity\": 1}": "in-queue",
    "{\"py/object\": \"items.ItemReq\", \"item\": {\"py/object\": \"items.Item\", \"type\": 3, \"id\": \"3-UURKX561\"}, \"quantity\": 1}": "in-queue",
    "{\"py/object\": \"items.ItemReq\", \"item\": {\"py/object\": \"items.Item\", \"type\": 3, \"id\": \"3-FHIRK401\"}, \"quantity\": 1}": "in-queue",
    "{\"py/object\": \"items.ItemReq\", \"item\": {\"py/object\": \"items.Item\", \"type\": 3, \"id\": \"3-OHPLU224\"}, \"quantity\": 1}": "in-queue",
    "{\"py/object\": \"items.ItemReq\", \"item\": {\"py/object\": \"items.Item\", \"type\": 3, \"id\": \"3-XJPPD775\"}, \"quantity\": 1}": "in-queue",
    "{\"py/object\": \"items.ItemReq\", \"item\": {\"py/object\": \"items.Item\", \"type\": 3, \"id\": \"3-UZGVK015\"}, \"quantity\": 1}": "in-queue",
    "{\"py/object\": \"items.ItemReq\", \"item\": {\"py/object\": \"items.Item\", \"type\": 3, \"id\": \"3-SSFWR025\"}, \"quantity\": 1}": "in-queue",
    "{\"py/object\": \"items.ItemReq\", \"item\": {\"py/object\": \"items.Item\", \"type\": 3, \"id\": \"3-JOWEE200\"}, \"quantity\": 1}": "in-queue",
    "{\"py/object\": \"items.ItemReq\", \"item\": {\"py/object\": \"items.Item\", \"type\": 3, \"id\": \"3-NLJZZ663\"}, \"quantity\": 1}": "in-queue",
    "{\"py/object\": \"items.ItemReq\", \"item\": {\"py/object\": \"items.Item\", \"type\": 3, \"id\": \"3-GYBRX457\"}, \"quantity\": 1}": "in-queue",
    "{\"py/object\": \"items.ItemReq\", \"item\": {\"py/object\": \"items.Item\", \"type\": 3, \"id\": \"3-ACNAL057\"}, \"quantity\": 1}": "in-queue",
    "{\"py/object\": \"items.ItemReq\", \"item\": {\"py/object\": \"items.Item\", \"type\": 3, \"id\": \"3-VAWGV927\"}, \"quantity\": 1}": "in-queue",
    "{\"py/object\": \"items.ItemReq\", \"item\": {\"py/object\": \"items.Item\", \"type\": 3, \"id\": \"3-HARCT230\"}, \"quantity\": 1}": "in-queue",
    "{\"py/object\": \"items.ItemReq\", \"item\": {\"py/object\": \"items.Item\", \"type\": 3, \"id\": \"3-VLLPQ460\"}, \"quantity\": 1}": "in-queue",
    "{\"py/object\": \"items.ItemReq\", \"item\": {\"py/object\": \"items.Item\", \"type\": 3, \"id\": \"3-KRDFQ255\"}, \"quantity\": 1}": "in-queue",
    "{\"py/object\": \"items.ItemReq\", \"item\": {\"py/object\": \"items.Item\", \"type\": 3, \"id\": \"3-GTLMF242\"}, \"quantity\": 1}": "in-queue",
    "{\"py/object\": \"items.ItemReq\", \"item\": {\"py/object\": \"items.Item\", \"type\": 3, \"id\": \"3-VURQX498\"}, \"quantity\": 1}": "in-queue",
    "{\"py/object\": \"items.ItemReq\", \"item\": {\"py/object\": \"items.Item\", \"type\": 3, \"id\": \"3-CWQUH406\"}, \"quantity\": 1}": "in-queue",
    "{\"py/object\": \"items.ItemReq\", \"item\": {\"py/object\": \"items.Item\", \"type\": 3, \"id\": \"3-RNPWM048\"}, \"quantity\": 1}": "in-queue"
}