{
    "{\"py/object\": \"items.ItemReq\", \"item\": {\"py/object\": \"items.Item\", \"type\": 4, \"id\": \"4-LEYAJ982\"}, \"quantity\": 1}": "in-queue",
    "{\"py/object\": \"items.ItemReq\", \"item\": {\"py/object\": \"items.Item\", \"type\": 4, \"id\": \"4-VTWPK747\"}, \"quantity\": 1}": "in-queue",
    "{\"py/object\": \"items.ItemReq\", \"item\": {\"py/object\": \"items.Item\", \"type\": 4, \"id\": \"4-MNVSP655\"}, \"quantity\": 1}": "in-queue",
    "{\"py/object\": \"items.ItemReq\", \"item\": {\"py/object\": \"items.Item\", \"type\": 4, \"id\": \"4-VOOUD690\"}, \"quantity\": 1}": "in-queue",
    "{\"py/object\": \"items.ItemReq\", \"item\": {\"py/object\": \"items.Item\", \"type\": 4, \"id\": \"4-QHFTU139\"}, \"quantity\": 1}": "in-queue",
    "{\"py/object\": \"items.ItemReq\", \"item\": {\"py/object\": \"items.Item\", \"type\": 4, \"id\": \"4-GWKEZ662\"}, \"quantity\": 1}": "in-queue",
    "{\"py/object\": \"items.ItemReq\", \"item\": {\"py/object\": \"items.Item\", \"type\": 4, \"id\": \"4-FAXTY150\"}, \"quantity\": 1}": "in-queue",
    "{\"py/object\": \"items.ItemReq\", \"item\": {\"py/object\": \"items.Item\", \"type\": 4, \"id\": \"4-LWPSA234\"}, \"quantity\": 1}": "in-queue",
    "{\"py/object\": \"items.ItemReq\", \"item\": {\"py/object\": \"items.Item\", \"type\": 4, \"id\": \"4-LDREM867\"}, \"quantity\": 1}": "in-queue",
    "{\"py/object\": \"items.ItemReq\", \"item\": {\"py/object\": \"items.Item\", \"type\": 4, \"id\": \"4-DLSIO890\"}, \"quantity\": 1}": "in-queue",
    "{\"py/object\": \"items.ItemReq\", \"item\": {\"py/object\": \"items.Item\", \"type\": 4, \"id\": \"4-IBYXR160\"}, \"quantity\": 1}": "in-queue",
    "{\"py/object\": \"items.ItemReq\", \"item\": {\"py/object\": \"items.Item\", \"type\": 4, \"id\": \"4-YNPGN481\"}, \"quantity\": 1}": "in-queue",
    "{\"py/object\": \"items.ItemReq\", \"item\": {\"py/object\": \"items.Item\", \"type\": 4, \"id\": \"4-IOTIQ298\"}, \"quantity\": 1}": "in-queue",
    "{\"py/object\": \"items.ItemReq\", \"item\": {\"py/object\": \"items.Item\", \"type\": 4, \"id\": \"4-BDSNE033\"}, \"quantity\": 1}": "in-queue",
    "{\"py/object\": \"items.ItemReq\", \"item\": {\"py/object\": \"items.Item\", \"type\": 4, \"id\": \"4-DTBFC922\"}, \"quantity\": 1}": "in-queue",
    "{\"py/object\": \"items.ItemReq\", \"item\": {\"py/object\": \"items.Item\", \"type\": 4, \"id\": \"4-MACJX346\"}, \"quantity\": 1}": "in-queue",
    "{\"py/object\": \"items.ItemReq\", \"item\": {\"py/object\": \"items.Item\", \"type\": 4, \"id\": \"4-BMRAZ393\"}, \"quantity\": 1}": "in-queue",
    "{\"py/object\": \"items.ItemReq\", \"item\": {\"py/object\": \"items.Item\", \"type\": 4, \"id\": \"4-DBAHO849\"}, \"quantity\": 1}": "in-queue",
    "{\"py/object\": \"items.ItemReq\", \"item\": {\"py/object\": \"items.Item\", \"type\": 4, \"id\": \"4-PEFXD055\"}, \"quantity\": 1}": "in-queue",
    "{\"py/object\": \"items.ItemReq\", \"item\": {\"py/object\": \"items.Item\", \"type\": 4, \"id\": \"4-VZKGD327\"}, \"quantity\": 1}": "in-queue",
    "{\"py/object\": \"items.ItemReq\", \"item\": {\"py/object\": \"items.Item\", \"type\": 4, \"id\": \"4-BGKWY888\"}, \"quantity\": 1}": "in-queue",
    "{\"py/object\": \"items.ItemReq\", \"item\": {\"py/object\": \"items.Item\", \"type\": 4, \"id\": \"4-FISVA158\"}, \"quantity\": 1}": "in-queue",
    "{\"py/object\": \"items.ItemReq\", \"item\": {\"py/object\": \"items.Item\", \"type\": 4, \"id\": \"4-GYNJT977\"}, \"quantity\": 1}": "in-queue",
    "{\"py/object\": \"items.ItemReq\", \"item\": {\"py/object\": \"items.Item\", \"type\": 4, \"id\": \"4-CZGNP301\"}, \"quantity\": 1}": "in-queue",
    "{\"py/object\": \"items.ItemReq\", \"item\": {\"py/object\": \"items.Item\", \"type\": 4, \"id\": \"4-EEHWM123\"}, \"quantity\": 1}": "in-queue",
    "{\"py/object\": \"items.ItemReq\", \"item\": {\"py/object\": \"items.Item\", \"type\": 4, \"id\": \"4-IENEZ590\"}, \"quantity\": 1}": "in-queue",
    "{\"py/object\": \"items.ItemReq\", \"item\": {\"py/object\": \"items.Item\", \"type\": 4, \"id\": \"4-BWWZT081\"}, \"quantity\": 1}": "in-queue",
    "{\"py/object\": \"items.ItemReq\", \"item\": {\"py/object\": \"items.Item\", \"type\": 4, \"id\": \"4-NRWME444\"}, \"quantity\": 1}": "in-queue",
    "{\"py/object\": \"items.ItemReq\", \"item\": {\"py/object\": \"items.Item\", \"type\": 4, \"id\": \"4-UAOXA830\"}, \"quantity\": 1}": "in-queue",
    "{\"py/object\": \"items.ItemReq\", \"item\": {\"py/object\": \"items.Item\", \"type\": 4, \"id\": \"4-BFPTU011\"}, \"quantity\": 1}": "in-queue",
    "{\"py/object\": \"items.ItemReq\", \"item\": {\"py/object\": \"items.Item\", \"type\": 4, \"id\": \"4-PYQFS998\"}, \"quantity\": 1}": "in-queue",
    "{\"py/object\": \"items.ItemReq\", \"item\": {\"py/object\": \"items.Item\", \"type\": 4, \"id\": \"4-FTOIN274\"}, \"quantity\": 1}": "in-queue",
    "{\"py/object\": \"items.ItemReq\", \"item\": {\"py/object\": \"items.Item\", \"type\": 4, \"id\": \"4-ZALRW130\"}, \"quantity\": 1}": "in-queue",
    "{\"py/object\": \"items.ItemReq\", \"item\": {\"py/object\": \"items.Item\", \"type\": 4, \"id\": \"4-RFHNS942\"}, \"quantity\": 1}": "in-queue",
    "{\"py/object\": \"items.ItemReq\", \"item\": {\"py/object\": \"items.Item\", \"type\": 4, \"id\": \"4-FHGPU382\"}, \"quantity\": 1}": "in-queue",
    "{\"py/object\": \"items.ItemReq\", \"item\": {\"py/object\": \"items.Item\", \"type\": 4, \"id\": \"4-YGFTT965\"}, \"quantity\": 1}": "in-queue",
    "{\"py/object\": \"items.ItemReq\", \"item\": {\"py/object\": \"items.Item\", \"type\": 4, \"id\": \"4-SITBG286\"}, \"quantity\": 1}": "in-queue",
    "{\"py/object\": \"items.ItemReq\", \"item\": {\"py/object\": \"items.Item\", \"type\": 4, \"id\": \"4-EAXYP825\"}, \"quantity\": 1}": "in-queue",
    "{\"py/object\": \"items.ItemReq\", \"item\": {\"py/object\": \"items.Item\", \"type\": 4, \"id\": \"4-JCBIG425\"}, \"quantity\": 1}": "in-queue",
    "{\"py/object\": \"items.ItemReq\", \"item\": {\"py/object\": \"items.Item\", \"type\": 4, \"id\": \"4-JNDSA575\"}, \"quantity\": 1}": "in-queue",
    "{\"py/object\": \"items.ItemReq\", \"item\": {\"py/object\": \"items.Item\", \"type\": 4, \"id\": \"4-MQPUT058\"}, \"quantity\": 1}": "in-queue",
    "{\"py/object\": \"items.ItemReq\", \"item\": {\"py/object\": \"items.Item\", \"type\": 4, \"id\": \"4-JONBI570\"}, \"quantity\": 1}": "in-queue",
    "{\"py/object\": \"items.ItemReq\", \"item\": {\"py/object\": \"items.Item\", \"type\": 4, \"id\": \"4-BHWZD451\"}, \"quantity\": 1}": "in-queue",
    "{\"py/object\": \"items.ItemReq\", \"item\": {\"py/object\": \"items.Item\", \"type\": 4, \"id\": \"4-VQNFJ478\"}, \"quantity\": 1}": "in-queue",
    "{\"py/object\": \"items.ItemReq\", \"item\": {\"py/object\": \"items.Item\", \"type\": 4, \"id\": \"4-OWMTM789\"}, \"quantity\": 1}": "in-queue",
    "{\"py/object\": \"items.ItemReq\", \"item\": {\"py/object\": \"items.Item\", \"type\": 4, \"id\": \"4-NXIAL578\"}, \"quantity\": 1}": "in-queue",
    "{\"py/object\": \"items.ItemReq\", \"item\": {\"py/object\": \"items.Item\", \"type\": 4, \"id\": \"4-MGTCL442\"}, \"quantity\": 1}": "in-queue",
    "{\"py/object\": \"items.ItemReq\", \"item\": {\"py/object\": \"items.Item\", \"type\": 4, \"id\": \"4-DHTEG873\"}, \"quantity\": 1}": "in-queue",
    "{\"py/object\": \"items.ItemReq\", \"item\": {\"py/object\": \"items.Item\", \"type\": 4, \"id\": \"4-EJKZY770\"}, \"quantity\": 1}": "in-queue",
    "{\"py/object\": \"items.ItemReq\", \"item\": {\"py/object\": \"items.Item\", \"type\": 4, \"id\": \"4-LDKES801\"}, \"quantity\": 1}": "in-queue",
    "{\"py/object\": \"items.ItemReq\", \"item\": {\"py/object\": \"items.Item\", \"type\": 4, \"id\": \"4-HRTEF246\"}, \"quantity\": 1}": "in-queue",
    "{\"py/object\": \"items.ItemReq\", \"item\": {\"py/object\": \"items.Item\", \"type\": 4, \"id\": \"4-KGHHI278\"}, \"quantity\": 1}": "in-queue",
    "{\"py/object\": \"items.ItemReq\", \"item\": {\"py/object\": \"items.Item\", \"type\": 4, \"id\": \"4-EYRDQ951\"}, \"quantity\": 1}": "in-queue",
    "{\"py/object\": \"items.ItemReq\", \"item\": {\"py/object\": \"items.Item\", \"type\": 4, \"id\": \"4-QPWHF522\"}, \"quantity\": 1}": "in-queue",
    "{\"py/object\": \"items.ItemReq\", \"item\": {\"py/object\": \"items.Item\", \"type\": 4, \"id\": \"4-AEDTG819\"}, \"quantity\": 1}": "in-queue",
    "{\"py/object\": \"items.ItemReq\", \"item\": {\"py/object\": \"items.Item\", \"type\": 4, \"id\": \"4-AZABL709\"}, \"quantity\": 1}": "in-queue",
    "{\"py/object\": \"items.ItemReq\", \"item\": {\"py/object\": \"items.Item\", \"type\": 4, \"id\": \"4-BXBYZ818\"}, \"quantity\": 1}": "in-queue",
    "{\"py/object\": \"items.ItemReq\", \"item\": {\"py/object\": \"items.Item\", \"type\": 4, \"id\": \"4-RARNJ618\"}, \"quantity\": 1}": "in-queue",
    "{\"py/object\": \"items.ItemReq\", \"item\": {\"py/object\": \"items.Item\", \"type\": 4, \"id\": \"4-MUGSA894\"}, \"quantity\": 1}": "in-queue",
    "{\"py/object\": \"items.ItemReq\", \"item\": {\"py/object\": \"items.Item\", \"type\": 4, \"id\": \"4-STWJY927\"}, \"quantity\": 1}": "in-queue",
    "{\"py/object\": \"items.ItemReq\", \"item\": {\"py/object\": \"items.Item\", \"type\": 4, \"id\": \"4-FMZWQ958\"}, \"quantity\": 1}": "in-queue",
    "{\"py/object\": \"items.ItemReq\", \"item\": {\"py/object\": \"items.Item\", \"type\": 4, \"id\": \"4-DENUF313\"}, \"quantity\": 1}": "in-queue",
    "{\"py/object\": \"items.ItemReq\", \"item\": {\"py/object\": \"items.Item\", \"type\": 4, \"id\": \"4-RHEUO853\"}, \"quantity\": 1}": "in-queue",
    "{\"py/object\": \"items.ItemReq\", \"item\": {\"py/object\": \"items.Item\", \"type\": 4, \"id\": \"4-XXPPA593\"}, \"quantity\": 1}": "in-queue",
    "{\"py/object\": \"items.ItemReq\", \"item\": {\"py/object\": \"items.Item\", \"type\": 4, \"id\": \"4-GRVMJ550\"}, \"quantity\": 1}": "in-queue",
    "{\"py/object\": \"items.ItemReq\", \"item\": {\"py/object\": \"items.Item\", \"type\": 4, \"id\": \"4-OQXTN767\"}, \"quantity\": 1}": "in-queue",
    "{\"py/object\": \"items.ItemReq\", \"item\": {\"py/object\": \"items.Item\", \"type\": 4, \"id\": \"4-QUYXP926\"}, \"quantity\": 1}": "in-queue",
    "{\"py/object\": \"items.ItemReq\", \"item\": {\"py/object\": \"items.Item\", \"type\": 4, \"id\": \"4-TTTJY128\"}, \"quantity\": 1}": "in-queue",
    "{\"py/object\": \"items.ItemReq\", \"item\": {\"py/object\": \"items.Item\", \"type\": 4, \"id\": \"4-HHATU615\"}, \"quantity\": 1}": "in-queue",
    "{\"py/object\": \"items.ItemReq\", \"item\": {\"py/object\": \"items.Item\", \"type\": 4, \"id\": \"4-DZNIM818\"}, \"quantity\": 1}": "in-queue",
    "{\"py/object\": \"items.ItemReq\", \"item\": {\"py/object\": \"items.Item\", \"type\": 4, \"id\": \"4-YABHL819\"}, \"quantity\": 1}": "in-queue",
    "{\"py/object\": \"items.ItemReq\", \"item\": {\"py/object\": \"items.Item\", \"type\": 4, \"id\": \"4-ULZRV395\"}, \"quantity\": 1}": "in-queue",
    "{\"py/object\": \"items.ItemReq\", \"item\": {\"py/object\": \"items.Item\", \"type\": 4, \"id\": \"4-OVKWO278\"}, \"quantity\": 1}": "in-queue",
    "{\"py/object\": \"items.ItemReq\", \"item\": {\"py/object\": \"items.Item\", \"type\": 4, \"id\": \"4-FRKRS035\"}, \"quantity\": 1}": "in-queue",
    "{\"py/object\": \"items.ItemReq\", \"item\": {\"py/object\": \"items.Item\", \"type\": 4, \"id\": \"4-XKERC001\"}, \"quantity\": 1}": "in-queue",
    "{\"py/object\": \"items.ItemReq\", \"item\": {\"py/object\": \"items.Item\", \"type\": 4, \"id\": \"4-BSKOS917\"}, \"quantity\": 1}": "in-queue",
    "{\"py/object\": \"items.ItemReq\", \"item\": {\"py/object\": \"items.Item\", \"type\": 4, \"id\": \"4-DRYAE845\"}, \"quantity\": 1}": "in-queue",
    "{\"py/object\": \"items.ItemReq\", \"item\": {\"py/object\": \"items.Item\", \"type\": 4, \"id\": \"4-WYWEM480\"}, \"quantity\": 1}": "in-queue",
    "{\"py/object\": \"items.ItemReq\", \"item\": {\"py/object\": \"items.Item\", \"type\": 4, \"id\": \"4-BFBVF757\"}, \"quantity\": 1}": "in-queue",
    "{\"py/object\": \"items.ItemReq\", \"item\": {\"py/object\": \"items.Item\", \"type\": 4, \"id\": \"4-DNEMJ227\"}, \"quantity\": 1}": "in-queue",
    "{\"py/object\": \"items.ItemReq\", \"item\": {\"py/object\": \"items.Item\", \"type\": 4, \"id\": \"4-HHJZF183\"}, \"quantity\": 1}": "in-queue",
    "{\"py/object\": \"items.ItemReq\", \"item\": {\"py/object\": \"items.Item\", \"type\": 4, \"id\": \"4-UDLOE347\"}, \"quantity\": 1}": "in-queue",
    "{\"py/object\": \"items.ItemReq\", \"item\": {\"py/object\": \"items.Item\", \"type\": 4, \"id\": \"4-LEIOW374\"}, \"quantity\": 1}": "in-queue",
    "{\"py/object\": \"items.ItemReq\", \"item\": {\"py/object\": \"items.Item\", \"type\": 4, \"id\": \"4-DTONW888\"}, \"quantity\": 1}": "in-queue",
    "{\"py/object\": \"items.ItemReq\", \"item\": {\"py/object\": \"items.Item\", \"type\": 4, \"id\": \"4-HVFTP240\"}, \"quantity\": 1}": "in-queue",
    "{\"py/object\": \"items.ItemReq\", \"item\": {\"py/object\": \"items.Item\", \"type\": 4, \"id\": \"4-BADAT038\"}, \"quantity\": 1}": "in-queue",
    "{\"py/object\": \"items.ItemReq\", \"item\": {\"py/object\": \"items.Item\", \"type\": 4, \"id\": \"4-KQNOM442\"}, \"quantity\": 1}": "in-queue",
    "{\"py/object\": \"items.ItemReq\", \"item\": {\"py/object\": \"items.Item\", \"type\": 4, \"id\": \"4-PCTYE558\"}, \"quantity\": 1}": "in-queue",
    "{\"py/object\": \"items.ItemReq\", \"item\": {\"py/object\": \"items.Item\", \"type\": 4, \"id\": \"4-LGOMP367\"}, \"quantity\": 1}": "in-queue",
    "{\"py/object\": \"items.ItemReq\", \"item\": {\"py/object\": \"items.Item\", \"type\": 4, \"id\": \"4-MBENY915\"}, \"quantity\": 1}": "in-queue",
    "{\"py/object\": \"items.ItemReq\", \"item\": {\"py/object\": \"items.Item\", \"type\": 4, \"id\": \"4-OCEZG878\"}, \"quantity\": 1}": "in-queue",
    "{\"py/object\": \"items.ItemReq\", \"item\": {\"py/object\": \"items.Item\", \"type\": 4, \"id\": \"4-RTHSH657\"}, \"quantity\": 1}": "in-queue",
    "{\"py/object\": \"items.ItemReq\", \"item\": {\"py/object\": \"items.Item\", \"type\": 4, \"id\": \"4-SFLLY079\"}, \"quantity\": 1}": "in-queue",
    "{\"py/object\": \"items.ItemReq\", \"item\": {\"py/object\": \"items.Item\", \"type\": 4, \"id\": \"4-IMYOY511\"}, \"quantity\": 1}": "in-queue",
    "{\"py/object\": \"items.ItemReq\", \"item\": {\"py/object\": \"items.Item\", \"type\": 4, \"id\": \"4-HKYVC041\"}, \"quantity\": 1}": "in-queue",
    "{\"py/object\": \"items.ItemReq\", \"item\": {\"py/object\": \"items.Item\", \"type\": 4, \"id\": \"4-VAGCX718\"}, \"quantity\": 1}": "in-queue",
    "{\"py/object\": \"items.ItemReq\", \"item\": {\"py/object\": \"items.Item\", \"type\": 4, \"id\": \"4-LSHML107\"}, \"quantity\": 1}": "in-queue",
    "{\"py/object\": \"items.ItemReq\", \"item\": {\"py/object\": \"items.Item\", \"type\": 4, \"id\": \"4-NINBM899\"}, \"quantity\": 1}": "in-queue",
    "{\"py/object\": \"items.ItemReq\", \"item\": {\"py/object\": \"items.Item\", \"type\": 4, \"id\": \"4-SSTNG626\"}, \"quantity\": 1}": "in-queue",
    "{\"py/object\": \"items.ItemReq\", \"item\": {\"py/object\": \"items.Item\", \"type\": 4, \"id\": \"4-TTFJA758\"}, \"quantity\": 1}": "in-queue",
    "{\"py/object\": \"items.ItemReq\", \"item\": {\"py/object\": \"items.Item\", \"type\": 4, \"id\": \"4-DUZES313\"}, \"quantity\": 1}": "in-queue",
    "{\"py/object\": \"items.ItemReq\", \"item\": {\"py/object\": \"items.Item\", \"type\": 4, \"id\": \"4-XTULJ827\"}, \"quantity\": 1}": "in-queue",
    "{\"py/object\": \"items.ItemReq\", \"item\": {\"py/object\": \"items.Item\", \"type\": 4, \"id\": \"4-KCTGK217\"}, \"quantity\": 1}": "in-queue",
    "{\"py/object\": \"items.ItemReq\", \"item\": {\"py/object\": \"items.Item\", \"type\": 4, \"id\": \"4-MKMJJ560\"}, \"quantity\": 1}": "in-queue",
    "{\"py/object\": \"items.ItemReq\", \"item\": {\"py/object\": \"items.Item\", \"type\": 4, \"id\": \"4-FMSDD884\"}, \"quantity\": 1}": "in-queue",
    "{\"py/object\": \"items.ItemReq\", \"item\": {\"py/object\": \"items.Item\", \"type\": 4, \"id\": \"4-NRRJK936\"}, \"quantity\": 1}": "in-queue",
    "{\"py/object\": \"items.ItemReq\", \"item\": {\"py/object\": \"items.Item\", \"type\": 4, \"id\": \"4-OZEYG229\"}, \"quantity\": 1}": "in-queue",
    "{\"py/object\": \"items.ItemReq\", \"item\": {\"py/object\": \"items.Item\", \"type\": 4, \"id\": \"4-NONMP444\"}, \"quantity\": 1}": "in-queue",
    "{\"py/object\": \"items.ItemReq\", \"item\": {\"py/object\": \"items.Item\", \"type\": 4, \"id\": \"4-TKZGC340\"}, \"quantity\": 1}": "in-queue",
    "{\"py/object\": \"items.ItemReq\", \"item\": {\"py/object\": \"items.Item\", \"type\": 4, \"id\": \"4-HACDX180\"}, \"quantity\": 1}": "in-queue",
    "{\"py/object\": \"items.ItemReq\", \"item\": {\"py/object\": \"items.Item\", \"type\": 4, \"id\": \"4-GIBDU156\"}, \"quantity\": 1}": "in-queue",
    "{\"py/object\": \"items.ItemReq\", \"item\": {\"py/object\": \"items.Item\", \"type\": 4, \"id\": \"4-GJVFD492\"}, \"quantity\": 1}": "in-queue",
    "{\"py/object\": \"items.ItemReq\", \"item\": {\"py/object\": \"items.Item\", \"type\": 4, \"id\": \"4-HTNBU402\"}, \"quantity\": 1}": "in-queue",
    "{\"py/object\": \"items.ItemReq\", \"item\": {\"py/object\": \"items.Item\", \"type\": 4, \"id\": \"4-GURZA779\"}, \"quantity\": 1}": "in-queue",
    "{\"py/object\": \"items.ItemReq\", \"item\": {\"py/object\": \"items.Item\", \"type\": 4, \"id\": \"4-VSMST269\"}, \"quantity\": 1}": "in-queue",
    "{\"py/object\": \"items.ItemReq\", \"item\": {\"py/object\": \"items.Item\", \"type\": 4, \"id\": \"4-XAOLI234\"}, \"quantity\": 1}": "in-queue",
    "{\"py/object\": \"items.ItemReq\", \"item\": {\"py/object\": \"items.Item\", \"type\": 4, \"id\": \"4-EHSGM272\"}, \"quantity\": 1}": "in-queue",
    "{\"py/object\": \"items.ItemReq\", \"item\": {\"py/object\": \"items.Item\", \"type\": 4, \"id\": \"4-NEXDY242\"}, \"quantity\": 1}": "in-queue",
    "{\"py/object\": \"items.ItemReq\", \"item\": {\"py/object\": \"items.Item\", \"type\": 4, \"id\": \"4-IYULV752\"}, \"quantity\": 1}": "in-queue",
    "{\"py/object\": \"items.ItemReq\", \"item\": {\"py/object\": \"items.Item\", \"type\": 4, \"id\": \"4-CTBHV210\"}, \"quantity\": 1}": "in-queue",
    "{\"py/object\": \"items.ItemReq\", \"item\": {\"py/object\": \"items.Item\", \"type\": 4, \"id\": \"4-FLQWL315\"}, \"quantity\": 1}": "in-queue",
    "{\"py/object\": \"items.ItemReq\", \"item\": {\"py/object\": \"items.Item\", \"type\": 4, \"id\": \"4-XSFHR486\"}, \"quantity\": 1}": "in-queue",
    "{\"py/object\": \"items.ItemReq\", \"item\": {\"py/object\": \"items.Item\", \"type\": 4, \"id\": \"4-ERAVW808\"}, \"quantity\": 1}": "in-queue",
    "{\"py/object\": \"items.ItemReq\", \"item\": {\"py/object\": \"items.Item\", \"type\": 4, \"id\": \"4-UFOWN274\"}, \"quantity\": 1}": "in-queue",
    "{\"py/object\": \"items.ItemReq\", \"item\": {\"py/object\": \"items.Item\", \"type\": 4, \"id\": \"4-VSVCY036\"}, \"quantity\": 1}": "in-queue",
    "{\"py/object\": \"items.ItemReq\", \"item\": {\"py/object\": \"items.Item\", \"type\": 4, \"id\": \"4-HCXZM423\"}, \"quantity\": 1}": "in-queue",
    "{\"py/object\": \"items.ItemReq\", \"item\": {\"py/object\": \"items.Item\", \"type\": 4, \"id\": \"4-AFRSI099\"}, \"quantity\": 1}": "in-queue",
    "{\"py/object\": \"items.ItemReq\", \"item\": {\"py/object\": \"items.Item\", \"type\": 4, \"id\": \"4-VGAAA544\"}, \"quantity\": 1}": "in-queue",
    "{\"py/object\": \"items.ItemReq\", \"item\": {\"py/object\": \"items.Item\", \"type\": 4, \"id\": \"4-VVDEZ492\"}, \"quantity\": 1}": "in-queue",
    "{\"py/object\": \"items.ItemReq\", \"item\": {\"py/object\": \"items.Item\", \"type\": 4, \"id\": \"4-PVERR187\"}, \"quantity\": 1}": "in-queue",
    "{\"py/object\": \"items.ItemReq\", \"item\": {\"py/object\": \"items.Item\", \"type\": 4, \"id\": \"4-ZQMKG906\"}, \"quantity\": 1}": "in-queue",
    "{\"py/object\": \"items.ItemReq\", \"item\": {\"py/object\": \"items.Item\", \"type\": 4, \"id\": \"4-DVNIP368\"}, \"quantity\": 1}": "in-queue",
    "{\"py/object\": \"items.ItemReq\", \"item\": {\"py/object\": \"items.Item\", \"type\": 4, \"id\": \"4-JKOUI300\"}, \"quantity\": 1}": "in-queue",
    "{\"py/object\": \"items.ItemReq\", \"item\": {\"py/object\": \"items.Item\", \"type\": 4, \"id\": \"4-LEEZA478\"}, \"quantity\": 1}": "in-queue",
    "{\"py/object\": \"items.ItemReq\", \"item\": {\"py/object\": \"items.Item\", \"type\": 4, \"id\": \"4-HYNFS728\"}, \"quantity\": 1}": "in-queue",
    "{\"py/object\": \"items.ItemReq\", \"item\": {\"py/object\": \"items.Item\", \"type\": 4, \"id\": \"4-MQYBJ791\"}, \"quantity\": 1}": "in-queue",
    "{\"py/object\": \"items.ItemReq\", \"item\": {\"py/object\": \"items.Item\", \"type\": 4, \"id\": \"4-BIARH800\"}, \"quantity\": 1}": "in-queue",
    "{\"py/object\": \"items.ItemReq\", \"item\": {\"py/object\": \"items.Item\", \"type\": 4, \"id\": \"4-RBWVK899\"}, \"quantity\": 1}": "in-queue",
    "{\"py/object\": \"items.ItemReq\", \"item\": {\"py/object\": \"items.Item\", \"type\": 4, \"id\": \"4-ZXIPC779\"}, \"quantity\": 1}": "in-queue",
    "{\"py/object\": \"items.ItemReq\", \"item\": {\"py/object\": \"items.Item\", \"type\": 4, \"id\": \"4-CIMOR036\"}, \"quantity\": 1}": "in-queue",
    "{\"py/object\": \"items.ItemReq\", \"item\": {\"py/object\": \"items.Item\", \"type\": 4, \"id\": \"4-QNZMQ753\"}, \"quantity\": 1}": "in-queue",
    "{\"py/object\": \"items.ItemReq\", \"item\": {\"py/object\": \"items.Item\", \"type\": 4, \"id\": \"4-CWXKI645\"}, \"quantity\": 1}": "in-queue",
    "{\"py/object\": \"items.ItemReq\", \"item\": {\"py/object\": \"items.Item\", \"type\": 4, \"id\": \"4-TYNWP058\"}, \"quantity\": 1}": "in-queue",
    "{\"py/object\": \"items.ItemReq\", \"item\": {\"py/object\": \"items.Item\", \"type\": 4, \"id\": \"4-PCNJO989\"}, \"quantity\": 1}": "in-queue",
    "{\"py/object\": \"items.ItemReq\", \"item\": {\"py/object\": \"items.Item\", \"type\": 4, \"id\": \"4-PNDCP680\"}, \"quantity\": 1}": "in-queue",
    "{\"py/object\": \"items.ItemReq\", \"item\": {\"py/object\": \"items.Item\", \"type\": 4, \"id\": \"4-AXNBR454\"}, \"quantity\": 1}": "in-queue",
    "{\"py/object\": \"items.ItemReq\", \"item\": {\"py/object\": \"items.Item\", \"type\": 4, \"id\": \"4-GFYJS097\"}, \"quantity\": 1}": "in-queue",
    "{\"py/object\": \"items.ItemReq\", \"item\": {\"py/object\": \"items.Item\", \"type\": 4, \"id\": \"4-WJURU765\"}, \"quantity\": 1}": "in-queue",
    "{\"py/object\": \"items.ItemReq\", \"item\": {\"py/object\": \"items.Item\", \"type\": 4, \"id\": \"4-DHUZS083\"}, \"quantity\": 1}": "in-queue",
    "{\"py/object\": \"items.ItemReq\", \"item\": {\"py/object\": \"items.Item\", \"type\": 4, \"id\": \"4-HNCKF625\"}, \"quantity\": 1}": "in-queue",
    "{\"py/object\": \"items.ItemReq\", \"item\": {\"py/object\": \"items.Item\", \"type\": 4, \"id\": \"4-YCGKC820\"}, \"quantity\": 1}": "in-queue",
    "{\"py/object\": \"items.ItemReq\", \"item\": {\"py/object\": \"items.Item\", \"type\": 4, \"id\": \"4-RCTXN213\"}, \"quantity\": 1}": "in-queue",
    "{\"py/object\": \"items.ItemReq\", \"item\": {\"py/object\": \"items.Item\", \"type\": 4, \"id\": \"4-LWUGY156\"}, \"quantity\": 1}": "in-queue",
    "{\"py/object\": \"items.ItemReq\", \"item\": {\"py/object\": \"items.Item\", \"type\": 4, \"id\": \"4-FIAIM415\"}, \"quantity\": 1}": "in-queue",
    "{\"py/object\": \"items.ItemReq\", \"item\": {\"py/object\": \"items.Item\", \"type\": 4, \"id\": \"4-LCCER433\"}, \"quantity\": 1}": "in-queue",
    "{\"py/object\": \"items.ItemReq\", \"item\": {\"py/object\": \"items.Item\", \"type\": 4, \"id\": \"4-AHHAU211\"}, \"quantity\": 1}": "in-queue",
    "{\"py/object\": \"items.ItemReq\", \"item\": {\"py/object\": \"items.Item\", \"type\": 4, \"id\": \"4-UEVKP323\"}, \"quantity\": 1}": "in-queue",
    "{\"py/object\": \"items.ItemReq\", \"item\": {\"py/object\": \"items.Item\", \"type\": 4, \"id\": \"4-BGCNP855\"}, \"quantity\": 1}": "in-queue",
    "{\"py/object\": \"items.ItemReq\", \"item\": {\"py/object\": \"items.Item\", \"type\": 4, \"id\": \"4-MOQPV904\"}, \"quantity\": 1}": "in-queue",
    "{\"py/object\": \"items.ItemReq\", \"item\": {\"py/object\": \"items.Item\", \"type\": 4, \"id\": \"4-BJRXR663\"}, \"quantity\": 1}": "in-queue",
    "{\"py/object\": \"items.ItemReq\", \"item\": {\"py/object\": \"items.Item\", \"type\": 4, \"id\": \"4-AEHYM121\"}, \"quantity\": 1}": "in-queue",
    "{\"py/object\": \"items.ItemReq\", \"item\": {\"py/object\": \"items.Item\", \"type\": 4, \"id\": \"4-VNZYM396\"}, \"quantity\": 1}": "in-queue",
    "{\"py/object\": \"items.ItemReq\", \"item\": {\"py/object\": \"items.Item\", \"type\": 4, \"id\": \"4-CGNQH293\"}, \"quantity\": 1}": "in-queue",
    "{\"py/object\": \"items.ItemReq\", \"item\": {\"py/object\": \"items.Item\", \"type\": 4, \"id\": \"4-PIJDC722\"}, \"quantity\": 1}": "in-queue",
    "{\"py/object\": \"items.ItemReq\", \"item\": {\"py/object\": \"items.Item\", \"type\": 4, \"id\": \"4-DLCDA816\"}, \"quantity\": 1}": "in-queue",
    "{\"py/object\": \"items.ItemReq\", \"item\": {\"py/object\": \"items.Item\", \"type\": 4, \"id\": \"4-JJUBA557\"}, \"quantity\": 1}": "in-queue",
    "{\"py/object\": \"items.ItemReq\", \"item\": {\"py/object\": \"items.Item\", \"type\": 4, \"id\": \"4-APUXA070\"}, \"quantity\": 1}": "in-queue",
    "{\"py/object\": \"items.ItemReq\", \"item\": {\"py/object\": \"items.Item\", \"type\": 4, \"id\": \"4-JZROJ932\"}, \"quantity\": 1}": "in-queue",
    "{\"py/object\": \"items.ItemReq\", \"item\": {\"py/object\": \"items.Item\", \"type\": 4, \"id\": \"4-VXQXW195\"}, \"quantity\": 1}": "in-queue",
    "{\"py/object\": \"items.ItemReq\", \"item\": {\"py/object\": \"items.Item\", \"type\": 4, \"id\": \"4-WCJMS426\"}, \"quantity\": 1}": "in-queue",
    "{\"py/object\": \"items.ItemReq\", \"item\": {\"py/object\": \"items.Item\", \"type\": 4, \"id\": \"4-CXAGN075\"}, \"quantity\": 1}": "in-queue",
    "{\"py/object\": \"items.ItemReq\", \"item\": {\"py/object\": \"items.Item\", \"type\": 4, \"id\": \"4-MTSRV683\"}, \"quantity\": 1}": "in-queue",
    "{\"py/object\": \"items.ItemReq\", \"item\": {\"py/object\": \"items.Item\", \"type\": 4, \"id\": \"4-EZIVN076\"}, \"quantity\": 1}": "in-queue",
    "{\"py/object\": \"items.ItemReq\", \"item\": {\"py/object\": \"items.Item\", \"type\": 4, \"id\": \"4-ORIBY090\"}, \"quantity\": 1}": "in-queue",
    "{\"py/object\": \"items.ItemReq\", \"item\": {\"py/object\": \"items.Item\", \"type\": 4, \"id\": \"4-EHHBN646\"}, \"quantity\": 1}": "in-queue",
    "{\"py/object\": \"items.ItemReq\", \"item\": {\"py/object\": \"items.Item\", \"type\": 4, \"id\": \"4-HPXUA725\"}, \"quantity\": 1}": "in-queue",
    "{\"py/object\": \"items.ItemReq\", \"item\": {\"py/object\": \"items.Item\", \"type\": 4, \"id\": \"4-UMZUL620\"}, \"quantity\": 1}": "in-queue",
    "{\"py/object\": \"items.ItemReq\", \"item\": {\"py/object\": \"items.Item\", \"type\": 4, \"id\": \"4-JEMCC494\"}, \"quantity\": 1}": "in-queue",
    "{\"py/object\": \"items.ItemReq\", \"item\": {\"py/object\": \"items.Item\", \"type\": 4, \"id\": \"4-QAHBO783\"}, \"quantity\": 1}": "in-queue",
    "{\"py/object\": \"items.ItemReq\", \"item\": {\"py/object\": \"items.Item\", \"type\": 4, \"id\": \"4-YTGNO118\"}, \"quantity\": 1}": "in-queue",
    "{\"py/object\": \"items.ItemReq\", \"item\": {\"py/object\": \"items.Item\", \"type\": 4, \"id\": \"4-MKCIO945\"}, \"quantity\": 1}": "in-queue",
    "{\"py/object\": \"items.ItemReq\", \"item\": {\"py/object\": \"items.Item\", \"type\": 4, \"id\": \"4-RHCQO228\"}, \"quantity\": 1}": "in-queue",
    "{\"py/object\": \"items.ItemReq\", \"item\": {\"py/object\": \"items.Item\", \"type\": 4, \"id\": \"4-DCCEK037\"}, \"quantity\": 1}": "in-queue",
    "{\"py/object\": \"items.ItemReq\", \"item\": {\"py/object\": \"items.Item\", \"type\": 4, \"id\": \"4-YTJFK351\"}, \"quantity\": 1}": "in-queue",
    "{\"py/object\": \"items.ItemReq\", \"item\": {\"py/object\": \"items.Item\", \"type\": 4, \"id\": \"4-ZGLEX592\"}, \"quantity\": 1}": "in-queue",
    "{\"py/object\": \"items.ItemReq\", \"item\": {\"py/object\": \"items.Item\", \"type\": 4, \"id\": \"4-UQJDV457\"}, \"quantity\": 1}": "in-queue",
    "{\"py/object\": \"items.ItemReq\", \"item\": {\"py/object\": \"items.Item\", \"type\": 4, \"id\": \"4-FSUXZ008\"}, \"quantity\": 1}": "in-queue",
    "{\"py/object\": \"items.ItemReq\", \"item\": {\"py/object\": \"items.Item\", \"type\": 4, \"id\": \"4-OZVPZ446\"}, \"quantity\": 1}": "in-queue",
    "{\"py/object\": \"items.ItemReq\", \"item\": {\"py/object\": \"items.Item\", \"type\": 4, \"id\": \"4-UPEXB454\"}, \"quantity\": 1}": "in-queue",
    "{\"py/object\": \"items.ItemReq\", \"item\": {\"py/object\": \"items.Item\", \"type\": 4, \"id\": \"4-KHWVD123\"}, \"quantity\": 1}": "in-queue",
    "{\"py/object\": \"items.ItemReq\", \"item\": {\"py/object\": \"items.Item\", \"type\": 4, \"id\": \"4-OCRUV205\"}, \"quantity\": 1}": "in-queue",
    "{\"py/object\": \"items.ItemReq\", \"item\": {\"py/object\": \"items.Item\", \"type\": 4, \"id\": \"4-IURCT619\"}, \"quantity\": 1}": "in-queue",
    "{\"py/object\": \"items.ItemReq\", \"item\": {\"py/object\": \"items.Item\", \"type\": 4, \"id\": \"4-FBDYG959\"}, \"quantity\": 1}": "in-queue",
    "{\"py/object\": \"items.ItemReq\", \"item\": {\"py/object\": \"items.Item\", \"type\": 4, \"id\": \"4-PAYNZ104\"}, \"quantity\": 1}": "in-queue",
    "{\"py/object\": \"items.ItemReq\", \"item\": {\"py/object\": \"items.Item\", \"type\": 4, \"id\": \"4-QQQPV785\"}, \"quantity\": 1}": "in-queue",
    "{\"py/object\": \"items.ItemReq\", \"item\": {\"py/object\": \"items.Item\", \"type\": 4, \"id\": \"4-JNCPO391\"}, \"quantity\": 1}": "in-queue",
    "{\"py/object\": \"items.ItemReq\", \"item\": {\"py/object\": \"items.Item\", \"type\": 4, \"id\": \"4-SPDZT705\"}, \"quantity\": 1}": "in-queue",
    "{\"py/object\": \"items.ItemReq\", \"item\": {\"py/object\": \"items.Item\", \"type\": 4, \"id\": \"4-WCWBD772\"}, \"quantity\": 1}": "in-queue",
    "{\"py/object\": \"items.ItemReq\", \"item\": {\"py/object\": \"items.Item\", \"type\": 4, \"id\": \"4-RQBHX290\"}, \"quantity\": 1}": "in-queue",
    "{\"py/object\": \"items.ItemReq\", \"item\": {\"py/object\": \"items.Item\", \"type\": 4, \"id\": \"4-PVOYF840\"}, \"quantity\": 1}": "in-queue",
    "{\"py/object\": \"items.ItemReq\", \"item\": {\"py/object\": \"items.Item\", \"type\": 4, \"id\": \"4-WNLEI222\"}, \"quantity\": 1}": "in-queue",
    "{\"py/object\": \"items.ItemReq\", \"item\": {\"py/object\": \"items.Item\", \"type\": 4, \"id\": \"4-VBJGH207\"}, \"quantity\": 1}": "in-queue",
    "{\"py/object\": \"items.ItemReq\", \"item\": {\"py/object\": \"items.Item\", \"type\": 4, \"id\": \"4-PLROX755\"}, \"quantity\": 1}": "in-queue",
    "{\"py/object\": \"items.ItemReq\", \"item\": {\"py/object\": \"items.Item\", \"type\": 4, \"id\": \"4-AMIWE083\"}, \"quantity\": 1}": "in-queue",
    "{\"py/object\": \"items.ItemReq\", \"item\": {\"py/object\": \"items.Item\", \"type\": 4, \"id\": \"4-AIOLD452\"}, \"quantity\": 1}": "in-queue",
    "{\"py/object\": \"items.ItemReq\", \"item\": {\"py/object\": \"items.Item\", \"type\": 4, \"id\": \"4-APBYE349\"}, \"quantity\": 1}": "in-queue",
    "{\"py/object\": \"items.ItemReq\", \"item\": {\"py/object\": \"items.Item\", \"type\": 4, \"id\": \"4-CHWCW303\"}, \"quantity\": 1}": "in-queue",
    "{\"py/object\": \"items.ItemReq\", \"item\": {\"py/object\": \"items.Item\", \"type\": 4, \"id\": \"4-CLNAN695\"}, \"quantity\": 1}": "in-queue",
    "{\"py/object\": \"items.ItemReq\", \"item\": {\"py/object\": \"items.Item\", \"type\": 4, \"id\": \"4-GLHQT503\"}, \"quantity\": 1}": "in-queue",
    "{\"py/object\": \"items.ItemReq\", \"item\": {\"py/object\": \"items.Item\", \"type\": 4, \"id\": \"4-JIAQM539\"}, \"quantity\": 1}": "in-queue",
    "{\"py/object\": \"items.ItemReq\", \"item\": {\"py/object\": \"items.Item\", \"type\": 4, \"id\": \"4-TSHJA033\"}, \"quantity\": 1}": "in-queue",
    "{\"py/object\": \"items.ItemReq\", \"item\": {\"py/object\": \"items.Item\", \"type\": 4, \"id\": \"4-ADXRX579\"}, \"quantity\": 1}": "in-queue",
    "{\"py/object\": \"items.ItemReq\", \"item\": {\"py/object\": \"items.Item\", \"type\": 4, \"id\": \"4-EXSBA757\"}, \"quantity\": 1}": "in-queue",
    "{\"py/object\": \"items.ItemReq\", \"item\": {\"py/object\": \"items.Item\", \"type\": 4, \"id\": \"4-JJBXW760\"}, \"quantity\": 1}": "in-queue",
    "{\"py/object\": \"items.ItemReq\", \"item\": {\"py/object\": \"items.Item\", \"type\": 4, \"id\": \"4-DABBE590\"}, \"quantity\": 1}": "in-queue",
    "{\"py/object\": \"items.ItemReq\", \"item\": {\"py/object\": \"items.Item\", \"type\": 4, \"id\": \"4-WPRVI841\"}, \"quantity\": 1}": "in-queue",
    "{\"py/object\": \"items.ItemReq\", \"item\": {\"py/object\": \"items.Item\", \"type\": 4, \"id\": \"4-AXPCW387\"}, \"quantity\": 1}": "in-queue",
    "{\"py/object\": \"items.ItemReq\", \"item\": {\"py/object\": \"items.Item\", \"type\": 4, \"id\": \"4-DDBUG527\"}, \"quantity\": 1}": "in-queue",
    "{\"py/object\": \"items.ItemReq\", \"item\": {\"py/object\": \"items.Item\", \"type\": 4, \"id\": \"4-ZQKVK861\"}, \"quantity\": 1}": "in-queue",
    "{\"py/object\": \"items.ItemReq\", \"item\": {\"py/object\": \"items.Item\", \"type\": 4, \"id\": \"4-ZAKCB449\"}, \"quantity\": 1}": "in-queue",
    "{\"py/object\": \"items.ItemReq\", \"item\": {\"py/object\": \"items.Item\", \"type\": 4, \"id\": \"4-QYXLO335\"}, \"quantity\": 1}": "in-queue",
    "{\"py/object\": \"items.ItemReq\", \"item\": {\"py/object\": \"items.Item\", \"type\": 4, \"id\": \"4-UEQHB392\"}, \"quantity\": 1}": "in-queue",
    "{\"py/object\": \"items.ItemReq\", \"item\": {\"py/object\": \"items.Item\", \"type\": 4, \"id\": \"4-LBDXI761\"}, \"quantity\": 1}": "in-queue",
    "{\"py/object\": \"items.ItemReq\", \"item\": {\"py/object\": \"items.Item\", \"type\": 4, \"id\": \"4-NRUIG403\"}, \"quantity\": 1}": "in-queue",
    "{\"py/object\": \"items.ItemReq\", \"item\": {\"py/object\": \"items.Item\", \"type\": 4, \"id\": \"4-ICBBW321\"}, \"quantity\": 1}": "in-queue",
    "{\"py/object\": \"items.ItemReq\", \"item\": {\"py/object\": \"items.Item\", \"type\": 4, \"id\": \"4-RECWK511\"}, \"quantity\": 1}": "in-queue",
    "{\"py/object\": \"items.ItemReq\", \"item\": {\"py/object\": \"items.Item\", \"type\": 4, \"id\": \"4-JATDI960\"}, \"quantity\": 1}": "in-queue",
    "{\"py/object\": \"items.ItemReq\", \"item\": {\"py/object\": \"items.Item\", \"type\": 4, \"id\": \"4-JSHQM081\"}, \"quantity\": 1}": "in-queue",
    "{\"py/object\": \"items.ItemReq\", \"item\": {\"py/object\": \"items.Item\", \"type\": 4, \"id\": \"4-HJMDO318\"}, \"quantity\": 1}": "in-queue",
    "{\"py/object\": \"items.ItemReq\", \"item\": {\"py/object\": \"items.Item\", \"type\": 4, \"id\": \"4-ZCRTU722\"}, \"quantity\": 1}": "in-queue",
    "{\"py/object\": \"items.ItemReq\", \"item\": {\"py/object\": \"items.Item\", \"type\": 4, \"id\": \"4-RYUXG755\"}, \"quantity\": 1}": "in-queue",
    "{\"py/object\": \"items.ItemReq\", \"item\": {\"py/object\": \"items.Item\", \"type\": 4, \"id\": \"4-NEHYB381\"}, \"quantity\": 1}": "in-queue",
    "{\"py/object\": \"items.ItemReq\", \"item\": {\"py/object\": \"items.Item\", \"type\": 4, \"id\": \"4-PGGEH404\"}, \"quantity\": 1}": "in-queue",
    "{\"py/object\": \"items.ItemReq\", \"item\": {\"py/object\": \"items.Item\", \"type\": 4, \"id\": \"4-RHHFR337\"}, \"quantity\": 1}": "in-queue",
    "{\"py/object\": \"items.ItemReq\", \"item\": {\"py/object\": \"items.Item\", \"type\": 4, \"id\": \"4-EUVZD497\"}, \"quantity\": 1}": "in-queue",
    "{\"py/object\": \"items.ItemReq\", \"item\": {\"py/object\": \"items.Item\", \"type\": 4, \"id\": \"4-BOKUH762\"}, \"quantity\": 1}": "in-queue",
    "{\"py/object\": \"items.ItemReq\", \"item\": {\"py/object\": \"items.Item\", \"type\": 4, \"id\": \"4-MVJML589\"}, \"quantity\": 1}": "in-queue",
    "{\"py/object\": \"items.ItemReq\", \"item\": {\"py/object\": \"items.Item\", \"type\": 4, \"id\": \"4-UQPQP674\"}, \"quantity\": 1}": "in-queue",
    "{\"py/object\": \"items.ItemReq\", \"item\": {\"py/object\": \"items.Item\", \"type\": 4, \"id\": \"4-PYXAW751\"}, \"quantity\": 1}": "in-queue",
    "{\"py/object\": \"items.ItemReq\", \"item\": {\"py/object\": \"items.Item\", \"type\": 4, \"id\": \"4-YGUOG074\"}, \"quantity\": 1}": "in-queue",
    "{\"py/object\": \"items.ItemReq\", \"item\": {\"py/object\": \"items.Item\", \"type\": 4, \"id\": \"4-TZJPS192\"}, \"quantity\": 1}": "in-queue",
    "{\"py/object\": \"items.ItemReq\", \"item\": {\"py/object\": \"items.Item\", \"type\": 4, \"id\": \"4-XIDCN022\"}, \"quantity\": 1}": "in-queue",
    "{\"py/object\": \"items.ItemReq\", \"item\": {\"py/object\": \"items.Item\", \"type\": 4, \"id\": \"4-LNKLM539\"}, \"quantity\": 1}": "in-queue",
    "{\"py/object\": \"items.ItemReq\", \"item\": {\"py/object\": \"items.Item\", \"type\": 4, \"id\": \"4-SKIGQ169\"}, \"quantity\": 1}": "in-queue",
    "{\"py/object\": \"items.ItemReq\", \"item\": {\"py/object\": \"items.Item\", \"type\": 4, \"id\": \"4-NGGAY368\"}, \"quantity\": 1}": "in-queue",
    "{\"py/object\": \"items.ItemReq\", \"item\": {\"py/object\": \"items.Item\", \"type\": 4, \"id\": \"4-HTTAB119\"}, \"quantity\": 1}": "in-queue",
    "{\"py/object\": \"items.ItemReq\", \"item\": {\"py/object\": \"items.Item\", \"type\": 4, \"id\": \"4-KYVLP151\"}, \"quantity\": 1}": "in-queue",
    "{\"py/object\": \"items.ItemReq\", \"item\": {\"py/object\": \"items.Item\", \"type\": 4, \"id\": \"4-ECUEJ352\"}, \"quantity\": 1}": "in-queue",
    "{\"py/object\": \"items.ItemReq\", \"item\": {\"py/object\": \"items.Item\", \"type\": 4, \"id\": \"4-SKITK183\"}, \"quantity\": 1}": "in-queue",
    "{\"py/object\": \"items.ItemReq\", \"item\": {\"py/object\": \"items.Item\", \"type\": 4, \"id\": \"4-MRKQF618\"}, \"quantity\": 1}": "in-queue",
    "{\"py/object\": \"items.ItemReq\", \"item\": {\"py/object\": \"items.Item\", \"type\": 4, \"id\": \"4-OWWRF284\"}, \"quantity\": 1}": "in-queue",
    "{\"py/object\": \"items.ItemReq\", \"item\": {\"py/object\": \"items.Item\", \"type\": 4, \"id\": \"4-QYIPI893\"}, \"quantity\": 1}": "in-queue",
    "{\"py/object\": \"items.ItemReq\", \"item\": {\"py/object\": \"items.Item\", \"type\": 4, \"id\": \"4-BKNOX047\"}, \"quantity\": 1}": "in-queue",
    "{\"py/object\": \"items.ItemReq\", \"item\": {\"py/object\": \"items.Item\", \"type\": 4, \"id\": \"4-XMVSI777\"}, \"quantity\": 1}": "in-queue",
    "{\"py/object\": \"items.ItemReq\", \"item\": {\"py/object\": \"items.Item\", \"type\": 4, \"id\": \"4-YJJYZ610\"}, \"quantity\": 1}": "in-queue",
    "{\"py/object\": \"items.ItemReq\", \"item\": {\"py/object\": \"items.Item\", \"type\": 4, \"id\": \"4-KFJFR123\"}, \"quantity\": 1}": "in-queue",
    "{\"py/object\": \"items.ItemReq\", \"item\": {\"py/object\": \"items.Item\", \"type\": 4, \"id\": \"4-MPCLK256\"}, \"quantity\": 1}": "in-queue",
    "{\"py/object\": \"items.ItemReq\", \"item\": {\"py/object\": \"items.Item\", \"type\": 4, \"id\": \"4-WKEAL111\"}, \"quantity\": 1}": "in-queue",
    "{\"py/object\": \"items.ItemReq\", \"item\": {\"py/object\": \"items.Item\", \"type\": 4, \"id\": \"4-AWHUL012\"}, \"quantity\": 1}": "in-queue",
    "{\"py/object\": \"items.ItemReq\", \"item\": {\"py/object\": \"items.Item\", \"type\": 4, \"id\": \"4-QJZRT133\"}, \"quantity\": 1}": "in-queue",
    "{\"py/object\": \"items.ItemReq\", \"item\": {\"py/object\": \"items.Item\", \"type\": 4, \"id\": \"4-YTHUB666\"}, \"quantity\": 1}": "in-queue",
    "{\"py/object\": \"items.ItemReq\", \"item\": {\"py/object\": \"items.Item\", \"type\": 4, \"id\": \"4-MBBMU058\"}, \"quantity\": 1}": "in-queue",
    "{\"py/object\": \"items.ItemReq\", \"item\": {\"py/object\": \"items.Item\", \"type\": 4, \"id\": \"4-MMMKJ291\"}, \"quantity\": 1}": "in-queue",
    "{\"py/object\": \"items.ItemReq\", \"item\": {\"py/object\": \"items.Item\", \"type\": 4, \"id\": \"4-XJQYL790\"}, \"quantity\": 1}": "in-queue"
}