{
    "flow": {
        "py/object": "cluster.ClusterWideFlow",
        "nodes": [
            {
                "py/object": "nodes.SingleItemNode",
                "node_id": 2,
                "state": {
                    "py/reduce": [
                        {
                            "py/type": "nodes.NodeState"
                        },
                        {
                            "py/tuple": [
                                1
                            ]
                        }
                    ]
                },
                "dependency": {
                    "py/object": "items.ItemDependency",
                    "result_item_req": {
                        "py/object": "items.ItemReq",
                        "item": {
                            "py/object": "items.Item",
                            "type": 1,
                            "id": null
                        },
                        "quantity": 1
                    },
                    "input_item_reqs": [
                        {
                            "py/object": "items.ItemReq",
                            "item": {
                                "py/object": "items.Item",
                                "type": 5,
                                "id": null
                            },
                            "quantity": 1
                        },
                        {
                            "py/object": "items.ItemReq",
                            "item": {
                                "py/object": "items.Item",
                                "type": 7,
                                "id": null
                            },
                            "quantity": 1
                        },
                        {
                            "py/object": "items.ItemReq",
                            "item": {
                                "py/object": "items.Item",
                                "type": 11,
                                "id": null
                            },
                            "quantity": 1
                        },
                        {
                            "py/object": "items.ItemReq",
                            "item": {
                                "py/object": "items.Item",
                                "type": 13,
                                "id": null
                            },
                            "quantity": 1
                        }
                    ]
                }
            },
            {
                "py/object": "nodes.SingleItemNode",
                "node_id": 4,
                "state": {
                    "py/id": 3
                },
                "dependency": {
                    "py/object": "items.ItemDependency",
                    "result_item_req": {
                        "py/object": "items.ItemReq",
                        "item": {
                            "py/object": "items.Item",
                            "type": 2,
                            "id": null
                        },
                        "quantity": 1
                    },
                    "input_item_reqs": [
                        {
                            "py/object": "items.ItemReq",
                            "item": {
                                "py/object": "items.Item",
                                "type": 1,
                                "id": null
                            },
                            "quantity": 1
                        },
                        {
                            "py/object": "items.ItemReq",
                            "item": {
                                "py/object": "items.Item",
                                "type": 5,
                                "id": null
                            },
                            "quantity": 1
                        },
                        {
                            "py/object": "items.ItemReq",
                            "item": {
                                "py/object": "items.Item",
                                "type": 7,
                                "id": null
                            },
                            "quantity": 1
                        },
                        {
                            "py/object": "items.ItemReq",
                            "item": {
                                "py/object": "items.Item",
                                "type": 10,
                                "id": null
                            },
                            "quantity": 1
                        },
                        {
                            "py/object": "items.ItemReq",
                            "item": {
                                "py/object": "items.Item",
                                "type": 12,
                                "id": null
                            },
                            "quantity": 1
                        },
                        {
                            "py/object": "items.ItemReq",
                            "item": {
                                "py/object": "items.Item",
                                "type": 13,
                                "id": null
                            },
                            "quantity": 1
                        }
                    ]
                }
            },
            {
                "py/object": "nodes.SingleItemNode",
                "node_id": 6,
                "state": {
                    "py/id": 3
                },
                "dependency": {
                    "py/object": "items.ItemDependency",
                    "result_item_req": {
                        "py/object": "items.ItemReq",
                        "item": {
                            "py/object": "items.Item",
                            "type": 3,
                            "id": null
                        },
                        "quantity": 1
                    },
                    "input_item_reqs": [
                        {
                            "py/object": "items.ItemReq",
                            "item": {
                                "py/object": "items.Item",
                                "type": 5,
                                "id": null
                            },
                            "quantity": 1
                        },
                        {
                            "py/object": "items.ItemReq",
                            "item": {
                                "py/object": "items.Item",
                                "type": 9,
                                "id": null
                            },
                            "quantity": 1
                        },
                        {
                            "py/object": "items.ItemReq",
                            "item": {
                                "py/object": "items.Item",
                                "type": 10,
                                "id": null
                            },
                            "quantity": 1
                        },
                        {
                            "py/object": "items.ItemReq",
                            "item": {
                                "py/object": "items.Item",
                                "type": 11,
                                "id": null
                            },
                            "quantity": 1
                        },
                        {
                            "py/object": "items.ItemReq",
                            "item": {
                                "py/object": "items.Item",
                                "type": 13,
                                "id": null
                            },
                            "quantity": 1
                        }
                    ]
                }
            },
            {
                "py/object": "nodes.SingleItemNode",
                "node_id": 8,
                "state": {
                    "py/id": 3
                },
                "dependency": {
                    "py/object": "items.ItemDependency",
                    "result_item_req": {
                        "py/object": "items.ItemReq",
                        "item": {
                            "py/object": "items.Item",
                            "type": 4,
                            "id": null
                        },
                        "quantity": 1
                    },
                    "input_item_reqs": [
                        {
                            "py/object": "items.ItemReq",
                            "item": {
                                "py/object": "items.Item",
                                "type": 1,
                                "id": null
                            },
                            "quantity": 1
                        },
                        {
                            "py/object": "items.ItemReq",
                            "item": {
                                "py/object": "items.Item",
                                "type": 6,
                                "id": null
                            },
                            "quantity": 1
                        },
                        {
                            "py/object": "items.ItemReq",
                            "item": {
                                "py/object": "items.Item",
                                "type": 7,
                                "id": null
                            },
                            "quantity": 1
                        },
                        {
                            "py/object": "items.ItemReq",
                            "item": {
                                "py/object": "items.Item",
                                "type": 10,
                                "id": null
                            },
                            "quantity": 1
                        },
                        {
                            "py/object": "items.ItemReq",
                            "item": {
                                "py/object": "items.Item",
                                "type": 12,
                                "id": null
                            },
                            "quantity": 1
                        }
                    ]
                }
            },
            {
                "py/object": "nodes.SingleItemNode",
                "node_id": 12,
                "state": {
                    "py/id": 3
                },
                "dependency": {
                    "py/object": "items.ItemDependency",
                    "result_item_req": {
                        "py/object": "items.ItemReq",
                        "item": {
                            "py/object": "items.Item",
                            "type": 6,
                            "id": null
                        },
                        "quantity": 1
                    },
                    "input_item_reqs": [
                        {
                            "py/object": "items.ItemReq",
                            "item": {
                                "py/object": "items.Item",
                                "type": 2,
                                "id": null
                            },
                            "quantity": 1
                        },
                        {
                            "py/object": "items.ItemReq",
                            "item": {
                                "py/object": "items.Item",
                                "type": 5,
                                "id": null
                            },
                            "quantity": 1
                        },
                        {
                            "py/object": "items.ItemReq",
                            "item": {
                                "py/object": "items.Item",
                                "type": 7,
                                "id": null
                            },
                            "quantity": 1
                        },
                        {
                            "py/object": "items.ItemReq",
                            "item": {
                                "py/object": "items.Item",
                                "type": 8,
                                "id": null
                            },
                            "quantity": 1
                        },
                        {
                            "py/object": "items.ItemReq",
                            "item": {
                                "py/object": "items.Item",
                                "type": 11,
                                "id": null
                            },
                            "quantity": 1
                        },
                        {
                            "py/object": "items.ItemReq",
                            "item": {
                                "py/object": "items.Item",
                                "type": 12,
                                "id": null
                            },
                            "quantity": 1
                        },
                        {
                            "py/object": "items.ItemReq",
                            "item": {
                                "py/object": "items.Item",
                                "type": 13,
                                "id": null
                            },
                            "quantity": 1
                        }
                    ]
                }
            },
            {
                "py/object": "nodes.SingleItemNode",
                "node_id": 16,
                "state": {
                    "py/id": 3
                },
                "dependency": {
                    "py/object": "items.ItemDependency",
                    "result_item_req": {
                        "py/object": "items.ItemReq",
                        "item": {
                            "py/object": "items.Item",
                            "type": 8,
                            "id": null
                        },
                        "quantity": 1
                    },
                    "input_item_reqs": [
                        {
                            "py/object": "items.ItemReq",
                            "item": {
                                "py/object": "items.Item",
                                "type": 10,
                                "id": null
                            },
                            "quantity": 1
                        }
                    ]
                }
            },
            {
                "py/object": "nodes.SingleItemNode",
                "node_id": 17,
                "state": {
                    "py/id": 3
                },
                "dependency": {
                    "py/object": "items.ItemDependency",
                    "result_item_req": {
                        "py/object": "items.ItemReq",
                        "item": {
                            "py/object": "items.Item",
                            "type": 9,
                            "id": null
                        },
                        "quantity": 1
                    },
                    "input_item_reqs": [
                        {
                            "py/object": "items.ItemReq",
                            "item": {
                                "py/object": "items.Item",
                                "type": 1,
                                "id": null
                            },
                            "quantity": 1
                        },
                        {
                            "py/object": "items.ItemReq",
                            "item": {
                                "py/object": "items.Item",
                                "type": 4,
                                "id": null
                            },
                            "quantity": 1
                        },
                        {
                            "py/object": "items.ItemReq",
                            "item": {
                                "py/object": "items.Item",
                                "type": 5,
                                "id": null
                            },
                            "quantity": 1
                        },
                        {
                            "py/object": "items.ItemReq",
                            "item": {
                                "py/object": "items.Item",
                                "type": 8,
                                "id": null
                            },
                            "quantity": 1
                        },
                        {
                            "py/object": "items.ItemReq",
                            "item": {
                                "py/object": "items.Item",
                                "type": 11,
                                "id": null
                            },
                            "quantity": 1
                        },
                        {
                            "py/object": "items.ItemReq",
                            "item": {
                                "py/object": "items.Item",
                                "type": 13,
                                "id": null
                            },
                            "quantity": 1
                        }
                    ]
                }
            },
            {
                "py/object": "nodes.SingleItemNode",
                "node_id": 18,
                "state": {
                    "py/id": 3
                },
                "dependency": {
                    "py/object": "items.ItemDependency",
                    "result_item_req": {
                        "py/object": "items.ItemReq",
                        "item": {
                            "py/object": "items.Item",
                            "type": 9,
                            "id": null
                        },
                        "quantity": 1
                    },
                    "input_item_reqs": [
                        {
                            "py/object": "items.ItemReq",
                            "item": {
                                "py/object": "items.Item",
                                "type": 1,
                                "id": null
                            },
                            "quantity": 1
                        },
                        {
                            "py/object": "items.ItemReq",
                            "item": {
                                "py/object": "items.Item",
                                "type": 4,
                                "id": null
                            },
                            "quantity": 1
                        },
                        {
                            "py/object": "items.ItemReq",
                            "item": {
                                "py/object": "items.Item",
                                "type": 5,
                                "id": null
                            },
                            "quantity": 1
                        },
                        {
                            "py/object": "items.ItemReq",
                            "item": {
                                "py/object": "items.Item",
                                "type": 8,
                                "id": null
                            },
                            "quantity": 1
                        },
                        {
                            "py/object": "items.ItemReq",
                            "item": {
                                "py/object": "items.Item",
                                "type": 11,
                                "id": null
                            },
                            "quantity": 1
                        },
                        {
                            "py/object": "items.ItemReq",
                            "item": {
                                "py/object": "items.Item",
                                "type": 13,
                                "id": null
                            },
                            "quantity": 1
                        }
                    ]
                }
            },
            {
                "py/object": "nodes.SingleItemNode",
                "node_id": 27,
                "state": {
                    "py/id": 3
                },
                "dependency": {
                    "py/object": "items.ItemDependency",
                    "result_item_req": {
                        "py/object": "items.ItemReq",
                        "item": {
                            "py/object": "items.Item",
                            "type": 14,
                            "id": null
                        },
                        "quantity": 1
                    },
                    "input_item_reqs": [
                        {
                            "py/object": "items.ItemReq",
                            "item": {
                                "py/object": "items.Item",
                                "type": 3,
                                "id": null
                            },
                            "quantity": 1
                        }
                    ]
                }
            }
        ],
        "node_ids": [
            2,
            4,
            6,
            8,
            12,
            16,
            17,
            18,
            27
        ],
        "outgoing_flows": {
            "2": [],
            "4": [],
            "6": [],
            "8": [],
            "12": [],
            "16": [],
            "17": [],
            "18": [],
            "27": []
        },
        "incoming_flows": {
            "2": [],
            "4": [],
            "6": [],
            "8": [],
            "12": [],
            "16": [],
            "17": [],
            "18": [],
            "27": []
        }
    }
}