{
    "{\"py/object\": \"items.ItemReq\", \"item\": {\"py/object\": \"items.Item\", \"type\": 3, \"id\": \"3-LZGAQ864\"}, \"quantity\": 1}": "delivered",
    "{\"py/object\": \"items.ItemReq\", \"item\": {\"py/object\": \"items.Item\", \"type\": 3, \"id\": \"3-BENTZ654\"}, \"quantity\": 1}": "delivered",
    "{\"py/object\": \"items.ItemReq\", \"item\": {\"py/object\": \"items.Item\", \"type\": 3, \"id\": \"3-WIQJG641\"}, \"quantity\": 1}": "delivered",
    "{\"py/object\": \"items.ItemReq\", \"item\": {\"py/object\": \"items.Item\", \"type\": 3, \"id\": \"3-PXSWX439\"}, \"quantity\": 1}": "delivered",
    "{\"py/object\": \"items.ItemReq\", \"item\": {\"py/object\": \"items.Item\", \"type\": 3, \"id\": \"3-NTRIA254\"}, \"quantity\": 1}": "delivered",
    "{\"py/object\": \"items.ItemReq\", \"item\": {\"py/object\": \"items.Item\", \"type\": 3, \"id\": \"3-ELNSM216\"}, \"quantity\": 1}": "delivered",
    "{\"py/object\": \"items.ItemReq\", \"item\": {\"py/object\": \"items.Item\", \"type\": 3, \"id\": \"3-URHVA128\"}, \"quantity\": 1}": "delivered",
    "{\"py/object\": \"items.ItemReq\", \"item\": {\"py/object\": \"items.Item\", \"type\": 3, \"id\": \"3-ICFFM912\"}, \"quantity\": 1}": "delivered",
    "{\"py/object\": \"items.ItemReq\", \"item\": {\"py/object\": \"items.Item\", \"type\": 3, \"id\": \"3-CTCIB651\"}, \"quantity\": 1}": "delivered",
    "{\"py/object\": \"items.ItemReq\", \"item\": {\"py/object\": \"items.Item\", \"type\": 3, \"id\": \"3-SUBRH768\"}, \"quantity\": 1}": "delivered",
    "{\"py/object\": \"items.ItemReq\", \"item\": {\"py/object\": \"items.Item\", \"type\": 3, \"id\": \"3-HWSQF550\"}, \"quantity\": 1}": "delivered",
    "{\"py/object\": \"items.ItemReq\", \"item\": {\"py/object\": \"items.Item\", \"type\": 3, \"id\": \"3-NIBDJ261\"}, \"quantity\": 1}": "delivered",
    "{\"py/object\": \"items.ItemReq\", \"item\": {\"py/object\": \"items.Item\", \"type\": 3, \"id\": \"3-JSZWI855\"}, \"quantity\": 1}": "delivered",
    "{\"py/object\": \"items.ItemReq\", \"item\": {\"py/object\": \"items.Item\", \"type\": 3, \"id\": \"3-OLMMD036\"}, \"quantity\": 1}": "delivered",
    "{\"py/object\": \"items.ItemReq\", \"item\": {\"py/object\": \"items.Item\", \"type\": 3, \"id\": \"3-QLVYP189\"}, \"quantity\": 1}": "delivered",
    "{\"py/object\": \"items.ItemReq\", \"item\": {\"py/object\": \"items.Item\", \"type\": 3, \"id\": \"3-OXKWG938\"}, \"quantity\": 1}": "delivered",
    "{\"py/object\": \"items.ItemReq\", \"item\": {\"py/object\": \"items.Item\", \"type\": 3, \"id\": \"3-LOIUW874\"}, \"quantity\": 1}": "delivered",
    "{\"py/object\": \"items.ItemReq\", \"item\": {\"py/object\": \"items.Item\", \"type\": 3, \"id\": \"3-NRHMU072\"}, \"quantity\": 1}": "delivered",
    "{\"py/object\": \"items.ItemReq\", \"item\": {\"py/object\": \"items.Item\", \"type\": 3, \"id\": \"3-IMDNI505\"}, \"quantity\": 1}": "delivered",
    "{\"py/object\": \"items.ItemReq\", \"item\": {\"py/object\": \"items.Item\", \"type\": 3, \"id\": \"3-ATNKW598\"}, \"quantity\": 1}": "delivered",
    "{\"py/object\": \"items.ItemReq\", \"item\": {\"py/object\": \"items.Item\", \"type\": 3, \"id\": \"3-HXZDA901\"}, \"quantity\": 1}": "delivered",
    "{\"py/object\": \"items.ItemReq\", \"item\": {\"py/object\": \"items.Item\", \"type\": 3, \"id\": \"3-XSDNU298\"}, \"quantity\": 1}": "delivered",
    "{\"py/object\": \"items.ItemReq\", \"item\": {\"py/object\": \"items.Item\", \"type\": 3, \"id\": \"3-NVGRY920\"}, \"quantity\": 1}": "delivered",
    "{\"py/object\": \"items.ItemReq\", \"item\": {\"py/object\": \"items.Item\", \"type\": 3, \"id\": \"3-LUXZF614\"}, \"quantity\": 1}": "delivered",
    "{\"py/object\": \"items.ItemReq\", \"item\": {\"py/object\": \"items.Item\", \"type\": 3, \"id\": \"3-WIGYV884\"}, \"quantity\": 1}": "delivered",
    "{\"py/object\": \"items.ItemReq\", \"item\": {\"py/object\": \"items.Item\", \"type\": 3, \"id\": \"3-XEQAS325\"}, \"quantity\": 1}": "delivered",
    "{\"py/object\": \"items.ItemReq\", \"item\": {\"py/object\": \"items.Item\", \"type\": 3, \"id\": \"3-ASXXX142\"}, \"quantity\": 1}": "delivered",
    "{\"py/object\": \"items.ItemReq\", \"item\": {\"py/object\": \"items.Item\", \"type\": 3, \"id\": \"3-JWKHQ255\"}, \"quantity\": 1}": "delivered",
    "{\"py/object\": \"items.ItemReq\", \"item\": {\"py/object\": \"items.Item\", \"type\": 3, \"id\": \"3-XUHBM450\"}, \"quantity\": 1}": "delivered",
    "{\"py/object\": \"items.ItemReq\", \"item\": {\"py/object\": \"items.Item\", \"type\": 3, \"id\": \"3-DFYEZ486\"}, \"quantity\": 1}": "delivered",
    "{\"py/object\": \"items.ItemReq\", \"item\": {\"py/object\": \"items.Item\", \"type\": 3, \"id\": \"3-TETRI515\"}, \"quantity\": 1}": "delivered",
    "{\"py/object\": \"items.ItemReq\", \"item\": {\"py/object\": \"items.Item\", \"type\": 3, \"id\": \"3-QOAZM049\"}, \"quantity\": 1}": "delivered",
    "{\"py/object\": \"items.ItemReq\", \"item\": {\"py/object\": \"items.Item\", \"type\": 3, \"id\": \"3-SLKJF419\"}, \"quantity\": 1}": "delivered",
    "{\"py/object\": \"items.ItemReq\", \"item\": {\"py/object\": \"items.Item\", \"type\": 3, \"id\": \"3-VOJAK296\"}, \"quantity\": 1}": "delivered",
    "{\"py/object\": \"items.ItemReq\", \"item\": {\"py/object\": \"items.Item\", \"type\": 3, \"id\": \"3-FKCJB962\"}, \"quantity\": 1}": "delivered",
    "{\"py/object\": \"items.ItemReq\", \"item\": {\"py/object\": \"items.Item\", \"type\": 3, \"id\": \"3-BTELQ675\"}, \"quantity\": 1}": "delivered",
    "{\"py/object\": \"items.ItemReq\", \"item\": {\"py/object\": \"items.Item\", \"type\": 3, \"id\": \"3-PEAIN844\"}, \"quantity\": 1}": "delivered",
    "{\"py/object\": \"items.ItemReq\", \"item\": {\"py/object\": \"items.Item\", \"type\": 3, \"id\": \"3-OGBBU748\"}, \"quantity\": 1}": "delivered",
    "{\"py/object\": \"items.ItemReq\", \"item\": {\"py/object\": \"items.Item\", \"type\": 3, \"id\": \"3-GHEWV945\"}, \"quantity\": 1}": "delivered",
    "{\"py/object\": \"items.ItemReq\", \"item\": {\"py/object\": \"items.Item\", \"type\": 3, \"id\": \"3-QFRNC100\"}, \"quantity\": 1}": "delivered",
    "{\"py/object\": \"items.ItemReq\", \"item\": {\"py/object\": \"items.Item\", \"type\": 3, \"id\": \"3-SGUPM359\"}, \"quantity\": 1}": "delivered",
    "{\"py/object\": \"items.ItemReq\", \"item\": {\"py/object\": \"items.Item\", \"type\": 3, \"id\": \"3-DNUNR926\"}, \"quantity\": 1}": "delivered",
    "{\"py/object\": \"items.ItemReq\", \"item\": {\"py/object\": \"items.Item\", \"type\": 3, \"id\": \"3-WUHNC226\"}, \"quantity\": 1}": "delivered",
    "{\"py/object\": \"items.ItemReq\", \"item\": {\"py/object\": \"items.Item\", \"type\": 3, \"id\": \"3-BPREB183\"}, \"quantity\": 1}": "delivered",
    "{\"py/object\": \"items.ItemReq\", \"item\": {\"py/object\": \"items.Item\", \"type\": 3, \"id\": \"3-OTFOR256\"}, \"quantity\": 1}": "delivered",
    "{\"py/object\": \"items.ItemReq\", \"item\": {\"py/object\": \"items.Item\", \"type\": 3, \"id\": \"3-SEDQH758\"}, \"quantity\": 1}": "delivered",
    "{\"py/object\": \"items.ItemReq\", \"item\": {\"py/object\": \"items.Item\", \"type\": 3, \"id\": \"3-NPDLF466\"}, \"quantity\": 1}": "delivered",
    "{\"py/object\": \"items.ItemReq\", \"item\": {\"py/object\": \"items.Item\", \"type\": 3, \"id\": \"3-KQHUC074\"}, \"quantity\": 1}": "delivered",
    "{\"py/object\": \"items.ItemReq\", \"item\": {\"py/object\": \"items.Item\", \"type\": 3, \"id\": \"3-CRVPM663\"}, \"quantity\": 1}": "delivered",
    "{\"py/object\": \"items.ItemReq\", \"item\": {\"py/object\": \"items.Item\", \"type\": 3, \"id\": \"3-ESXNA090\"}, \"quantity\": 1}": "delivered",
    "{\"py/object\": \"items.ItemReq\", \"item\": {\"py/object\": \"items.Item\", \"type\": 3, \"id\": \"3-PJDKD308\"}, \"quantity\": 1}": "delivered",
    "{\"py/object\": \"items.ItemReq\", \"item\": {\"py/object\": \"items.Item\", \"type\": 3, \"id\": \"3-CPBLQ170\"}, \"quantity\": 1}": "delivered",
    "{\"py/object\": \"items.ItemReq\", \"item\": {\"py/object\": \"items.Item\", \"type\": 3, \"id\": \"3-SYMKX587\"}, \"quantity\": 1}": "delivered",
    "{\"py/object\": \"items.ItemReq\", \"item\": {\"py/object\": \"items.Item\", \"type\": 3, \"id\": \"3-LEEKF746\"}, \"quantity\": 1}": "delivered",
    "{\"py/object\": \"items.ItemReq\", \"item\": {\"py/object\": \"items.Item\", \"type\": 3, \"id\": \"3-EYCWJ016\"}, \"quantity\": 1}": "delivered",
    "{\"py/object\": \"items.ItemReq\", \"item\": {\"py/object\": \"items.Item\", \"type\": 3, \"id\": \"3-JBMQV090\"}, \"quantity\": 1}": "delivered",
    "{\"py/object\": \"items.ItemReq\", \"item\": {\"py/object\": \"items.Item\", \"type\": 3, \"id\": \"3-ROXIR380\"}, \"quantity\": 1}": "delivered",
    "{\"py/object\": \"items.ItemReq\", \"item\": {\"py/object\": \"items.Item\", \"type\": 3, \"id\": \"3-DZQQE968\"}, \"quantity\": 1}": "delivered",
    "{\"py/object\": \"items.ItemReq\", \"item\": {\"py/object\": \"items.Item\", \"type\": 3, \"id\": \"3-XCPXA332\"}, \"quantity\": 1}": "delivered",
    "{\"py/object\": \"items.ItemReq\", \"item\": {\"py/object\": \"items.Item\", \"type\": 3, \"id\": \"3-HEDXE502\"}, \"quantity\": 1}": "delivered",
    "{\"py/object\": \"items.ItemReq\", \"item\": {\"py/object\": \"items.Item\", \"type\": 3, \"id\": \"3-KSJAI950\"}, \"quantity\": 1}": "delivered",
    "{\"py/object\": \"items.ItemReq\", \"item\": {\"py/object\": \"items.Item\", \"type\": 3, \"id\": \"3-JNXPG527\"}, \"quantity\": 1}": "delivered",
    "{\"py/object\": \"items.ItemReq\", \"item\": {\"py/object\": \"items.Item\", \"type\": 3, \"id\": \"3-CPPXB462\"}, \"quantity\": 1}": "delivered",
    "{\"py/object\": \"items.ItemReq\", \"item\": {\"py/object\": \"items.Item\", \"type\": 3, \"id\": \"3-OMWUL818\"}, \"quantity\": 1}": "delivered",
    "{\"py/object\": \"items.ItemReq\", \"item\": {\"py/object\": \"items.Item\", \"type\": 3, \"id\": \"3-CPWON622\"}, \"quantity\": 1}": "delivered",
    "{\"py/object\": \"items.ItemReq\", \"item\": {\"py/object\": \"items.Item\", \"type\": 3, \"id\": \"3-BOFMI700\"}, \"quantity\": 1}": "delivered",
    "{\"py/object\": \"items.ItemReq\", \"item\": {\"py/object\": \"items.Item\", \"type\": 3, \"id\": \"3-YFUIS040\"}, \"quantity\": 1}": "delivered",
    "{\"py/object\": \"items.ItemReq\", \"item\": {\"py/object\": \"items.Item\", \"type\": 3, \"id\": \"3-JICKL489\"}, \"quantity\": 1}": "delivered",
    "{\"py/object\": \"items.ItemReq\", \"item\": {\"py/object\": \"items.Item\", \"type\": 3, \"id\": \"3-EMJIP392\"}, \"quantity\": 1}": "delivered",
    "{\"py/object\": \"items.ItemReq\", \"item\": {\"py/object\": \"items.Item\", \"type\": 3, \"id\": \"3-ZLPLT693\"}, \"quantity\": 1}": "delivered",
    "{\"py/object\": \"items.ItemReq\", \"item\": {\"py/object\": \"items.Item\", \"type\": 3, \"id\": \"3-GWWEA150\"}, \"quantity\": 1}": "delivered",
    "{\"py/object\": \"items.ItemReq\", \"item\": {\"py/object\": \"items.Item\", \"type\": 3, \"id\": \"3-FZFRO551\"}, \"quantity\": 1}": "delivered",
    "{\"py/object\": \"items.ItemReq\", \"item\": {\"py/object\": \"items.Item\", \"type\": 3, \"id\": \"3-GNEES572\"}, \"quantity\": 1}": "delivered",
    "{\"py/object\": \"items.ItemReq\", \"item\": {\"py/object\": \"items.Item\", \"type\": 3, \"id\": \"3-NRMGD406\"}, \"quantity\": 1}": "delivered",
    "{\"py/object\": \"items.ItemReq\", \"item\": {\"py/object\": \"items.Item\", \"type\": 3, \"id\": \"3-DUYRG819\"}, \"quantity\": 1}": "delivered",
    "{\"py/object\": \"items.ItemReq\", \"item\": {\"py/object\": \"items.Item\", \"type\": 3, \"id\": \"3-ECOVW500\"}, \"quantity\": 1}": "delivered",
    "{\"py/object\": \"items.ItemReq\", \"item\": {\"py/object\": \"items.Item\", \"type\": 3, \"id\": \"3-AUBGZ961\"}, \"quantity\": 1}": "delivered",
    "{\"py/object\": \"items.ItemReq\", \"item\": {\"py/object\": \"items.Item\", \"type\": 3, \"id\": \"3-POMGC946\"}, \"quantity\": 1}": "delivered",
    "{\"py/object\": \"items.ItemReq\", \"item\": {\"py/object\": \"items.Item\", \"type\": 3, \"id\": \"3-CGDCI086\"}, \"quantity\": 1}": "delivered",
    "{\"py/object\": \"items.ItemReq\", \"item\": {\"py/object\": \"items.Item\", \"type\": 3, \"id\": \"3-RWQUT805\"}, \"quantity\": 1}": "delivered",
    "{\"py/object\": \"items.ItemReq\", \"item\": {\"py/object\": \"items.Item\", \"type\": 3, \"id\": \"3-MNKQH300\"}, \"quantity\": 1}": "delivered",
    "{\"py/object\": \"items.ItemReq\", \"item\": {\"py/object\": \"items.Item\", \"type\": 3, \"id\": \"3-ETNLX739\"}, \"quantity\": 1}": "delivered",
    "{\"py/object\": \"items.ItemReq\", \"item\": {\"py/object\": \"items.Item\", \"type\": 3, \"id\": \"3-HUKNK246\"}, \"quantity\": 1}": "delivered",
    "{\"py/object\": \"items.ItemReq\", \"item\": {\"py/object\": \"items.Item\", \"type\": 3, \"id\": \"3-DNHAR379\"}, \"quantity\": 1}": "delivered",
    "{\"py/object\": \"items.ItemReq\", \"item\": {\"py/object\": \"items.Item\", \"type\": 3, \"id\": \"3-EKROY204\"}, \"quantity\": 1}": "delivered",
    "{\"py/object\": \"items.ItemReq\", \"item\": {\"py/object\": \"items.Item\", \"type\": 3, \"id\": \"3-BBZGI009\"}, \"quantity\": 1}": "delivered",
    "{\"py/object\": \"items.ItemReq\", \"item\": {\"py/object\": \"items.Item\", \"type\": 3, \"id\": \"3-PURWS321\"}, \"quantity\": 1}": "delivered",
    "{\"py/object\": \"items.ItemReq\", \"item\": {\"py/object\": \"items.Item\", \"type\": 3, \"id\": \"3-BEZHE559\"}, \"quantity\": 1}": "delivered",
    "{\"py/object\": \"items.ItemReq\", \"item\": {\"py/object\": \"items.Item\", \"type\": 3, \"id\": \"3-IEZJI694\"}, \"quantity\": 1}": "delivered",
    "{\"py/object\": \"items.ItemReq\", \"item\": {\"py/object\": \"items.Item\", \"type\": 3, \"id\": \"3-VCSIO535\"}, \"quantity\": 1}": "delivered",
    "{\"py/object\": \"items.ItemReq\", \"item\": {\"py/object\": \"items.Item\", \"type\": 3, \"id\": \"3-UMGMH936\"}, \"quantity\": 1}": "delivered",
    "{\"py/object\": \"items.ItemReq\", \"item\": {\"py/object\": \"items.Item\", \"type\": 3, \"id\": \"3-DITFY966\"}, \"quantity\": 1}": "delivered",
    "{\"py/object\": \"items.ItemReq\", \"item\": {\"py/object\": \"items.Item\", \"type\": 3, \"id\": \"3-UZTHF474\"}, \"quantity\": 1}": "delivered",
    "{\"py/object\": \"items.ItemReq\", \"item\": {\"py/object\": \"items.Item\", \"type\": 3, \"id\": \"3-QLYZU672\"}, \"quantity\": 1}": "delivered",
    "{\"py/object\": \"items.ItemReq\", \"item\": {\"py/object\": \"items.Item\", \"type\": 3, \"id\": \"3-MAUVX445\"}, \"quantity\": 1}": "delivered",
    "{\"py/object\": \"items.ItemReq\", \"item\": {\"py/object\": \"items.Item\", \"type\": 3, \"id\": \"3-TJMPA660\"}, \"quantity\": 1}": "delivered",
    "{\"py/object\": \"items.ItemReq\", \"item\": {\"py/object\": \"items.Item\", \"type\": 3, \"id\": \"3-DJNWA426\"}, \"quantity\": 1}": "delivered",
    "{\"py/object\": \"items.ItemReq\", \"item\": {\"py/object\": \"items.Item\", \"type\": 3, \"id\": \"3-VONMQ913\"}, \"quantity\": 1}": "delivered",
    "{\"py/object\": \"items.ItemReq\", \"item\": {\"py/object\": \"items.Item\", \"type\": 3, \"id\": \"3-IOULK633\"}, \"quantity\": 1}": "delivered",
    "{\"py/object\": \"items.ItemReq\", \"item\": {\"py/object\": \"items.Item\", \"type\": 3, \"id\": \"3-CPQIN683\"}, \"quantity\": 1}": "delivered",
    "{\"py/object\": \"items.ItemReq\", \"item\": {\"py/object\": \"items.Item\", \"type\": 3, \"id\": \"3-JQAUH141\"}, \"quantity\": 1}": "delivered",
    "{\"py/object\": \"items.ItemReq\", \"item\": {\"py/object\": \"items.Item\", \"type\": 3, \"id\": \"3-PJHWR368\"}, \"quantity\": 1}": "delivered",
    "{\"py/object\": \"items.ItemReq\", \"item\": {\"py/object\": \"items.Item\", \"type\": 3, \"id\": \"3-ZODEN407\"}, \"quantity\": 1}": "delivered",
    "{\"py/object\": \"items.ItemReq\", \"item\": {\"py/object\": \"items.Item\", \"type\": 3, \"id\": \"3-GPLQF413\"}, \"quantity\": 1}": "delivered",
    "{\"py/object\": \"items.ItemReq\", \"item\": {\"py/object\": \"items.Item\", \"type\": 3, \"id\": \"3-CFVFQ280\"}, \"quantity\": 1}": "delivered",
    "{\"py/object\": \"items.ItemReq\", \"item\": {\"py/object\": \"items.Item\", \"type\": 3, \"id\": \"3-WOUSU501\"}, \"quantity\": 1}": "delivered",
    "{\"py/object\": \"items.ItemReq\", \"item\": {\"py/object\": \"items.Item\", \"type\": 3, \"id\": \"3-NYBXV666\"}, \"quantity\": 1}": "delivered",
    "{\"py/object\": \"items.ItemReq\", \"item\": {\"py/object\": \"items.Item\", \"type\": 3, \"id\": \"3-YQVAH925\"}, \"quantity\": 1}": "delivered",
    "{\"py/object\": \"items.ItemReq\", \"item\": {\"py/object\": \"items.Item\", \"type\": 3, \"id\": \"3-WLGHC727\"}, \"quantity\": 1}": "delivered",
    "{\"py/object\": \"items.ItemReq\", \"item\": {\"py/object\": \"items.Item\", \"type\": 3, \"id\": \"3-MSFFV547\"}, \"quantity\": 1}": "delivered",
    "{\"py/object\": \"items.ItemReq\", \"item\": {\"py/object\": \"items.Item\", \"type\": 3, \"id\": \"3-IWRTJ789\"}, \"quantity\": 1}": "delivered",
    "{\"py/object\": \"items.ItemReq\", \"item\": {\"py/object\": \"items.Item\", \"type\": 3, \"id\": \"3-QQQJI866\"}, \"quantity\": 1}": "delivered",
    "{\"py/object\": \"items.ItemReq\", \"item\": {\"py/object\": \"items.Item\", \"type\": 3, \"id\": \"3-QGRGY869\"}, \"quantity\": 1}": "delivered",
    "{\"py/object\": \"items.ItemReq\", \"item\": {\"py/object\": \"items.Item\", \"type\": 3, \"id\": \"3-PURZO769\"}, \"quantity\": 1}": "delivered",
    "{\"py/object\": \"items.ItemReq\", \"item\": {\"py/object\": \"items.Item\", \"type\": 3, \"id\": \"3-DFMYO170\"}, \"quantity\": 1}": "delivered",
    "{\"py/object\": \"items.ItemReq\", \"item\": {\"py/object\": \"items.Item\", \"type\": 3, \"id\": \"3-QTLCC926\"}, \"quantity\": 1}": "delivered",
    "{\"py/object\": \"items.ItemReq\", \"item\": {\"py/object\": \"items.Item\", \"type\": 3, \"id\": \"3-ORIQW708\"}, \"quantity\": 1}": "delivered",
    "{\"py/object\": \"items.ItemReq\", \"item\": {\"py/object\": \"items.Item\", \"type\": 3, \"id\": \"3-ACIGV450\"}, \"quantity\": 1}": "in-queue",
    "{\"py/object\": \"items.ItemReq\", \"item\": {\"py/object\": \"items.Item\", \"type\": 3, \"id\": \"3-DZATP304\"}, \"quantity\": 1}": "in-queue",
    "{\"py/object\": \"items.ItemReq\", \"item\": {\"py/object\": \"items.Item\", \"type\": 3, \"id\": \"3-WLSJL240\"}, \"quantity\": 1}": "in-queue",
    "{\"py/object\": \"items.ItemReq\", \"item\": {\"py/object\": \"items.Item\", \"type\": 3, \"id\": \"3-YPDWI533\"}, \"quantity\": 1}": "in-queue",
    "{\"py/object\": \"items.ItemReq\", \"item\": {\"py/object\": \"items.Item\", \"type\": 3, \"id\": \"3-YFRDZ149\"}, \"quantity\": 1}": "in-queue",
    "{\"py/object\": \"items.ItemReq\", \"item\": {\"py/object\": \"items.Item\", \"type\": 3, \"id\": \"3-FNMUB968\"}, \"quantity\": 1}": "in-queue",
    "{\"py/object\": \"items.ItemReq\", \"item\": {\"py/object\": \"items.Item\", \"type\": 3, \"id\": \"3-ZDQRM049\"}, \"quantity\": 1}": "in-queue",
    "{\"py/object\": \"items.ItemReq\", \"item\": {\"py/object\": \"items.Item\", \"type\": 3, \"id\": \"3-LXQGC458\"}, \"quantity\": 1}": "in-queue",
    "{\"py/object\": \"items.ItemReq\", \"item\": {\"py/object\": \"items.Item\", \"type\": 3, \"id\": \"3-ZMRKQ477\"}, \"quantity\": 1}": "in-queue",
    "{\"py/object\": \"items.ItemReq\", \"item\": {\"py/object\": \"items.Item\", \"type\": 3, \"id\": \"3-CBFHY171\"}, \"quantity\": 1}": "in-queue",
    "{\"py/object\": \"items.ItemReq\", \"item\": {\"py/object\": \"items.Item\", \"type\": 3, \"id\": \"3-DRSAJ556\"}, \"quantity\": 1}": "in-queue",
    "{\"py/object\": \"items.ItemReq\", \"item\": {\"py/object\": \"items.Item\", \"type\": 3, \"id\": \"3-HUMVM671\"}, \"quantity\": 1}": "in-queue",
    "{\"py/object\": \"items.ItemReq\", \"item\": {\"py/object\": \"items.Item\", \"type\": 3, \"id\": \"3-QXFYC801\"}, \"quantity\": 1}": "in-queue",
    "{\"py/object\": \"items.ItemReq\", \"item\": {\"py/object\": \"items.Item\", \"type\": 3, \"id\": \"3-PREGX753\"}, \"quantity\": 1}": "in-queue",
    "{\"py/object\": \"items.ItemReq\", \"item\": {\"py/object\": \"items.Item\", \"type\": 3, \"id\": \"3-YALPE356\"}, \"quantity\": 1}": "in-queue",
    "{\"py/object\": \"items.ItemReq\", \"item\": {\"py/object\": \"items.Item\", \"type\": 3, \"id\": \"3-GBZLE211\"}, \"quantity\": 1}": "in-queue",
    "{\"py/object\": \"items.ItemReq\", \"item\": {\"py/object\": \"items.Item\", \"type\": 3, \"id\": \"3-WWGWJ769\"}, \"quantity\": 1}": "in-queue",
    "{\"py/object\": \"items.ItemReq\", \"item\": {\"py/object\": \"items.Item\", \"type\": 3, \"id\": \"3-OBCSA720\"}, \"quantity\": 1}": "in-queue",
    "{\"py/object\": \"items.ItemReq\", \"item\": {\"py/object\": \"items.Item\", \"type\": 3, \"id\": \"3-SGAEC944\"}, \"quantity\": 1}": "in-queue",
    "{\"py/object\": \"items.ItemReq\", \"item\": {\"py/object\": \"items.Item\", \"type\": 3, \"id\": \"3-BEYQX682\"}, \"quantity\": 1}": "in-queue",
    "{\"py/object\": \"items.ItemReq\", \"item\": {\"py/object\": \"items.Item\", \"type\": 3, \"id\": \"3-JJCIX295\"}, \"quantity\": 1}": "in-queue",
    "{\"py/object\": \"items.ItemReq\", \"item\": {\"py/object\": \"items.Item\", \"type\": 3, \"id\": \"3-CTNTL070\"}, \"quantity\": 1}": "in-queue",
    "{\"py/object\": \"items.ItemReq\", \"item\": {\"py/object\": \"items.Item\", \"type\": 3, \"id\": \"3-AAWMD867\"}, \"quantity\": 1}": "in-queue",
    "{\"py/object\": \"items.ItemReq\", \"item\": {\"py/object\": \"items.Item\", \"type\": 3, \"id\": \"3-GFEFF403\"}, \"quantity\": 1}": "in-queue",
    "{\"py/object\": \"items.ItemReq\", \"item\": {\"py/object\": \"items.Item\", \"type\": 3, \"id\": \"3-BIKWX491\"}, \"quantity\": 1}": "in-queue",
    "{\"py/object\": \"items.ItemReq\", \"item\": {\"py/object\": \"items.Item\", \"type\": 3, \"id\": \"3-ZMYUV960\"}, \"quantity\": 1}": "in-queue",
    "{\"py/object\": \"items.ItemReq\", \"item\": {\"py/object\": \"items.Item\", \"type\": 3, \"id\": \"3-UOPZT474\"}, \"quantity\": 1}": "in-queue",
    "{\"py/object\": \"items.ItemReq\", \"item\": {\"py/object\": \"items.Item\", \"type\": 3, \"id\": \"3-IUVEE298\"}, \"quantity\": 1}": "in-queue",
    "{\"py/object\": \"items.ItemReq\", \"item\": {\"py/object\": \"items.Item\", \"type\": 3, \"id\": \"3-DUADY053\"}, \"quantity\": 1}": "in-queue",
    "{\"py/object\": \"items.ItemReq\", \"item\": {\"py/object\": \"items.Item\", \"type\": 3, \"id\": \"3-DYRFH885\"}, \"quantity\": 1}": "in-queue",
    "{\"py/object\": \"items.ItemReq\", \"item\": {\"py/object\": \"items.Item\", \"type\": 3, \"id\": \"3-CVVJD341\"}, \"quantity\": 1}": "in-queue",
    "{\"py/object\": \"items.ItemReq\", \"item\": {\"py/object\": \"items.Item\", \"type\": 3, \"id\": \"3-PFQVO462\"}, \"quantity\": 1}": "in-queue",
    "{\"py/object\": \"items.ItemReq\", \"item\": {\"py/object\": \"items.Item\", \"type\": 3, \"id\": \"3-HWJEM474\"}, \"quantity\": 1}": "in-queue",
    "{\"py/object\": \"items.ItemReq\", \"item\": {\"py/object\": \"items.Item\", \"type\": 3, \"id\": \"3-NPIIM859\"}, \"quantity\": 1}": "in-queue",
    "{\"py/object\": \"items.ItemReq\", \"item\": {\"py/object\": \"items.Item\", \"type\": 3, \"id\": \"3-SDKES026\"}, \"quantity\": 1}": "in-queue",
    "{\"py/object\": \"items.ItemReq\", \"item\": {\"py/object\": \"items.Item\", \"type\": 3, \"id\": \"3-PNQKE194\"}, \"quantity\": 1}": "in-queue",
    "{\"py/object\": \"items.ItemReq\", \"item\": {\"py/object\": \"items.Item\", \"type\": 3, \"id\": \"3-SRGAG361\"}, \"quantity\": 1}": "in-queue",
    "{\"py/object\": \"items.ItemReq\", \"item\": {\"py/object\": \"items.Item\", \"type\": 3, \"id\": \"3-OAEWI655\"}, \"quantity\": 1}": "in-queue",
    "{\"py/object\": \"items.ItemReq\", \"item\": {\"py/object\": \"items.Item\", \"type\": 3, \"id\": \"3-HIAQG661\"}, \"quantity\": 1}": "in-queue",
    "{\"py/object\": \"items.ItemReq\", \"item\": {\"py/object\": \"items.Item\", \"type\": 3, \"id\": \"3-HHSSA020\"}, \"quantity\": 1}": "in-queue"
}