{
    "{\"py/object\": \"items.ItemReq\", \"item\": {\"py/object\": \"items.Item\", \"type\": 3, \"id\": \"3-CVLBQ332\"}, \"quantity\": 1}": "consumed",
    "{\"py/object\": \"items.ItemReq\", \"item\": {\"py/object\": \"items.Item\", \"type\": 6, \"id\": \"6-QJQLG461\"}, \"quantity\": 1}": "consumed",
    "{\"py/object\": \"items.ItemReq\", \"item\": {\"py/object\": \"items.Item\", \"type\": 5, \"id\": \"5-FKLEW365\"}, \"quantity\": 1}": "consumed",
    "{\"py/object\": \"items.ItemReq\", \"item\": {\"py/object\": \"items.Item\", \"type\": 2, \"id\": \"2-ASJJT700\"}, \"quantity\": 1}": "in-transit",
    "{\"py/object\": \"items.ItemReq\", \"item\": {\"py/object\": \"items.Item\", \"type\": 3, \"id\": \"3-PVIWX232\"}, \"quantity\": 1}": "consumed",
    "{\"py/object\": \"items.ItemReq\", \"item\": {\"py/object\": \"items.Item\", \"type\": 6, \"id\": \"6-IELBK369\"}, \"quantity\": 1}": "consumed",
    "{\"py/object\": \"items.ItemReq\", \"item\": {\"py/object\": \"items.Item\", \"type\": 5, \"id\": \"5-ZUEIV993\"}, \"quantity\": 1}": "consumed",
    "{\"py/object\": \"items.ItemReq\", \"item\": {\"py/object\": \"items.Item\", \"type\": 2, \"id\": \"2-TLOZD049\"}, \"quantity\": 1}": "in-transit",
    "{\"py/object\": \"items.ItemReq\", \"item\": {\"py/object\": \"items.Item\", \"type\": 3, \"id\": \"3-LOFQN459\"}, \"quantity\": 1}": "consumed",
    "{\"py/object\": \"items.ItemReq\", \"item\": {\"py/object\": \"items.Item\", \"type\": 6, \"id\": \"6-JVRJV529\"}, \"quantity\": 1}": "consumed",
    "{\"py/object\": \"items.ItemReq\", \"item\": {\"py/object\": \"items.Item\", \"type\": 5, \"id\": \"5-TOXUI131\"}, \"quantity\": 1}": "consumed",
    "{\"py/object\": \"items.ItemReq\", \"item\": {\"py/object\": \"items.Item\", \"type\": 2, \"id\": \"2-VSOWY284\"}, \"quantity\": 1}": "in-transit",
    "{\"py/object\": \"items.ItemReq\", \"item\": {\"py/object\": \"items.Item\", \"type\": 3, \"id\": \"3-SMRQK278\"}, \"quantity\": 1}": "consumed",
    "{\"py/object\": \"items.ItemReq\", \"item\": {\"py/object\": \"items.Item\", \"type\": 3, \"id\": \"3-MRECD945\"}, \"quantity\": 1}": "consumed",
    "{\"py/object\": \"items.ItemReq\", \"item\": {\"py/object\": \"items.Item\", \"type\": 6, \"id\": \"6-WUPFW142\"}, \"quantity\": 1}": "consumed",
    "{\"py/object\": \"items.ItemReq\", \"item\": {\"py/object\": \"items.Item\", \"type\": 5, \"id\": \"5-IESCM587\"}, \"quantity\": 1}": "consumed",
    "{\"py/object\": \"items.ItemReq\", \"item\": {\"py/object\": \"items.Item\", \"type\": 2, \"id\": \"2-EHQKD292\"}, \"quantity\": 1}": "in-transit",
    "{\"py/object\": \"items.ItemReq\", \"item\": {\"py/object\": \"items.Item\", \"type\": 6, \"id\": \"6-OUTOU931\"}, \"quantity\": 1}": "consumed",
    "{\"py/object\": \"items.ItemReq\", \"item\": {\"py/object\": \"items.Item\", \"type\": 6, \"id\": \"6-CWXFQ531\"}, \"quantity\": 1}": "consumed",
    "{\"py/object\": \"items.ItemReq\", \"item\": {\"py/object\": \"items.Item\", \"type\": 5, \"id\": \"5-QMVGQ924\"}, \"quantity\": 1}": "consumed",
    "{\"py/object\": \"items.ItemReq\", \"item\": {\"py/object\": \"items.Item\", \"type\": 2, \"id\": \"2-JHIHM062\"}, \"quantity\": 1}": "in-transit",
    "{\"py/object\": \"items.ItemReq\", \"item\": {\"py/object\": \"items.Item\", \"type\": 3, \"id\": \"3-OOJKH112\"}, \"quantity\": 1}": "consumed",
    "{\"py/object\": \"items.ItemReq\", \"item\": {\"py/object\": \"items.Item\", \"type\": 3, \"id\": \"3-CFAUQ212\"}, \"quantity\": 1}": "consumed",
    "{\"py/object\": \"items.ItemReq\", \"item\": {\"py/object\": \"items.Item\", \"type\": 5, \"id\": \"5-PNJIE841\"}, \"quantity\": 1}": "consumed",
    "{\"py/object\": \"items.ItemReq\", \"item\": {\"py/object\": \"items.Item\", \"type\": 2, \"id\": \"2-OOQLZ736\"}, \"quantity\": 1}": "in-transit",
    "{\"py/object\": \"items.ItemReq\", \"item\": {\"py/object\": \"items.Item\", \"type\": 6, \"id\": \"6-WDYWL894\"}, \"quantity\": 1}": "consumed",
    "{\"py/object\": \"items.ItemReq\", \"item\": {\"py/object\": \"items.Item\", \"type\": 5, \"id\": \"5-YWWCR780\"}, \"quantity\": 1}": "consumed",
    "{\"py/object\": \"items.ItemReq\", \"item\": {\"py/object\": \"items.Item\", \"type\": 2, \"id\": \"2-ARPVQ940\"}, \"quantity\": 1}": "in-transit",
    "{\"py/object\": \"items.ItemReq\", \"item\": {\"py/object\": \"items.Item\", \"type\": 6, \"id\": \"6-MYSWQ970\"}, \"quantity\": 1}": "consumed",
    "{\"py/object\": \"items.ItemReq\", \"item\": {\"py/object\": \"items.Item\", \"type\": 3, \"id\": \"3-WNEGP166\"}, \"quantity\": 1}": "consumed",
    "{\"py/object\": \"items.ItemReq\", \"item\": {\"py/object\": \"items.Item\", \"type\": 6, \"id\": \"6-QOZLY756\"}, \"quantity\": 1}": "consumed",
    "{\"py/object\": \"items.ItemReq\", \"item\": {\"py/object\": \"items.Item\", \"type\": 3, \"id\": \"3-XSRPS971\"}, \"quantity\": 1}": "consumed",
    "{\"py/object\": \"items.ItemReq\", \"item\": {\"py/object\": \"items.Item\", \"type\": 3, \"id\": \"3-CAKWW689\"}, \"quantity\": 1}": "consumed",
    "{\"py/object\": \"items.ItemReq\", \"item\": {\"py/object\": \"items.Item\", \"type\": 5, \"id\": \"5-OQDLQ031\"}, \"quantity\": 1}": "consumed",
    "{\"py/object\": \"items.ItemReq\", \"item\": {\"py/object\": \"items.Item\", \"type\": 2, \"id\": \"2-LUVBE408\"}, \"quantity\": 1}": "in-transit",
    "{\"py/object\": \"items.ItemReq\", \"item\": {\"py/object\": \"items.Item\", \"type\": 5, \"id\": \"5-FJCGG129\"}, \"quantity\": 1}": "consumed",
    "{\"py/object\": \"items.ItemReq\", \"item\": {\"py/object\": \"items.Item\", \"type\": 2, \"id\": \"2-FTWPG886\"}, \"quantity\": 1}": "in-transit",
    "{\"py/object\": \"items.ItemReq\", \"item\": {\"py/object\": \"items.Item\", \"type\": 6, \"id\": \"6-DKNXN417\"}, \"quantity\": 1}": "consumed",
    "{\"py/object\": \"items.ItemReq\", \"item\": {\"py/object\": \"items.Item\", \"type\": 6, \"id\": \"6-PDAFT064\"}, \"quantity\": 1}": "consumed",
    "{\"py/object\": \"items.ItemReq\", \"item\": {\"py/object\": \"items.Item\", \"type\": 5, \"id\": \"5-YGQKQ707\"}, \"quantity\": 1}": "consumed",
    "{\"py/object\": \"items.ItemReq\", \"item\": {\"py/object\": \"items.Item\", \"type\": 2, \"id\": \"2-DVHHL054\"}, \"quantity\": 1}": "in-transit",
    "{\"py/object\": \"items.ItemReq\", \"item\": {\"py/object\": \"items.Item\", \"type\": 3, \"id\": \"3-FFNSY699\"}, \"quantity\": 1}": "consumed",
    "{\"py/object\": \"items.ItemReq\", \"item\": {\"py/object\": \"items.Item\", \"type\": 3, \"id\": \"3-QRWXA653\"}, \"quantity\": 1}": "consumed",
    "{\"py/object\": \"items.ItemReq\", \"item\": {\"py/object\": \"items.Item\", \"type\": 5, \"id\": \"5-BSOLU061\"}, \"quantity\": 1}": "consumed",
    "{\"py/object\": \"items.ItemReq\", \"item\": {\"py/object\": \"items.Item\", \"type\": 2, \"id\": \"2-PSITW874\"}, \"quantity\": 1}": "in-transit",
    "{\"py/object\": \"items.ItemReq\", \"item\": {\"py/object\": \"items.Item\", \"type\": 6, \"id\": \"6-IUWYD612\"}, \"quantity\": 1}": "consumed",
    "{\"py/object\": \"items.ItemReq\", \"item\": {\"py/object\": \"items.Item\", \"type\": 5, \"id\": \"5-IJYBS074\"}, \"quantity\": 1}": "consumed",
    "{\"py/object\": \"items.ItemReq\", \"item\": {\"py/object\": \"items.Item\", \"type\": 2, \"id\": \"2-FGCQC080\"}, \"quantity\": 1}": "in-transit",
    "{\"py/object\": \"items.ItemReq\", \"item\": {\"py/object\": \"items.Item\", \"type\": 3, \"id\": \"3-NLCHZ737\"}, \"quantity\": 1}": "consumed",
    "{\"py/object\": \"items.ItemReq\", \"item\": {\"py/object\": \"items.Item\", \"type\": 6, \"id\": \"6-PCZXO113\"}, \"quantity\": 1}": "consumed",
    "{\"py/object\": \"items.ItemReq\", \"item\": {\"py/object\": \"items.Item\", \"type\": 6, \"id\": \"6-FOZPT339\"}, \"quantity\": 1}": "consumed",
    "{\"py/object\": \"items.ItemReq\", \"item\": {\"py/object\": \"items.Item\", \"type\": 6, \"id\": \"6-ZLJFS462\"}, \"quantity\": 1}": "consumed",
    "{\"py/object\": \"items.ItemReq\", \"item\": {\"py/object\": \"items.Item\", \"type\": 5, \"id\": \"5-OTROH934\"}, \"quantity\": 1}": "consumed",
    "{\"py/object\": \"items.ItemReq\", \"item\": {\"py/object\": \"items.Item\", \"type\": 2, \"id\": \"2-CWUHA360\"}, \"quantity\": 1}": "in-transit",
    "{\"py/object\": \"items.ItemReq\", \"item\": {\"py/object\": \"items.Item\", \"type\": 3, \"id\": \"3-XVGBY461\"}, \"quantity\": 1}": "consumed",
    "{\"py/object\": \"items.ItemReq\", \"item\": {\"py/object\": \"items.Item\", \"type\": 3, \"id\": \"3-OPYDB959\"}, \"quantity\": 1}": "consumed",
    "{\"py/object\": \"items.ItemReq\", \"item\": {\"py/object\": \"items.Item\", \"type\": 5, \"id\": \"5-EZTAP407\"}, \"quantity\": 1}": "consumed",
    "{\"py/object\": \"items.ItemReq\", \"item\": {\"py/object\": \"items.Item\", \"type\": 2, \"id\": \"2-NLEIZ048\"}, \"quantity\": 1}": "in-transit",
    "{\"py/object\": \"items.ItemReq\", \"item\": {\"py/object\": \"items.Item\", \"type\": 5, \"id\": \"5-GMBQP989\"}, \"quantity\": 1}": "consumed",
    "{\"py/object\": \"items.ItemReq\", \"item\": {\"py/object\": \"items.Item\", \"type\": 2, \"id\": \"2-VUPJQ575\"}, \"quantity\": 1}": "in-transit",
    "{\"py/object\": \"items.ItemReq\", \"item\": {\"py/object\": \"items.Item\", \"type\": 6, \"id\": \"6-INEPI789\"}, \"quantity\": 1}": "consumed",
    "{\"py/object\": \"items.ItemReq\", \"item\": {\"py/object\": \"items.Item\", \"type\": 3, \"id\": \"3-GBHVJ378\"}, \"quantity\": 1}": "consumed",
    "{\"py/object\": \"items.ItemReq\", \"item\": {\"py/object\": \"items.Item\", \"type\": 6, \"id\": \"6-LOTGI697\"}, \"quantity\": 1}": "consumed",
    "{\"py/object\": \"items.ItemReq\", \"item\": {\"py/object\": \"items.Item\", \"type\": 3, \"id\": \"3-YZVYK891\"}, \"quantity\": 1}": "consumed",
    "{\"py/object\": \"items.ItemReq\", \"item\": {\"py/object\": \"items.Item\", \"type\": 3, \"id\": \"3-IGNIG190\"}, \"quantity\": 1}": "consumed",
    "{\"py/object\": \"items.ItemReq\", \"item\": {\"py/object\": \"items.Item\", \"type\": 5, \"id\": \"5-LPLMN743\"}, \"quantity\": 1}": "consumed",
    "{\"py/object\": \"items.ItemReq\", \"item\": {\"py/object\": \"items.Item\", \"type\": 2, \"id\": \"2-CVVVH204\"}, \"quantity\": 1}": "in-transit",
    "{\"py/object\": \"items.ItemReq\", \"item\": {\"py/object\": \"items.Item\", \"type\": 5, \"id\": \"5-BYFQG895\"}, \"quantity\": 1}": "consumed",
    "{\"py/object\": \"items.ItemReq\", \"item\": {\"py/object\": \"items.Item\", \"type\": 2, \"id\": \"2-FTFOE748\"}, \"quantity\": 1}": "in-transit",
    "{\"py/object\": \"items.ItemReq\", \"item\": {\"py/object\": \"items.Item\", \"type\": 6, \"id\": \"6-ECJTQ754\"}, \"quantity\": 1}": "consumed",
    "{\"py/object\": \"items.ItemReq\", \"item\": {\"py/object\": \"items.Item\", \"type\": 6, \"id\": \"6-KUEMV954\"}, \"quantity\": 1}": "in-queue",
    "{\"py/object\": \"items.ItemReq\", \"item\": {\"py/object\": \"items.Item\", \"type\": 5, \"id\": \"5-EABOA279\"}, \"quantity\": 1}": "consumed",
    "{\"py/object\": \"items.ItemReq\", \"item\": {\"py/object\": \"items.Item\", \"type\": 2, \"id\": \"2-AEACH432\"}, \"quantity\": 1}": "in-transit",
    "{\"py/object\": \"items.ItemReq\", \"item\": {\"py/object\": \"items.Item\", \"type\": 3, \"id\": \"3-CTBSJ120\"}, \"quantity\": 1}": "in-queue"
}