{
    "{\"py/object\": \"items.ItemReq\", \"item\": {\"py/object\": \"items.Item\", \"type\": 4, \"id\": \"4-JLQWF987\"}, \"quantity\": 1}": "consumed",
    "{\"py/object\": \"items.ItemReq\", \"item\": {\"py/object\": \"items.Item\", \"type\": 1, \"id\": \"1-AUKOP218\"}, \"quantity\": 1}": "in-transit",
    "{\"py/object\": \"items.ItemReq\", \"item\": {\"py/object\": \"items.Item\", \"type\": 4, \"id\": \"4-ADMOA045\"}, \"quantity\": 1}": "consumed",
    "{\"py/object\": \"items.ItemReq\", \"item\": {\"py/object\": \"items.Item\", \"type\": 1, \"id\": \"1-ZJLXA166\"}, \"quantity\": 1}": "in-transit",
    "{\"py/object\": \"items.ItemReq\", \"item\": {\"py/object\": \"items.Item\", \"type\": 4, \"id\": \"4-QFTMV685\"}, \"quantity\": 1}": "consumed",
    "{\"py/object\": \"items.ItemReq\", \"item\": {\"py/object\": \"items.Item\", \"type\": 1, \"id\": \"1-YWUPO981\"}, \"quantity\": 1}": "in-transit",
    "{\"py/object\": \"items.ItemReq\", \"item\": {\"py/object\": \"items.Item\", \"type\": 4, \"id\": \"4-TWHBK123\"}, \"quantity\": 1}": "consumed",
    "{\"py/object\": \"items.ItemReq\", \"item\": {\"py/object\": \"items.Item\", \"type\": 1, \"id\": \"1-QLVWR650\"}, \"quantity\": 1}": "in-transit",
    "{\"py/object\": \"items.ItemReq\", \"item\": {\"py/object\": \"items.Item\", \"type\": 4, \"id\": \"4-FIASO893\"}, \"quantity\": 1}": "consumed",
    "{\"py/object\": \"items.ItemReq\", \"item\": {\"py/object\": \"items.Item\", \"type\": 1, \"id\": \"1-FECNP892\"}, \"quantity\": 1}": "in-transit",
    "{\"py/object\": \"items.ItemReq\", \"item\": {\"py/object\": \"items.Item\", \"type\": 4, \"id\": \"4-AXDQY735\"}, \"quantity\": 1}": "consumed",
    "{\"py/object\": \"items.ItemReq\", \"item\": {\"py/object\": \"items.Item\", \"type\": 1, \"id\": \"1-LOXLX898\"}, \"quantity\": 1}": "in-transit",
    "{\"py/object\": \"items.ItemReq\", \"item\": {\"py/object\": \"items.Item\", \"type\": 4, \"id\": \"4-FRVVL594\"}, \"quantity\": 1}": "consumed",
    "{\"py/object\": \"items.ItemReq\", \"item\": {\"py/object\": \"items.Item\", \"type\": 1, \"id\": \"1-VOIJP589\"}, \"quantity\": 1}": "in-transit",
    "{\"py/object\": \"items.ItemReq\", \"item\": {\"py/object\": \"items.Item\", \"type\": 4, \"id\": \"4-FGEUL733\"}, \"quantity\": 1}": "consumed",
    "{\"py/object\": \"items.ItemReq\", \"item\": {\"py/object\": \"items.Item\", \"type\": 1, \"id\": \"1-ZFPNT176\"}, \"quantity\": 1}": "in-transit",
    "{\"py/object\": \"items.ItemReq\", \"item\": {\"py/object\": \"items.Item\", \"type\": 4, \"id\": \"4-YDNNW110\"}, \"quantity\": 1}": "consumed",
    "{\"py/object\": \"items.ItemReq\", \"item\": {\"py/object\": \"items.Item\", \"type\": 1, \"id\": \"1-ZZZEJ126\"}, \"quantity\": 1}": "in-transit",
    "{\"py/object\": \"items.ItemReq\", \"item\": {\"py/object\": \"items.Item\", \"type\": 4, \"id\": \"4-DIDIS628\"}, \"quantity\": 1}": "consumed",
    "{\"py/object\": \"items.ItemReq\", \"item\": {\"py/object\": \"items.Item\", \"type\": 1, \"id\": \"1-UNOIF585\"}, \"quantity\": 1}": "in-transit",
    "{\"py/object\": \"items.ItemReq\", \"item\": {\"py/object\": \"items.Item\", \"type\": 4, \"id\": \"4-OHVAB969\"}, \"quantity\": 1}": "consumed",
    "{\"py/object\": \"items.ItemReq\", \"item\": {\"py/object\": \"items.Item\", \"type\": 1, \"id\": \"1-EMSFP822\"}, \"quantity\": 1}": "in-transit",
    "{\"py/object\": \"items.ItemReq\", \"item\": {\"py/object\": \"items.Item\", \"type\": 4, \"id\": \"4-GIUSM671\"}, \"quantity\": 1}": "consumed",
    "{\"py/object\": \"items.ItemReq\", \"item\": {\"py/object\": \"items.Item\", \"type\": 1, \"id\": \"1-USRLG937\"}, \"quantity\": 1}": "in-transit",
    "{\"py/object\": \"items.ItemReq\", \"item\": {\"py/object\": \"items.Item\", \"type\": 4, \"id\": \"4-YSSMZ748\"}, \"quantity\": 1}": "consumed",
    "{\"py/object\": \"items.ItemReq\", \"item\": {\"py/object\": \"items.Item\", \"type\": 1, \"id\": \"1-LBXIQ051\"}, \"quantity\": 1}": "in-transit",
    "{\"py/object\": \"items.ItemReq\", \"item\": {\"py/object\": \"items.Item\", \"type\": 4, \"id\": \"4-NJSIJ665\"}, \"quantity\": 1}": "consumed",
    "{\"py/object\": \"items.ItemReq\", \"item\": {\"py/object\": \"items.Item\", \"type\": 1, \"id\": \"1-BOEHH862\"}, \"quantity\": 1}": "in-transit",
    "{\"py/object\": \"items.ItemReq\", \"item\": {\"py/object\": \"items.Item\", \"type\": 4, \"id\": \"4-FMHFP856\"}, \"quantity\": 1}": "consumed",
    "{\"py/object\": \"items.ItemReq\", \"item\": {\"py/object\": \"items.Item\", \"type\": 1, \"id\": \"1-BERHK415\"}, \"quantity\": 1}": "in-transit",
    "{\"py/object\": \"items.ItemReq\", \"item\": {\"py/object\": \"items.Item\", \"type\": 4, \"id\": \"4-QVZIM482\"}, \"quantity\": 1}": "consumed",
    "{\"py/object\": \"items.ItemReq\", \"item\": {\"py/object\": \"items.Item\", \"type\": 1, \"id\": \"1-YUTMX139\"}, \"quantity\": 1}": "in-transit",
    "{\"py/object\": \"items.ItemReq\", \"item\": {\"py/object\": \"items.Item\", \"type\": 4, \"id\": \"4-AEYHY318\"}, \"quantity\": 1}": "consumed",
    "{\"py/object\": \"items.ItemReq\", \"item\": {\"py/object\": \"items.Item\", \"type\": 1, \"id\": \"1-PQCIY336\"}, \"quantity\": 1}": "in-transit",
    "{\"py/object\": \"items.ItemReq\", \"item\": {\"py/object\": \"items.Item\", \"type\": 4, \"id\": \"4-XBBMR799\"}, \"quantity\": 1}": "consumed",
    "{\"py/object\": \"items.ItemReq\", \"item\": {\"py/object\": \"items.Item\", \"type\": 4, \"id\": \"4-UCPGL794\"}, \"quantity\": 1}": "consumed",
    "{\"py/object\": \"items.ItemReq\", \"item\": {\"py/object\": \"items.Item\", \"type\": 1, \"id\": \"1-XCSLC572\"}, \"quantity\": 1}": "in-transit",
    "{\"py/object\": \"items.ItemReq\", \"item\": {\"py/object\": \"items.Item\", \"type\": 1, \"id\": \"1-IQJZK099\"}, \"quantity\": 1}": "in-transit",
    "{\"py/object\": \"items.ItemReq\", \"item\": {\"py/object\": \"items.Item\", \"type\": 4, \"id\": \"4-GKNQG015\"}, \"quantity\": 1}": "consumed",
    "{\"py/object\": \"items.ItemReq\", \"item\": {\"py/object\": \"items.Item\", \"type\": 4, \"id\": \"4-CTAHS721\"}, \"quantity\": 1}": "consumed",
    "{\"py/object\": \"items.ItemReq\", \"item\": {\"py/object\": \"items.Item\", \"type\": 1, \"id\": \"1-PGHCX827\"}, \"quantity\": 1}": "in-transit",
    "{\"py/object\": \"items.ItemReq\", \"item\": {\"py/object\": \"items.Item\", \"type\": 1, \"id\": \"1-HGXRS167\"}, \"quantity\": 1}": "in-transit",
    "{\"py/object\": \"items.ItemReq\", \"item\": {\"py/object\": \"items.Item\", \"type\": 4, \"id\": \"4-RJHKO985\"}, \"quantity\": 1}": "consumed",
    "{\"py/object\": \"items.ItemReq\", \"item\": {\"py/object\": \"items.Item\", \"type\": 1, \"id\": \"1-JXEHY745\"}, \"quantity\": 1}": "in-transit",
    "{\"py/object\": \"items.ItemReq\", \"item\": {\"py/object\": \"items.Item\", \"type\": 4, \"id\": \"4-IZGSM556\"}, \"quantity\": 1}": "consumed",
    "{\"py/object\": \"items.ItemReq\", \"item\": {\"py/object\": \"items.Item\", \"type\": 1, \"id\": \"1-SXCNC132\"}, \"quantity\": 1}": "in-transit",
    "{\"py/object\": \"items.ItemReq\", \"item\": {\"py/object\": \"items.Item\", \"type\": 4, \"id\": \"4-LPCFQ195\"}, \"quantity\": 1}": "consumed",
    "{\"py/object\": \"items.ItemReq\", \"item\": {\"py/object\": \"items.Item\", \"type\": 1, \"id\": \"1-VSDLQ897\"}, \"quantity\": 1}": "in-transit",
    "{\"py/object\": \"items.ItemReq\", \"item\": {\"py/object\": \"items.Item\", \"type\": 4, \"id\": \"4-RMMPR139\"}, \"quantity\": 1}": "consumed",
    "{\"py/object\": \"items.ItemReq\", \"item\": {\"py/object\": \"items.Item\", \"type\": 4, \"id\": \"4-SLCBD046\"}, \"quantity\": 1}": "consumed",
    "{\"py/object\": \"items.ItemReq\", \"item\": {\"py/object\": \"items.Item\", \"type\": 1, \"id\": \"1-TPLXU249\"}, \"quantity\": 1}": "in-transit",
    "{\"py/object\": \"items.ItemReq\", \"item\": {\"py/object\": \"items.Item\", \"type\": 1, \"id\": \"1-UAZIM472\"}, \"quantity\": 1}": "in-transit",
    "{\"py/object\": \"items.ItemReq\", \"item\": {\"py/object\": \"items.Item\", \"type\": 4, \"id\": \"4-INQJP324\"}, \"quantity\": 1}": "consumed",
    "{\"py/object\": \"items.ItemReq\", \"item\": {\"py/object\": \"items.Item\", \"type\": 1, \"id\": \"1-YOFQT068\"}, \"quantity\": 1}": "in-transit",
    "{\"py/object\": \"items.ItemReq\", \"item\": {\"py/object\": \"items.Item\", \"type\": 4, \"id\": \"4-OIYOI386\"}, \"quantity\": 1}": "consumed",
    "{\"py/object\": \"items.ItemReq\", \"item\": {\"py/object\": \"items.Item\", \"type\": 1, \"id\": \"1-SLAZG702\"}, \"quantity\": 1}": "in-transit",
    "{\"py/object\": \"items.ItemReq\", \"item\": {\"py/object\": \"items.Item\", \"type\": 4, \"id\": \"4-EAOCH861\"}, \"quantity\": 1}": "consumed",
    "{\"py/object\": \"items.ItemReq\", \"item\": {\"py/object\": \"items.Item\", \"type\": 1, \"id\": \"1-PFGMA300\"}, \"quantity\": 1}": "in-transit",
    "{\"py/object\": \"items.ItemReq\", \"item\": {\"py/object\": \"items.Item\", \"type\": 4, \"id\": \"4-ZLCAK314\"}, \"quantity\": 1}": "consumed",
    "{\"py/object\": \"items.ItemReq\", \"item\": {\"py/object\": \"items.Item\", \"type\": 4, \"id\": \"4-VNWNB070\"}, \"quantity\": 1}": "consumed",
    "{\"py/object\": \"items.ItemReq\", \"item\": {\"py/object\": \"items.Item\", \"type\": 1, \"id\": \"1-YSBMW886\"}, \"quantity\": 1}": "in-transit",
    "{\"py/object\": \"items.ItemReq\", \"item\": {\"py/object\": \"items.Item\", \"type\": 1, \"id\": \"1-KLJWZ626\"}, \"quantity\": 1}": "in-transit",
    "{\"py/object\": \"items.ItemReq\", \"item\": {\"py/object\": \"items.Item\", \"type\": 4, \"id\": \"4-GJRRV694\"}, \"quantity\": 1}": "consumed",
    "{\"py/object\": \"items.ItemReq\", \"item\": {\"py/object\": \"items.Item\", \"type\": 1, \"id\": \"1-TMYLE720\"}, \"quantity\": 1}": "in-transit",
    "{\"py/object\": \"items.ItemReq\", \"item\": {\"py/object\": \"items.Item\", \"type\": 4, \"id\": \"4-FHOOA156\"}, \"quantity\": 1}": "consumed",
    "{\"py/object\": \"items.ItemReq\", \"item\": {\"py/object\": \"items.Item\", \"type\": 4, \"id\": \"4-NNTCE750\"}, \"quantity\": 1}": "consumed",
    "{\"py/object\": \"items.ItemReq\", \"item\": {\"py/object\": \"items.Item\", \"type\": 1, \"id\": \"1-PDKQD664\"}, \"quantity\": 1}": "in-transit",
    "{\"py/object\": \"items.ItemReq\", \"item\": {\"py/object\": \"items.Item\", \"type\": 4, \"id\": \"4-AGIRZ969\"}, \"quantity\": 1}": "consumed",
    "{\"py/object\": \"items.ItemReq\", \"item\": {\"py/object\": \"items.Item\", \"type\": 1, \"id\": \"1-BGBGY071\"}, \"quantity\": 1}": "in-transit",
    "{\"py/object\": \"items.ItemReq\", \"item\": {\"py/object\": \"items.Item\", \"type\": 4, \"id\": \"4-HGSWB219\"}, \"quantity\": 1}": "consumed",
    "{\"py/object\": \"items.ItemReq\", \"item\": {\"py/object\": \"items.Item\", \"type\": 1, \"id\": \"1-BRLLV810\"}, \"quantity\": 1}": "in-transit",
    "{\"py/object\": \"items.ItemReq\", \"item\": {\"py/object\": \"items.Item\", \"type\": 1, \"id\": \"1-GQJKT803\"}, \"quantity\": 1}": "in-transit",
    "{\"py/object\": \"items.ItemReq\", \"item\": {\"py/object\": \"items.Item\", \"type\": 4, \"id\": \"4-NMVHH971\"}, \"quantity\": 1}": "consumed",
    "{\"py/object\": \"items.ItemReq\", \"item\": {\"py/object\": \"items.Item\", \"type\": 1, \"id\": \"1-CCGWR236\"}, \"quantity\": 1}": "in-transit",
    "{\"py/object\": \"items.ItemReq\", \"item\": {\"py/object\": \"items.Item\", \"type\": 4, \"id\": \"4-ZTOHF718\"}, \"quantity\": 1}": "consumed",
    "{\"py/object\": \"items.ItemReq\", \"item\": {\"py/object\": \"items.Item\", \"type\": 4, \"id\": \"4-PRZIZ058\"}, \"quantity\": 1}": "consumed",
    "{\"py/object\": \"items.ItemReq\", \"item\": {\"py/object\": \"items.Item\", \"type\": 1, \"id\": \"1-KIHVY979\"}, \"quantity\": 1}": "in-transit",
    "{\"py/object\": \"items.ItemReq\", \"item\": {\"py/object\": \"items.Item\", \"type\": 1, \"id\": \"1-HPAJN521\"}, \"quantity\": 1}": "in-transit",
    "{\"py/object\": \"items.ItemReq\", \"item\": {\"py/object\": \"items.Item\", \"type\": 4, \"id\": \"4-PIZVT234\"}, \"quantity\": 1}": "consumed",
    "{\"py/object\": \"items.ItemReq\", \"item\": {\"py/object\": \"items.Item\", \"type\": 4, \"id\": \"4-LEXXJ654\"}, \"quantity\": 1}": "consumed",
    "{\"py/object\": \"items.ItemReq\", \"item\": {\"py/object\": \"items.Item\", \"type\": 1, \"id\": \"1-OXYYF018\"}, \"quantity\": 1}": "in-transit",
    "{\"py/object\": \"items.ItemReq\", \"item\": {\"py/object\": \"items.Item\", \"type\": 1, \"id\": \"1-QUJMY636\"}, \"quantity\": 1}": "in-transit",
    "{\"py/object\": \"items.ItemReq\", \"item\": {\"py/object\": \"items.Item\", \"type\": 4, \"id\": \"4-UUREZ863\"}, \"quantity\": 1}": "consumed",
    "{\"py/object\": \"items.ItemReq\", \"item\": {\"py/object\": \"items.Item\", \"type\": 1, \"id\": \"1-FKTXC990\"}, \"quantity\": 1}": "in-transit",
    "{\"py/object\": \"items.ItemReq\", \"item\": {\"py/object\": \"items.Item\", \"type\": 4, \"id\": \"4-HIVLY703\"}, \"quantity\": 1}": "consumed",
    "{\"py/object\": \"items.ItemReq\", \"item\": {\"py/object\": \"items.Item\", \"type\": 4, \"id\": \"4-TEIHJ320\"}, \"quantity\": 1}": "consumed",
    "{\"py/object\": \"items.ItemReq\", \"item\": {\"py/object\": \"items.Item\", \"type\": 1, \"id\": \"1-BUBMI570\"}, \"quantity\": 1}": "in-transit",
    "{\"py/object\": \"items.ItemReq\", \"item\": {\"py/object\": \"items.Item\", \"type\": 1, \"id\": \"1-SFSXE557\"}, \"quantity\": 1}": "in-transit",
    "{\"py/object\": \"items.ItemReq\", \"item\": {\"py/object\": \"items.Item\", \"type\": 4, \"id\": \"4-RGUIM612\"}, \"quantity\": 1}": "consumed",
    "{\"py/object\": \"items.ItemReq\", \"item\": {\"py/object\": \"items.Item\", \"type\": 1, \"id\": \"1-XOKFJ961\"}, \"quantity\": 1}": "in-transit",
    "{\"py/object\": \"items.ItemReq\", \"item\": {\"py/object\": \"items.Item\", \"type\": 4, \"id\": \"4-EVMAT488\"}, \"quantity\": 1}": "consumed",
    "{\"py/object\": \"items.ItemReq\", \"item\": {\"py/object\": \"items.Item\", \"type\": 4, \"id\": \"4-UKCBZ727\"}, \"quantity\": 1}": "consumed",
    "{\"py/object\": \"items.ItemReq\", \"item\": {\"py/object\": \"items.Item\", \"type\": 1, \"id\": \"1-WGNIP768\"}, \"quantity\": 1}": "in-transit",
    "{\"py/object\": \"items.ItemReq\", \"item\": {\"py/object\": \"items.Item\", \"type\": 1, \"id\": \"1-YPBRI182\"}, \"quantity\": 1}": "in-transit",
    "{\"py/object\": \"items.ItemReq\", \"item\": {\"py/object\": \"items.Item\", \"type\": 4, \"id\": \"4-CXONE322\"}, \"quantity\": 1}": "consumed",
    "{\"py/object\": \"items.ItemReq\", \"item\": {\"py/object\": \"items.Item\", \"type\": 1, \"id\": \"1-BVWWL046\"}, \"quantity\": 1}": "in-transit",
    "{\"py/object\": \"items.ItemReq\", \"item\": {\"py/object\": \"items.Item\", \"type\": 4, \"id\": \"4-TQKBN435\"}, \"quantity\": 1}": "consumed",
    "{\"py/object\": \"items.ItemReq\", \"item\": {\"py/object\": \"items.Item\", \"type\": 1, \"id\": \"1-EJXXH623\"}, \"quantity\": 1}": "in-transit",
    "{\"py/object\": \"items.ItemReq\", \"item\": {\"py/object\": \"items.Item\", \"type\": 4, \"id\": \"4-DSXDG149\"}, \"quantity\": 1}": "consumed",
    "{\"py/object\": \"items.ItemReq\", \"item\": {\"py/object\": \"items.Item\", \"type\": 4, \"id\": \"4-SPBJB820\"}, \"quantity\": 1}": "consumed",
    "{\"py/object\": \"items.ItemReq\", \"item\": {\"py/object\": \"items.Item\", \"type\": 1, \"id\": \"1-ZUJMR980\"}, \"quantity\": 1}": "in-transit",
    "{\"py/object\": \"items.ItemReq\", \"item\": {\"py/object\": \"items.Item\", \"type\": 1, \"id\": \"1-EIIRL360\"}, \"quantity\": 1}": "in-transit",
    "{\"py/object\": \"items.ItemReq\", \"item\": {\"py/object\": \"items.Item\", \"type\": 4, \"id\": \"4-YCITR281\"}, \"quantity\": 1}": "consumed",
    "{\"py/object\": \"items.ItemReq\", \"item\": {\"py/object\": \"items.Item\", \"type\": 1, \"id\": \"1-WIEII030\"}, \"quantity\": 1}": "in-transit",
    "{\"py/object\": \"items.ItemReq\", \"item\": {\"py/object\": \"items.Item\", \"type\": 4, \"id\": \"4-AHQIW021\"}, \"quantity\": 1}": "consumed",
    "{\"py/object\": \"items.ItemReq\", \"item\": {\"py/object\": \"items.Item\", \"type\": 1, \"id\": \"1-QDZSF306\"}, \"quantity\": 1}": "in-transit",
    "{\"py/object\": \"items.ItemReq\", \"item\": {\"py/object\": \"items.Item\", \"type\": 4, \"id\": \"4-LETNU462\"}, \"quantity\": 1}": "consumed",
    "{\"py/object\": \"items.ItemReq\", \"item\": {\"py/object\": \"items.Item\", \"type\": 4, \"id\": \"4-PPHAW926\"}, \"quantity\": 1}": "consumed",
    "{\"py/object\": \"items.ItemReq\", \"item\": {\"py/object\": \"items.Item\", \"type\": 1, \"id\": \"1-ZOOMB552\"}, \"quantity\": 1}": "in-transit",
    "{\"py/object\": \"items.ItemReq\", \"item\": {\"py/object\": \"items.Item\", \"type\": 1, \"id\": \"1-GXDOO698\"}, \"quantity\": 1}": "in-transit",
    "{\"py/object\": \"items.ItemReq\", \"item\": {\"py/object\": \"items.Item\", \"type\": 4, \"id\": \"4-PUHZM074\"}, \"quantity\": 1}": "consumed",
    "{\"py/object\": \"items.ItemReq\", \"item\": {\"py/object\": \"items.Item\", \"type\": 4, \"id\": \"4-IXJXX706\"}, \"quantity\": 1}": "consumed",
    "{\"py/object\": \"items.ItemReq\", \"item\": {\"py/object\": \"items.Item\", \"type\": 1, \"id\": \"1-YDSWD637\"}, \"quantity\": 1}": "in-transit",
    "{\"py/object\": \"items.ItemReq\", \"item\": {\"py/object\": \"items.Item\", \"type\": 1, \"id\": \"1-PCDOD725\"}, \"quantity\": 1}": "in-transit",
    "{\"py/object\": \"items.ItemReq\", \"item\": {\"py/object\": \"items.Item\", \"type\": 4, \"id\": \"4-MKVUJ043\"}, \"quantity\": 1}": "consumed",
    "{\"py/object\": \"items.ItemReq\", \"item\": {\"py/object\": \"items.Item\", \"type\": 1, \"id\": \"1-PQDXX468\"}, \"quantity\": 1}": "in-transit",
    "{\"py/object\": \"items.ItemReq\", \"item\": {\"py/object\": \"items.Item\", \"type\": 4, \"id\": \"4-HWKBF132\"}, \"quantity\": 1}": "consumed",
    "{\"py/object\": \"items.ItemReq\", \"item\": {\"py/object\": \"items.Item\", \"type\": 1, \"id\": \"1-OHWJC082\"}, \"quantity\": 1}": "in-transit",
    "{\"py/object\": \"items.ItemReq\", \"item\": {\"py/object\": \"items.Item\", \"type\": 4, \"id\": \"4-GEUEW566\"}, \"quantity\": 1}": "consumed",
    "{\"py/object\": \"items.ItemReq\", \"item\": {\"py/object\": \"items.Item\", \"type\": 1, \"id\": \"1-MCERB483\"}, \"quantity\": 1}": "in-transit",
    "{\"py/object\": \"items.ItemReq\", \"item\": {\"py/object\": \"items.Item\", \"type\": 4, \"id\": \"4-NBANB292\"}, \"quantity\": 1}": "consumed",
    "{\"py/object\": \"items.ItemReq\", \"item\": {\"py/object\": \"items.Item\", \"type\": 1, \"id\": \"1-ULXWL965\"}, \"quantity\": 1}": "in-transit",
    "{\"py/object\": \"items.ItemReq\", \"item\": {\"py/object\": \"items.Item\", \"type\": 4, \"id\": \"4-PJVOF110\"}, \"quantity\": 1}": "consumed",
    "{\"py/object\": \"items.ItemReq\", \"item\": {\"py/object\": \"items.Item\", \"type\": 1, \"id\": \"1-KLITL348\"}, \"quantity\": 1}": "in-transit",
    "{\"py/object\": \"items.ItemReq\", \"item\": {\"py/object\": \"items.Item\", \"type\": 4, \"id\": \"4-KKUWC509\"}, \"quantity\": 1}": "consumed",
    "{\"py/object\": \"items.ItemReq\", \"item\": {\"py/object\": \"items.Item\", \"type\": 1, \"id\": \"1-HRPNS999\"}, \"quantity\": 1}": "in-transit",
    "{\"py/object\": \"items.ItemReq\", \"item\": {\"py/object\": \"items.Item\", \"type\": 4, \"id\": \"4-FTNJU594\"}, \"quantity\": 1}": "consumed",
    "{\"py/object\": \"items.ItemReq\", \"item\": {\"py/object\": \"items.Item\", \"type\": 1, \"id\": \"1-BSBYB615\"}, \"quantity\": 1}": "in-transit",
    "{\"py/object\": \"items.ItemReq\", \"item\": {\"py/object\": \"items.Item\", \"type\": 4, \"id\": \"4-BHCIU104\"}, \"quantity\": 1}": "consumed",
    "{\"py/object\": \"items.ItemReq\", \"item\": {\"py/object\": \"items.Item\", \"type\": 1, \"id\": \"1-KMXMV951\"}, \"quantity\": 1}": "in-transit",
    "{\"py/object\": \"items.ItemReq\", \"item\": {\"py/object\": \"items.Item\", \"type\": 4, \"id\": \"4-OZEHH420\"}, \"quantity\": 1}": "consumed",
    "{\"py/object\": \"items.ItemReq\", \"item\": {\"py/object\": \"items.Item\", \"type\": 1, \"id\": \"1-ZRCRY008\"}, \"quantity\": 1}": "in-transit",
    "{\"py/object\": \"items.ItemReq\", \"item\": {\"py/object\": \"items.Item\", \"type\": 4, \"id\": \"4-GNLKW042\"}, \"quantity\": 1}": "consumed",
    "{\"py/object\": \"items.ItemReq\", \"item\": {\"py/object\": \"items.Item\", \"type\": 1, \"id\": \"1-VYXTF618\"}, \"quantity\": 1}": "in-transit",
    "{\"py/object\": \"items.ItemReq\", \"item\": {\"py/object\": \"items.Item\", \"type\": 4, \"id\": \"4-IUUXV008\"}, \"quantity\": 1}": "consumed",
    "{\"py/object\": \"items.ItemReq\", \"item\": {\"py/object\": \"items.Item\", \"type\": 1, \"id\": \"1-QNTIT062\"}, \"quantity\": 1}": "in-transit",
    "{\"py/object\": \"items.ItemReq\", \"item\": {\"py/object\": \"items.Item\", \"type\": 4, \"id\": \"4-BTVTB146\"}, \"quantity\": 1}": "consumed",
    "{\"py/object\": \"items.ItemReq\", \"item\": {\"py/object\": \"items.Item\", \"type\": 1, \"id\": \"1-QUAEX226\"}, \"quantity\": 1}": "in-transit",
    "{\"py/object\": \"items.ItemReq\", \"item\": {\"py/object\": \"items.Item\", \"type\": 4, \"id\": \"4-TFSEI600\"}, \"quantity\": 1}": "consumed",
    "{\"py/object\": \"items.ItemReq\", \"item\": {\"py/object\": \"items.Item\", \"type\": 1, \"id\": \"1-AXGZL851\"}, \"quantity\": 1}": "in-transit",
    "{\"py/object\": \"items.ItemReq\", \"item\": {\"py/object\": \"items.Item\", \"type\": 4, \"id\": \"4-TLHKF555\"}, \"quantity\": 1}": "consumed",
    "{\"py/object\": \"items.ItemReq\", \"item\": {\"py/object\": \"items.Item\", \"type\": 1, \"id\": \"1-EOSGY284\"}, \"quantity\": 1}": "in-transit",
    "{\"py/object\": \"items.ItemReq\", \"item\": {\"py/object\": \"items.Item\", \"type\": 4, \"id\": \"4-PNUOT742\"}, \"quantity\": 1}": "consumed",
    "{\"py/object\": \"items.ItemReq\", \"item\": {\"py/object\": \"items.Item\", \"type\": 1, \"id\": \"1-FDLKP926\"}, \"quantity\": 1}": "in-transit",
    "{\"py/object\": \"items.ItemReq\", \"item\": {\"py/object\": \"items.Item\", \"type\": 4, \"id\": \"4-LZNEI634\"}, \"quantity\": 1}": "consumed",
    "{\"py/object\": \"items.ItemReq\", \"item\": {\"py/object\": \"items.Item\", \"type\": 1, \"id\": \"1-SOPTG019\"}, \"quantity\": 1}": "in-transit",
    "{\"py/object\": \"items.ItemReq\", \"item\": {\"py/object\": \"items.Item\", \"type\": 4, \"id\": \"4-SELXY997\"}, \"quantity\": 1}": "consumed",
    "{\"py/object\": \"items.ItemReq\", \"item\": {\"py/object\": \"items.Item\", \"type\": 1, \"id\": \"1-CWZDP497\"}, \"quantity\": 1}": "in-transit",
    "{\"py/object\": \"items.ItemReq\", \"item\": {\"py/object\": \"items.Item\", \"type\": 4, \"id\": \"4-DSXTZ669\"}, \"quantity\": 1}": "consumed",
    "{\"py/object\": \"items.ItemReq\", \"item\": {\"py/object\": \"items.Item\", \"type\": 1, \"id\": \"1-JDKQO179\"}, \"quantity\": 1}": "in-transit",
    "{\"py/object\": \"items.ItemReq\", \"item\": {\"py/object\": \"items.Item\", \"type\": 4, \"id\": \"4-VYDSY480\"}, \"quantity\": 1}": "consumed",
    "{\"py/object\": \"items.ItemReq\", \"item\": {\"py/object\": \"items.Item\", \"type\": 1, \"id\": \"1-DHGVG137\"}, \"quantity\": 1}": "in-transit",
    "{\"py/object\": \"items.ItemReq\", \"item\": {\"py/object\": \"items.Item\", \"type\": 4, \"id\": \"4-EALSA286\"}, \"quantity\": 1}": "consumed",
    "{\"py/object\": \"items.ItemReq\", \"item\": {\"py/object\": \"items.Item\", \"type\": 1, \"id\": \"1-FOJPF671\"}, \"quantity\": 1}": "in-transit",
    "{\"py/object\": \"items.ItemReq\", \"item\": {\"py/object\": \"items.Item\", \"type\": 4, \"id\": \"4-ZXIWC819\"}, \"quantity\": 1}": "consumed",
    "{\"py/object\": \"items.ItemReq\", \"item\": {\"py/object\": \"items.Item\", \"type\": 1, \"id\": \"1-KIKGM081\"}, \"quantity\": 1}": "in-transit",
    "{\"py/object\": \"items.ItemReq\", \"item\": {\"py/object\": \"items.Item\", \"type\": 4, \"id\": \"4-AFSCF328\"}, \"quantity\": 1}": "consumed",
    "{\"py/object\": \"items.ItemReq\", \"item\": {\"py/object\": \"items.Item\", \"type\": 1, \"id\": \"1-DYHAO612\"}, \"quantity\": 1}": "in-transit",
    "{\"py/object\": \"items.ItemReq\", \"item\": {\"py/object\": \"items.Item\", \"type\": 4, \"id\": \"4-HHPBZ187\"}, \"quantity\": 1}": "consumed",
    "{\"py/object\": \"items.ItemReq\", \"item\": {\"py/object\": \"items.Item\", \"type\": 4, \"id\": \"4-SHALE334\"}, \"quantity\": 1}": "consumed",
    "{\"py/object\": \"items.ItemReq\", \"item\": {\"py/object\": \"items.Item\", \"type\": 1, \"id\": \"1-PBCBG859\"}, \"quantity\": 1}": "in-transit",
    "{\"py/object\": \"items.ItemReq\", \"item\": {\"py/object\": \"items.Item\", \"type\": 1, \"id\": \"1-WZBHF060\"}, \"quantity\": 1}": "in-transit",
    "{\"py/object\": \"items.ItemReq\", \"item\": {\"py/object\": \"items.Item\", \"type\": 4, \"id\": \"4-ZCAOF989\"}, \"quantity\": 1}": "consumed",
    "{\"py/object\": \"items.ItemReq\", \"item\": {\"py/object\": \"items.Item\", \"type\": 1, \"id\": \"1-DARWD245\"}, \"quantity\": 1}": "in-transit",
    "{\"py/object\": \"items.ItemReq\", \"item\": {\"py/object\": \"items.Item\", \"type\": 4, \"id\": \"4-NNBNZ110\"}, \"quantity\": 1}": "consumed",
    "{\"py/object\": \"items.ItemReq\", \"item\": {\"py/object\": \"items.Item\", \"type\": 1, \"id\": \"1-EALJO888\"}, \"quantity\": 1}": "in-transit",
    "{\"py/object\": \"items.ItemReq\", \"item\": {\"py/object\": \"items.Item\", \"type\": 4, \"id\": \"4-ULWDO063\"}, \"quantity\": 1}": "consumed",
    "{\"py/object\": \"items.ItemReq\", \"item\": {\"py/object\": \"items.Item\", \"type\": 1, \"id\": \"1-CBYES394\"}, \"quantity\": 1}": "in-transit",
    "{\"py/object\": \"items.ItemReq\", \"item\": {\"py/object\": \"items.Item\", \"type\": 4, \"id\": \"4-QLJSI492\"}, \"quantity\": 1}": "consumed",
    "{\"py/object\": \"items.ItemReq\", \"item\": {\"py/object\": \"items.Item\", \"type\": 1, \"id\": \"1-QBLIF530\"}, \"quantity\": 1}": "in-transit",
    "{\"py/object\": \"items.ItemReq\", \"item\": {\"py/object\": \"items.Item\", \"type\": 4, \"id\": \"4-MPFII736\"}, \"quantity\": 1}": "consumed",
    "{\"py/object\": \"items.ItemReq\", \"item\": {\"py/object\": \"items.Item\", \"type\": 1, \"id\": \"1-WSXOG280\"}, \"quantity\": 1}": "in-transit",
    "{\"py/object\": \"items.ItemReq\", \"item\": {\"py/object\": \"items.Item\", \"type\": 4, \"id\": \"4-SEYJG282\"}, \"quantity\": 1}": "consumed",
    "{\"py/object\": \"items.ItemReq\", \"item\": {\"py/object\": \"items.Item\", \"type\": 1, \"id\": \"1-ITDPO616\"}, \"quantity\": 1}": "in-transit",
    "{\"py/object\": \"items.ItemReq\", \"item\": {\"py/object\": \"items.Item\", \"type\": 4, \"id\": \"4-EECDU924\"}, \"quantity\": 1}": "consumed",
    "{\"py/object\": \"items.ItemReq\", \"item\": {\"py/object\": \"items.Item\", \"type\": 4, \"id\": \"4-BBOPG042\"}, \"quantity\": 1}": "consumed",
    "{\"py/object\": \"items.ItemReq\", \"item\": {\"py/object\": \"items.Item\", \"type\": 1, \"id\": \"1-EUIDK122\"}, \"quantity\": 1}": "in-transit",
    "{\"py/object\": \"items.ItemReq\", \"item\": {\"py/object\": \"items.Item\", \"type\": 1, \"id\": \"1-PLIMO515\"}, \"quantity\": 1}": "in-transit",
    "{\"py/object\": \"items.ItemReq\", \"item\": {\"py/object\": \"items.Item\", \"type\": 4, \"id\": \"4-UIIDE959\"}, \"quantity\": 1}": "consumed",
    "{\"py/object\": \"items.ItemReq\", \"item\": {\"py/object\": \"items.Item\", \"type\": 1, \"id\": \"1-VEDTV735\"}, \"quantity\": 1}": "in-transit",
    "{\"py/object\": \"items.ItemReq\", \"item\": {\"py/object\": \"items.Item\", \"type\": 4, \"id\": \"4-JFOMX954\"}, \"quantity\": 1}": "consumed",
    "{\"py/object\": \"items.ItemReq\", \"item\": {\"py/object\": \"items.Item\", \"type\": 1, \"id\": \"1-IDYAR984\"}, \"quantity\": 1}": "in-transit",
    "{\"py/object\": \"items.ItemReq\", \"item\": {\"py/object\": \"items.Item\", \"type\": 4, \"id\": \"4-ALLJF881\"}, \"quantity\": 1}": "consumed",
    "{\"py/object\": \"items.ItemReq\", \"item\": {\"py/object\": \"items.Item\", \"type\": 1, \"id\": \"1-OSWJK601\"}, \"quantity\": 1}": "in-transit",
    "{\"py/object\": \"items.ItemReq\", \"item\": {\"py/object\": \"items.Item\", \"type\": 4, \"id\": \"4-PIROJ887\"}, \"quantity\": 1}": "consumed",
    "{\"py/object\": \"items.ItemReq\", \"item\": {\"py/object\": \"items.Item\", \"type\": 1, \"id\": \"1-FUCOA034\"}, \"quantity\": 1}": "in-transit",
    "{\"py/object\": \"items.ItemReq\", \"item\": {\"py/object\": \"items.Item\", \"type\": 4, \"id\": \"4-NDVHK939\"}, \"quantity\": 1}": "consumed",
    "{\"py/object\": \"items.ItemReq\", \"item\": {\"py/object\": \"items.Item\", \"type\": 1, \"id\": \"1-XMZSH945\"}, \"quantity\": 1}": "in-transit",
    "{\"py/object\": \"items.ItemReq\", \"item\": {\"py/object\": \"items.Item\", \"type\": 4, \"id\": \"4-QWGEO124\"}, \"quantity\": 1}": "consumed",
    "{\"py/object\": \"items.ItemReq\", \"item\": {\"py/object\": \"items.Item\", \"type\": 1, \"id\": \"1-ENIVN738\"}, \"quantity\": 1}": "in-transit",
    "{\"py/object\": \"items.ItemReq\", \"item\": {\"py/object\": \"items.Item\", \"type\": 4, \"id\": \"4-UOZBH627\"}, \"quantity\": 1}": "consumed",
    "{\"py/object\": \"items.ItemReq\", \"item\": {\"py/object\": \"items.Item\", \"type\": 1, \"id\": \"1-XABQH763\"}, \"quantity\": 1}": "in-transit",
    "{\"py/object\": \"items.ItemReq\", \"item\": {\"py/object\": \"items.Item\", \"type\": 4, \"id\": \"4-ETRUL852\"}, \"quantity\": 1}": "consumed",
    "{\"py/object\": \"items.ItemReq\", \"item\": {\"py/object\": \"items.Item\", \"type\": 4, \"id\": \"4-VMDND635\"}, \"quantity\": 1}": "consumed",
    "{\"py/object\": \"items.ItemReq\", \"item\": {\"py/object\": \"items.Item\", \"type\": 1, \"id\": \"1-RUNJL885\"}, \"quantity\": 1}": "in-transit",
    "{\"py/object\": \"items.ItemReq\", \"item\": {\"py/object\": \"items.Item\", \"type\": 1, \"id\": \"1-TIOWV089\"}, \"quantity\": 1}": "in-transit",
    "{\"py/object\": \"items.ItemReq\", \"item\": {\"py/object\": \"items.Item\", \"type\": 4, \"id\": \"4-ESYJG184\"}, \"quantity\": 1}": "consumed",
    "{\"py/object\": \"items.ItemReq\", \"item\": {\"py/object\": \"items.Item\", \"type\": 1, \"id\": \"1-CIQDD157\"}, \"quantity\": 1}": "in-transit",
    "{\"py/object\": \"items.ItemReq\", \"item\": {\"py/object\": \"items.Item\", \"type\": 4, \"id\": \"4-ICWPO806\"}, \"quantity\": 1}": "consumed",
    "{\"py/object\": \"items.ItemReq\", \"item\": {\"py/object\": \"items.Item\", \"type\": 1, \"id\": \"1-MDVEX754\"}, \"quantity\": 1}": "in-transit",
    "{\"py/object\": \"items.ItemReq\", \"item\": {\"py/object\": \"items.Item\", \"type\": 4, \"id\": \"4-JWLBI310\"}, \"quantity\": 1}": "consumed",
    "{\"py/object\": \"items.ItemReq\", \"item\": {\"py/object\": \"items.Item\", \"type\": 1, \"id\": \"1-DJBMF612\"}, \"quantity\": 1}": "in-transit",
    "{\"py/object\": \"items.ItemReq\", \"item\": {\"py/object\": \"items.Item\", \"type\": 4, \"id\": \"4-QYMNH756\"}, \"quantity\": 1}": "consumed",
    "{\"py/object\": \"items.ItemReq\", \"item\": {\"py/object\": \"items.Item\", \"type\": 1, \"id\": \"1-BCGJA802\"}, \"quantity\": 1}": "in-transit",
    "{\"py/object\": \"items.ItemReq\", \"item\": {\"py/object\": \"items.Item\", \"type\": 4, \"id\": \"4-MEMWS429\"}, \"quantity\": 1}": "consumed",
    "{\"py/object\": \"items.ItemReq\", \"item\": {\"py/object\": \"items.Item\", \"type\": 1, \"id\": \"1-KJWNC511\"}, \"quantity\": 1}": "in-transit",
    "{\"py/object\": \"items.ItemReq\", \"item\": {\"py/object\": \"items.Item\", \"type\": 4, \"id\": \"4-NAQZX839\"}, \"quantity\": 1}": "consumed",
    "{\"py/object\": \"items.ItemReq\", \"item\": {\"py/object\": \"items.Item\", \"type\": 1, \"id\": \"1-EVOAP980\"}, \"quantity\": 1}": "in-transit",
    "{\"py/object\": \"items.ItemReq\", \"item\": {\"py/object\": \"items.Item\", \"type\": 4, \"id\": \"4-TYWGU909\"}, \"quantity\": 1}": "consumed",
    "{\"py/object\": \"items.ItemReq\", \"item\": {\"py/object\": \"items.Item\", \"type\": 1, \"id\": \"1-PFATN718\"}, \"quantity\": 1}": "in-transit",
    "{\"py/object\": \"items.ItemReq\", \"item\": {\"py/object\": \"items.Item\", \"type\": 4, \"id\": \"4-YVRZI297\"}, \"quantity\": 1}": "consumed",
    "{\"py/object\": \"items.ItemReq\", \"item\": {\"py/object\": \"items.Item\", \"type\": 1, \"id\": \"1-CADMD371\"}, \"quantity\": 1}": "in-transit",
    "{\"py/object\": \"items.ItemReq\", \"item\": {\"py/object\": \"items.Item\", \"type\": 4, \"id\": \"4-XYQQK971\"}, \"quantity\": 1}": "consumed",
    "{\"py/object\": \"items.ItemReq\", \"item\": {\"py/object\": \"items.Item\", \"type\": 1, \"id\": \"1-LXQTR650\"}, \"quantity\": 1}": "in-transit",
    "{\"py/object\": \"items.ItemReq\", \"item\": {\"py/object\": \"items.Item\", \"type\": 4, \"id\": \"4-DWYLG803\"}, \"quantity\": 1}": "consumed",
    "{\"py/object\": \"items.ItemReq\", \"item\": {\"py/object\": \"items.Item\", \"type\": 1, \"id\": \"1-KTFRG165\"}, \"quantity\": 1}": "in-transit",
    "{\"py/object\": \"items.ItemReq\", \"item\": {\"py/object\": \"items.Item\", \"type\": 4, \"id\": \"4-CSEHH295\"}, \"quantity\": 1}": "consumed",
    "{\"py/object\": \"items.ItemReq\", \"item\": {\"py/object\": \"items.Item\", \"type\": 1, \"id\": \"1-RLYQI810\"}, \"quantity\": 1}": "in-transit",
    "{\"py/object\": \"items.ItemReq\", \"item\": {\"py/object\": \"items.Item\", \"type\": 4, \"id\": \"4-RDUDB081\"}, \"quantity\": 1}": "consumed",
    "{\"py/object\": \"items.ItemReq\", \"item\": {\"py/object\": \"items.Item\", \"type\": 1, \"id\": \"1-OYTBP672\"}, \"quantity\": 1}": "in-transit",
    "{\"py/object\": \"items.ItemReq\", \"item\": {\"py/object\": \"items.Item\", \"type\": 4, \"id\": \"4-NJVBJ102\"}, \"quantity\": 1}": "consumed",
    "{\"py/object\": \"items.ItemReq\", \"item\": {\"py/object\": \"items.Item\", \"type\": 1, \"id\": \"1-KYJIQ899\"}, \"quantity\": 1}": "in-transit",
    "{\"py/object\": \"items.ItemReq\", \"item\": {\"py/object\": \"items.Item\", \"type\": 4, \"id\": \"4-ZFMPC858\"}, \"quantity\": 1}": "consumed",
    "{\"py/object\": \"items.ItemReq\", \"item\": {\"py/object\": \"items.Item\", \"type\": 1, \"id\": \"1-SLDGI027\"}, \"quantity\": 1}": "in-transit",
    "{\"py/object\": \"items.ItemReq\", \"item\": {\"py/object\": \"items.Item\", \"type\": 4, \"id\": \"4-JRAPP398\"}, \"quantity\": 1}": "consumed",
    "{\"py/object\": \"items.ItemReq\", \"item\": {\"py/object\": \"items.Item\", \"type\": 1, \"id\": \"1-DPGYQ566\"}, \"quantity\": 1}": "in-transit",
    "{\"py/object\": \"items.ItemReq\", \"item\": {\"py/object\": \"items.Item\", \"type\": 4, \"id\": \"4-QUZTZ071\"}, \"quantity\": 1}": "consumed",
    "{\"py/object\": \"items.ItemReq\", \"item\": {\"py/object\": \"items.Item\", \"type\": 1, \"id\": \"1-AAJEL125\"}, \"quantity\": 1}": "in-transit",
    "{\"py/object\": \"items.ItemReq\", \"item\": {\"py/object\": \"items.Item\", \"type\": 4, \"id\": \"4-XGMJN868\"}, \"quantity\": 1}": "consumed",
    "{\"py/object\": \"items.ItemReq\", \"item\": {\"py/object\": \"items.Item\", \"type\": 1, \"id\": \"1-AWFOV229\"}, \"quantity\": 1}": "in-transit",
    "{\"py/object\": \"items.ItemReq\", \"item\": {\"py/object\": \"items.Item\", \"type\": 4, \"id\": \"4-ZIRRN995\"}, \"quantity\": 1}": "consumed",
    "{\"py/object\": \"items.ItemReq\", \"item\": {\"py/object\": \"items.Item\", \"type\": 1, \"id\": \"1-LSLQC895\"}, \"quantity\": 1}": "in-transit",
    "{\"py/object\": \"items.ItemReq\", \"item\": {\"py/object\": \"items.Item\", \"type\": 4, \"id\": \"4-MKCIJ760\"}, \"quantity\": 1}": "consumed",
    "{\"py/object\": \"items.ItemReq\", \"item\": {\"py/object\": \"items.Item\", \"type\": 1, \"id\": \"1-IUVAP953\"}, \"quantity\": 1}": "in-transit",
    "{\"py/object\": \"items.ItemReq\", \"item\": {\"py/object\": \"items.Item\", \"type\": 4, \"id\": \"4-POIWO925\"}, \"quantity\": 1}": "consumed",
    "{\"py/object\": \"items.ItemReq\", \"item\": {\"py/object\": \"items.Item\", \"type\": 1, \"id\": \"1-JURHH674\"}, \"quantity\": 1}": "in-transit"
}