{
    "{\"py/object\": \"items.ItemReq\", \"item\": {\"py/object\": \"items.Item\", \"type\": 4, \"id\": \"4-OKWYK224\"}, \"quantity\": 1}": "consumed",
    "{\"py/object\": \"items.ItemReq\", \"item\": {\"py/object\": \"items.Item\", \"type\": 3, \"id\": \"3-YXGEH731\"}, \"quantity\": 1}": "consumed",
    "{\"py/object\": \"items.ItemReq\", \"item\": {\"py/object\": \"items.Item\", \"type\": 1, \"id\": \"1-EGQHS248\"}, \"quantity\": 1}": "consumed",
    "{\"py/object\": \"items.ItemReq\", \"item\": {\"py/object\": \"items.Item\", \"type\": 6, \"id\": \"6-NXZKW473\"}, \"quantity\": 1}": "consumed",
    "{\"py/object\": \"items.ItemReq\", \"item\": {\"py/object\": \"items.Item\", \"type\": 5, \"id\": \"5-ZPHMT163\"}, \"quantity\": 1}": "in-transit",
    "{\"py/object\": \"items.ItemReq\", \"item\": {\"py/object\": \"items.Item\", \"type\": 3, \"id\": \"3-VNEII132\"}, \"quantity\": 1}": "consumed",
    "{\"py/object\": \"items.ItemReq\", \"item\": {\"py/object\": \"items.Item\", \"type\": 3, \"id\": \"3-IODOA711\"}, \"quantity\": 1}": "consumed",
    "{\"py/object\": \"items.ItemReq\", \"item\": {\"py/object\": \"items.Item\", \"type\": 6, \"id\": \"6-UOFSN193\"}, \"quantity\": 1}": "consumed",
    "{\"py/object\": \"items.ItemReq\", \"item\": {\"py/object\": \"items.Item\", \"type\": 6, \"id\": \"6-NKICF230\"}, \"quantity\": 1}": "consumed",
    "{\"py/object\": \"items.ItemReq\", \"item\": {\"py/object\": \"items.Item\", \"type\": 4, \"id\": \"4-XPAZP259\"}, \"quantity\": 1}": "consumed",
    "{\"py/object\": \"items.ItemReq\", \"item\": {\"py/object\": \"items.Item\", \"type\": 1, \"id\": \"1-BPYAN611\"}, \"quantity\": 1}": "consumed",
    "{\"py/object\": \"items.ItemReq\", \"item\": {\"py/object\": \"items.Item\", \"type\": 4, \"id\": \"4-RGMVN203\"}, \"quantity\": 1}": "consumed",
    "{\"py/object\": \"items.ItemReq\", \"item\": {\"py/object\": \"items.Item\", \"type\": 5, \"id\": \"5-UXPSC680\"}, \"quantity\": 1}": "in-transit",
    "{\"py/object\": \"items.ItemReq\", \"item\": {\"py/object\": \"items.Item\", \"type\": 4, \"id\": \"4-NLZBT416\"}, \"quantity\": 1}": "consumed",
    "{\"py/object\": \"items.ItemReq\", \"item\": {\"py/object\": \"items.Item\", \"type\": 1, \"id\": \"1-DUYZK829\"}, \"quantity\": 1}": "consumed",
    "{\"py/object\": \"items.ItemReq\", \"item\": {\"py/object\": \"items.Item\", \"type\": 5, \"id\": \"5-URDFY044\"}, \"quantity\": 1}": "in-transit",
    "{\"py/object\": \"items.ItemReq\", \"item\": {\"py/object\": \"items.Item\", \"type\": 6, \"id\": \"6-SBBRC206\"}, \"quantity\": 1}": "consumed",
    "{\"py/object\": \"items.ItemReq\", \"item\": {\"py/object\": \"items.Item\", \"type\": 6, \"id\": \"6-JTEYM279\"}, \"quantity\": 1}": "consumed",
    "{\"py/object\": \"items.ItemReq\", \"item\": {\"py/object\": \"items.Item\", \"type\": 3, \"id\": \"3-HIWIP268\"}, \"quantity\": 1}": "consumed",
    "{\"py/object\": \"items.ItemReq\", \"item\": {\"py/object\": \"items.Item\", \"type\": 1, \"id\": \"1-NEMRL040\"}, \"quantity\": 1}": "consumed",
    "{\"py/object\": \"items.ItemReq\", \"item\": {\"py/object\": \"items.Item\", \"type\": 3, \"id\": \"3-TMMZM753\"}, \"quantity\": 1}": "consumed",
    "{\"py/object\": \"items.ItemReq\", \"item\": {\"py/object\": \"items.Item\", \"type\": 5, \"id\": \"5-TWAFV066\"}, \"quantity\": 1}": "in-transit",
    "{\"py/object\": \"items.ItemReq\", \"item\": {\"py/object\": \"items.Item\", \"type\": 4, \"id\": \"4-TVSTY781\"}, \"quantity\": 1}": "consumed",
    "{\"py/object\": \"items.ItemReq\", \"item\": {\"py/object\": \"items.Item\", \"type\": 1, \"id\": \"1-ROMSY717\"}, \"quantity\": 1}": "consumed",
    "{\"py/object\": \"items.ItemReq\", \"item\": {\"py/object\": \"items.Item\", \"type\": 5, \"id\": \"5-GFNET005\"}, \"quantity\": 1}": "in-transit",
    "{\"py/object\": \"items.ItemReq\", \"item\": {\"py/object\": \"items.Item\", \"type\": 1, \"id\": \"1-PIBRE546\"}, \"quantity\": 1}": "consumed",
    "{\"py/object\": \"items.ItemReq\", \"item\": {\"py/object\": \"items.Item\", \"type\": 3, \"id\": \"3-ROPYG145\"}, \"quantity\": 1}": "consumed",
    "{\"py/object\": \"items.ItemReq\", \"item\": {\"py/object\": \"items.Item\", \"type\": 3, \"id\": \"3-RKLWZ038\"}, \"quantity\": 1}": "consumed",
    "{\"py/object\": \"items.ItemReq\", \"item\": {\"py/object\": \"items.Item\", \"type\": 4, \"id\": \"4-ZXZZV437\"}, \"quantity\": 1}": "consumed",
    "{\"py/object\": \"items.ItemReq\", \"item\": {\"py/object\": \"items.Item\", \"type\": 3, \"id\": \"3-RPORV323\"}, \"quantity\": 1}": "in-queue",
    "{\"py/object\": \"items.ItemReq\", \"item\": {\"py/object\": \"items.Item\", \"type\": 4, \"id\": \"4-UZJZP159\"}, \"quantity\": 1}": "consumed",
    "{\"py/object\": \"items.ItemReq\", \"item\": {\"py/object\": \"items.Item\", \"type\": 6, \"id\": \"6-HYKDZ516\"}, \"quantity\": 1}": "consumed",
    "{\"py/object\": \"items.ItemReq\", \"item\": {\"py/object\": \"items.Item\", \"type\": 5, \"id\": \"5-ZYADU620\"}, \"quantity\": 1}": "in-transit",
    "{\"py/object\": \"items.ItemReq\", \"item\": {\"py/object\": \"items.Item\", \"type\": 1, \"id\": \"1-QCNHX761\"}, \"quantity\": 1}": "consumed",
    "{\"py/object\": \"items.ItemReq\", \"item\": {\"py/object\": \"items.Item\", \"type\": 6, \"id\": \"6-TDVKE346\"}, \"quantity\": 1}": "consumed",
    "{\"py/object\": \"items.ItemReq\", \"item\": {\"py/object\": \"items.Item\", \"type\": 4, \"id\": \"4-BMXAQ803\"}, \"quantity\": 1}": "in-queue",
    "{\"py/object\": \"items.ItemReq\", \"item\": {\"py/object\": \"items.Item\", \"type\": 6, \"id\": \"6-LRRWF795\"}, \"quantity\": 1}": "in-queue"
}