{
    "flow": {
        "py/object": "cluster.ClusterWideFlow",
        "nodes": [
            {
                "py/object": "nodes.SingleItemNode",
                "node_id": 0,
                "state": {
                    "py/reduce": [
                        {
                            "py/type": "nodes.NodeState"
                        },
                        {
                            "py/tuple": [
                                1
                            ]
                        }
                    ]
                },
                "dependency": {
                    "py/object": "items.ItemDependency",
                    "result_item_req": {
                        "py/object": "items.ItemReq",
                        "item": {
                            "py/object": "items.Item",
                            "type": 0,
                            "id": null
                        },
                        "quantity": 1
                    },
                    "input_item_reqs": []
                }
            },
            {
                "py/object": "nodes.SingleItemNode",
                "node_id": 2,
                "state": {
                    "py/id": 3
                },
                "dependency": {
                    "py/object": "items.ItemDependency",
                    "result_item_req": {
                        "py/object": "items.ItemReq",
                        "item": {
                            "py/object": "items.Item",
                            "type": 1,
                            "id": null
                        },
                        "quantity": 1
                    },
                    "input_item_reqs": [
                        {
                            "py/object": "items.ItemReq",
                            "item": {
                                "py/object": "items.Item",
                                "type": 4,
                                "id": null
                            },
                            "quantity": 1
                        }
                    ]
                }
            },
            {
                "py/object": "nodes.SingleItemNode",
                "node_id": 5,
                "state": {
                    "py/id": 3
                },
                "dependency": {
                    "py/object": "items.ItemDependency",
                    "result_item_req": {
                        "py/object": "items.ItemReq",
                        "item": {
                            "py/object": "items.Item",
                            "type": 3,
                            "id": null
                        },
                        "quantity": 1
                    },
                    "input_item_reqs": [
                        {
                            "py/object": "items.ItemReq",
                            "item": {
                                "py/object": "items.Item",
                                "type": 4,
                                "id": null
                            },
                            "quantity": 1
                        }
                    ]
                }
            },
            {
                "py/object": "nodes.SingleItemNode",
                "node_id": 6,
                "state": {
                    "py/id": 3
                },
                "dependency": {
                    "py/object": "items.ItemDependency",
                    "result_item_req": {
                        "py/object": "items.ItemReq",
                        "item": {
                            "py/object": "items.Item",
                            "type": 3,
                            "id": null
                        },
                        "quantity": 1
                    },
                    "input_item_reqs": [
                        {
                            "py/object": "items.ItemReq",
                            "item": {
                                "py/object": "items.Item",
                                "type": 4,
                                "id": null
                            },
                            "quantity": 1
                        }
                    ]
                }
            },
            {
                "py/object": "nodes.SingleItemNode",
                "node_id": 7,
                "state": {
                    "py/id": 3
                },
                "dependency": {
                    "py/object": "items.ItemDependency",
                    "result_item_req": {
                        "py/object": "items.ItemReq",
                        "item": {
                            "py/object": "items.Item",
                            "type": 4,
                            "id": null
                        },
                        "quantity": 1
                    },
                    "input_item_reqs": [
                        {
                            "py/object": "items.ItemReq",
                            "item": {
                                "py/object": "items.Item",
                                "type": 0,
                                "id": null
                            },
                            "quantity": 1
                        }
                    ]
                }
            },
            {
                "py/object": "nodes.SingleItemNode",
                "node_id": 8,
                "state": {
                    "py/id": 3
                },
                "dependency": {
                    "py/object": "items.ItemDependency",
                    "result_item_req": {
                        "py/object": "items.ItemReq",
                        "item": {
                            "py/object": "items.Item",
                            "type": 4,
                            "id": null
                        },
                        "quantity": 1
                    },
                    "input_item_reqs": [
                        {
                            "py/object": "items.ItemReq",
                            "item": {
                                "py/object": "items.Item",
                                "type": 0,
                                "id": null
                            },
                            "quantity": 1
                        }
                    ]
                }
            },
            {
                "py/object": "nodes.SingleItemNode",
                "node_id": 9,
                "state": {
                    "py/id": 3
                },
                "dependency": {
                    "py/object": "items.ItemDependency",
                    "result_item_req": {
                        "py/object": "items.ItemReq",
                        "item": {
                            "py/object": "items.Item",
                            "type": 5,
                            "id": null
                        },
                        "quantity": 1
                    },
                    "input_item_reqs": [
                        {
                            "py/object": "items.ItemReq",
                            "item": {
                                "py/object": "items.Item",
                                "type": 1,
                                "id": null
                            },
                            "quantity": 1
                        },
                        {
                            "py/object": "items.ItemReq",
                            "item": {
                                "py/object": "items.Item",
                                "type": 3,
                                "id": null
                            },
                            "quantity": 1
                        },
                        {
                            "py/object": "items.ItemReq",
                            "item": {
                                "py/object": "items.Item",
                                "type": 4,
                                "id": null
                            },
                            "quantity": 1
                        },
                        {
                            "py/object": "items.ItemReq",
                            "item": {
                                "py/object": "items.Item",
                                "type": 6,
                                "id": null
                            },
                            "quantity": 1
                        }
                    ]
                }
            },
            {
                "py/object": "nodes.SingleItemNode",
                "node_id": 10,
                "state": {
                    "py/id": 3
                },
                "dependency": {
                    "py/object": "items.ItemDependency",
                    "result_item_req": {
                        "py/object": "items.ItemReq",
                        "item": {
                            "py/object": "items.Item",
                            "type": 5,
                            "id": null
                        },
                        "quantity": 1
                    },
                    "input_item_reqs": [
                        {
                            "py/object": "items.ItemReq",
                            "item": {
                                "py/object": "items.Item",
                                "type": 1,
                                "id": null
                            },
                            "quantity": 1
                        },
                        {
                            "py/object": "items.ItemReq",
                            "item": {
                                "py/object": "items.Item",
                                "type": 3,
                                "id": null
                            },
                            "quantity": 1
                        },
                        {
                            "py/object": "items.ItemReq",
                            "item": {
                                "py/object": "items.Item",
                                "type": 4,
                                "id": null
                            },
                            "quantity": 1
                        },
                        {
                            "py/object": "items.ItemReq",
                            "item": {
                                "py/object": "items.Item",
                                "type": 6,
                                "id": null
                            },
                            "quantity": 1
                        }
                    ]
                }
            },
            {
                "py/object": "nodes.SingleItemNode",
                "node_id": 12,
                "state": {
                    "py/id": 3
                },
                "dependency": {
                    "py/object": "items.ItemDependency",
                    "result_item_req": {
                        "py/object": "items.ItemReq",
                        "item": {
                            "py/object": "items.Item",
                            "type": 6,
                            "id": null
                        },
                        "quantity": 1
                    },
                    "input_item_reqs": [
                        {
                            "py/object": "items.ItemReq",
                            "item": {
                                "py/object": "items.Item",
                                "type": 1,
                                "id": null
                            },
                            "quantity": 1
                        }
                    ]
                }
            },
            {
                "py/object": "nodes.SingleItemNode",
                "node_id": 13,
                "state": {
                    "py/id": 3
                },
                "dependency": {
                    "py/object": "items.ItemDependency",
                    "result_item_req": {
                        "py/object": "items.ItemReq",
                        "item": {
                            "py/object": "items.Item",
                            "type": 7,
                            "id": null
                        },
                        "quantity": 1
                    },
                    "input_item_reqs": [
                        {
                            "py/object": "items.ItemReq",
                            "item": {
                                "py/object": "items.Item",
                                "type": 2,
                                "id": null
                            },
                            "quantity": 1
                        }
                    ]
                }
            }
        ],
        "node_ids": [
            0,
            2,
            5,
            6,
            7,
            8,
            9,
            10,
            12,
            13
        ],
        "outgoing_flows": {
            "0": [],
            "2": [],
            "5": [],
            "6": [],
            "7": [],
            "8": [],
            "9": [],
            "10": [],
            "12": [],
            "13": []
        },
        "incoming_flows": {
            "0": [],
            "2": [],
            "5": [],
            "6": [],
            "7": [],
            "8": [],
            "9": [],
            "10": [],
            "12": [],
            "13": []
        }
    }
}